[0.690s] DEBUG:colcon:Command line arguments: ['/usr/bin/colcon', 'build']
[0.691s] DEBUG:colcon:Parsed command line arguments: Namespace(ament_cmake_args=None, base_paths=['.'], build_base='build', catkin_cmake_args=None, catkin_skip_building_tests=False, cmake_args=None, cmake_clean_cache=False, cmake_clean_first=False, cmake_force_configure=False, cmake_target=None, cmake_target_skip_unavailable=False, continue_on_error=False, event_handlers=None, executor='parallel', ignore_user_meta=False, install_base='install', log_base=None, log_level=None, main=<bound method BuildVerb.main of <colcon_core.verb.build.BuildVerb object at 0x7f7c2da9ddf0>>, merge_install=False, metas=['./colcon.meta'], packages_above=None, packages_above_and_dependencies=None, packages_above_depth=None, packages_end=None, packages_ignore=None, packages_ignore_regex=None, packages_select=None, packages_select_build_failed=False, packages_select_by_dep=None, packages_select_regex=None, packages_select_test_failures=False, packages_skip=None, packages_skip_build_finished=False, packages_skip_by_dep=None, packages_skip_regex=None, packages_skip_test_passed=False, packages_skip_up_to=None, packages_start=None, packages_up_to=None, packages_up_to_regex=None, parallel_workers=1, paths=None, symlink_install=False, test_result_base=None, verb_extension=<colcon_core.verb.build.BuildVerb object at 0x7f7c2da9ddf0>, verb_name='build', verb_parser=<colcon_defaults.argument_parser.defaults.DefaultArgumentsDecorator object at 0x7f7c2daa43a0>)
[0.708s] Level 1:colcon.colcon_core.package_discovery:discover_packages(colcon_meta) check parameters
[0.715s] Level 1:colcon.colcon_core.package_discovery:discover_packages(recursive) check parameters
[0.715s] Level 1:colcon.colcon_core.package_discovery:discover_packages(ignore) check parameters
[0.715s] Level 1:colcon.colcon_core.package_discovery:discover_packages(path) check parameters
[0.715s] Level 1:colcon.colcon_core.package_discovery:discover_packages(colcon_meta) discover
[0.716s] Level 1:colcon.colcon_core.package_discovery:discover_packages(recursive) discover
[0.716s] INFO:colcon.colcon_core.package_discovery:Crawling recursively for packages in '/home/rtsd-user/Documents/assignment_3/ros2_nodes'
[0.716s] Level 1:colcon.colcon_core.package_identification:_identify(.) by extensions ['ignore', 'ignore_ament_install']
[0.716s] Level 1:colcon.colcon_core.package_identification:_identify(.) by extension 'ignore'
[0.717s] Level 1:colcon.colcon_core.package_identification:_identify(.) by extension 'ignore_ament_install'
[0.717s] Level 1:colcon.colcon_core.package_identification:_identify(.) by extensions ['colcon_pkg']
[0.717s] Level 1:colcon.colcon_core.package_identification:_identify(.) by extension 'colcon_pkg'
[0.717s] Level 1:colcon.colcon_core.package_identification:_identify(.) by extensions ['colcon_meta']
[0.717s] Level 1:colcon.colcon_core.package_identification:_identify(.) by extension 'colcon_meta'
[0.717s] Level 1:colcon.colcon_core.package_identification:_identify(.) by extensions ['ros']
[0.717s] Level 1:colcon.colcon_core.package_identification:_identify(.) by extension 'ros'
[0.742s] Level 1:colcon.colcon_core.package_identification:_identify(.) by extensions ['cmake', 'python']
[0.742s] Level 1:colcon.colcon_core.package_identification:_identify(.) by extension 'cmake'
[0.743s] Level 1:colcon.colcon_core.package_identification:_identify(.) by extension 'python'
[0.744s] Level 1:colcon.colcon_core.package_identification:_identify(.) by extensions ['python_setup_py']
[0.744s] Level 1:colcon.colcon_core.package_identification:_identify(.) by extension 'python_setup_py'
[0.744s] Level 1:colcon.colcon_core.package_identification:_identify(build) by extensions ['ignore', 'ignore_ament_install']
[0.744s] Level 1:colcon.colcon_core.package_identification:_identify(build) by extension 'ignore'
[0.744s] Level 1:colcon.colcon_core.package_identification:_identify(build) ignored
[0.745s] Level 1:colcon.colcon_core.package_identification:_identify(install) by extensions ['ignore', 'ignore_ament_install']
[0.745s] Level 1:colcon.colcon_core.package_identification:_identify(install) by extension 'ignore'
[0.745s] Level 1:colcon.colcon_core.package_identification:_identify(install) ignored
[0.745s] Level 1:colcon.colcon_core.package_identification:_identify(log) by extensions ['ignore', 'ignore_ament_install']
[0.745s] Level 1:colcon.colcon_core.package_identification:_identify(log) by extension 'ignore'
[0.745s] Level 1:colcon.colcon_core.package_identification:_identify(log) ignored
[0.746s] Level 1:colcon.colcon_core.package_identification:_identify(src) by extensions ['ignore', 'ignore_ament_install']
[0.746s] Level 1:colcon.colcon_core.package_identification:_identify(src) by extension 'ignore'
[0.746s] Level 1:colcon.colcon_core.package_identification:_identify(src) by extension 'ignore_ament_install'
[0.746s] Level 1:colcon.colcon_core.package_identification:_identify(src) by extensions ['colcon_pkg']
[0.746s] Level 1:colcon.colcon_core.package_identification:_identify(src) by extension 'colcon_pkg'
[0.746s] Level 1:colcon.colcon_core.package_identification:_identify(src) by extensions ['colcon_meta']
[0.746s] Level 1:colcon.colcon_core.package_identification:_identify(src) by extension 'colcon_meta'
[0.747s] Level 1:colcon.colcon_core.package_identification:_identify(src) by extensions ['ros']
[0.747s] Level 1:colcon.colcon_core.package_identification:_identify(src) by extension 'ros'
[0.747s] Level 1:colcon.colcon_core.package_identification:_identify(src) by extensions ['cmake', 'python']
[0.747s] Level 1:colcon.colcon_core.package_identification:_identify(src) by extension 'cmake'
[0.747s] Level 1:colcon.colcon_core.package_identification:_identify(src) by extension 'python'
[0.747s] Level 1:colcon.colcon_core.package_identification:_identify(src) by extensions ['python_setup_py']
[0.747s] Level 1:colcon.colcon_core.package_identification:_identify(src) by extension 'python_setup_py'
[0.747s] Level 1:colcon.colcon_core.package_identification:_identify(src/jiwy_simulator) by extensions ['ignore', 'ignore_ament_install']
[0.748s] Level 1:colcon.colcon_core.package_identification:_identify(src/jiwy_simulator) by extension 'ignore'
[0.748s] Level 1:colcon.colcon_core.package_identification:_identify(src/jiwy_simulator) by extension 'ignore_ament_install'
[0.748s] Level 1:colcon.colcon_core.package_identification:_identify(src/jiwy_simulator) by extensions ['colcon_pkg']
[0.748s] Level 1:colcon.colcon_core.package_identification:_identify(src/jiwy_simulator) by extension 'colcon_pkg'
[0.748s] Level 1:colcon.colcon_core.package_identification:_identify(src/jiwy_simulator) by extensions ['colcon_meta']
[0.748s] Level 1:colcon.colcon_core.package_identification:_identify(src/jiwy_simulator) by extension 'colcon_meta'
[0.748s] Level 1:colcon.colcon_core.package_identification:_identify(src/jiwy_simulator) by extensions ['ros']
[0.748s] Level 1:colcon.colcon_core.package_identification:_identify(src/jiwy_simulator) by extension 'ros'
[0.754s] DEBUG:colcon.colcon_core.package_identification:Package 'src/jiwy_simulator' with type 'ros.ament_cmake' and name 'jiwy_simulator'
[0.754s] Level 1:colcon.colcon_core.package_identification:_identify(src/light_detection_3) by extensions ['ignore', 'ignore_ament_install']
[0.755s] Level 1:colcon.colcon_core.package_identification:_identify(src/light_detection_3) by extension 'ignore'
[0.755s] Level 1:colcon.colcon_core.package_identification:_identify(src/light_detection_3) by extension 'ignore_ament_install'
[0.755s] Level 1:colcon.colcon_core.package_identification:_identify(src/light_detection_3) by extensions ['colcon_pkg']
[0.755s] Level 1:colcon.colcon_core.package_identification:_identify(src/light_detection_3) by extension 'colcon_pkg'
[0.755s] Level 1:colcon.colcon_core.package_identification:_identify(src/light_detection_3) by extensions ['colcon_meta']
[0.756s] Level 1:colcon.colcon_core.package_identification:_identify(src/light_detection_3) by extension 'colcon_meta'
[0.756s] Level 1:colcon.colcon_core.package_identification:_identify(src/light_detection_3) by extensions ['ros']
[0.756s] Level 1:colcon.colcon_core.package_identification:_identify(src/light_detection_3) by extension 'ros'
[0.758s] DEBUG:colcon.colcon_core.package_identification:Package 'src/light_detection_3' with type 'ros.ament_cmake' and name 'light_detection_3'
[0.758s] Level 1:colcon.colcon_core.package_identification:_identify(src/rtsd_interfaces) by extensions ['ignore', 'ignore_ament_install']
[0.758s] Level 1:colcon.colcon_core.package_identification:_identify(src/rtsd_interfaces) by extension 'ignore'
[0.759s] Level 1:colcon.colcon_core.package_identification:_identify(src/rtsd_interfaces) by extension 'ignore_ament_install'
[0.759s] Level 1:colcon.colcon_core.package_identification:_identify(src/rtsd_interfaces) by extensions ['colcon_pkg']
[0.759s] Level 1:colcon.colcon_core.package_identification:_identify(src/rtsd_interfaces) by extension 'colcon_pkg'
[0.759s] Level 1:colcon.colcon_core.package_identification:_identify(src/rtsd_interfaces) by extensions ['colcon_meta']
[0.759s] Level 1:colcon.colcon_core.package_identification:_identify(src/rtsd_interfaces) by extension 'colcon_meta'
[0.759s] Level 1:colcon.colcon_core.package_identification:_identify(src/rtsd_interfaces) by extensions ['ros']
[0.759s] Level 1:colcon.colcon_core.package_identification:_identify(src/rtsd_interfaces) by extension 'ros'
[0.761s] DEBUG:colcon.colcon_core.package_identification:Package 'src/rtsd_interfaces' with type 'ros.ament_cmake' and name 'rtsd_interfaces'
[0.761s] Level 1:colcon.colcon_core.package_discovery:discover_packages(recursive) using defaults
[0.761s] Level 1:colcon.colcon_core.package_discovery:discover_packages(ignore) discover
[0.761s] Level 1:colcon.colcon_core.package_discovery:discover_packages(ignore) using defaults
[0.761s] Level 1:colcon.colcon_core.package_discovery:discover_packages(path) discover
[0.761s] Level 1:colcon.colcon_core.package_discovery:discover_packages(path) using defaults
[0.798s] Level 5:colcon.colcon_core.verb:set package 'rtsd_interfaces' build argument 'cmake_args' from command line to 'None'
[0.798s] Level 5:colcon.colcon_core.verb:set package 'rtsd_interfaces' build argument 'cmake_target' from command line to 'None'
[0.799s] Level 5:colcon.colcon_core.verb:set package 'rtsd_interfaces' build argument 'cmake_target_skip_unavailable' from command line to 'False'
[0.799s] Level 5:colcon.colcon_core.verb:set package 'rtsd_interfaces' build argument 'cmake_clean_cache' from command line to 'False'
[0.799s] Level 5:colcon.colcon_core.verb:set package 'rtsd_interfaces' build argument 'cmake_clean_first' from command line to 'False'
[0.799s] Level 5:colcon.colcon_core.verb:set package 'rtsd_interfaces' build argument 'cmake_force_configure' from command line to 'False'
[0.799s] Level 5:colcon.colcon_core.verb:set package 'rtsd_interfaces' build argument 'ament_cmake_args' from command line to 'None'
[0.799s] Level 5:colcon.colcon_core.verb:set package 'rtsd_interfaces' build argument 'catkin_cmake_args' from command line to 'None'
[0.799s] Level 5:colcon.colcon_core.verb:set package 'rtsd_interfaces' build argument 'catkin_skip_building_tests' from command line to 'False'
[0.799s] DEBUG:colcon.colcon_core.verb:Building package 'rtsd_interfaces' with the following arguments: {'ament_cmake_args': None, 'build_base': '/home/rtsd-user/Documents/assignment_3/ros2_nodes/build/rtsd_interfaces', 'catkin_cmake_args': None, 'catkin_skip_building_tests': False, 'cmake_args': None, 'cmake_clean_cache': False, 'cmake_clean_first': False, 'cmake_force_configure': False, 'cmake_target': None, 'cmake_target_skip_unavailable': False, 'install_base': '/home/rtsd-user/Documents/assignment_3/ros2_nodes/install/rtsd_interfaces', 'merge_install': False, 'path': '/home/rtsd-user/Documents/assignment_3/ros2_nodes/src/rtsd_interfaces', 'symlink_install': False, 'test_result_base': None}
[0.804s] Level 5:colcon.colcon_core.verb:set package 'jiwy_simulator' build argument 'cmake_args' from command line to 'None'
[0.804s] Level 5:colcon.colcon_core.verb:set package 'jiwy_simulator' build argument 'cmake_target' from command line to 'None'
[0.804s] Level 5:colcon.colcon_core.verb:set package 'jiwy_simulator' build argument 'cmake_target_skip_unavailable' from command line to 'False'
[0.805s] Level 5:colcon.colcon_core.verb:set package 'jiwy_simulator' build argument 'cmake_clean_cache' from command line to 'False'
[0.805s] Level 5:colcon.colcon_core.verb:set package 'jiwy_simulator' build argument 'cmake_clean_first' from command line to 'False'
[0.805s] Level 5:colcon.colcon_core.verb:set package 'jiwy_simulator' build argument 'cmake_force_configure' from command line to 'False'
[0.805s] Level 5:colcon.colcon_core.verb:set package 'jiwy_simulator' build argument 'ament_cmake_args' from command line to 'None'
[0.805s] Level 5:colcon.colcon_core.verb:set package 'jiwy_simulator' build argument 'catkin_cmake_args' from command line to 'None'
[0.805s] Level 5:colcon.colcon_core.verb:set package 'jiwy_simulator' build argument 'catkin_skip_building_tests' from command line to 'False'
[0.805s] DEBUG:colcon.colcon_core.verb:Building package 'jiwy_simulator' with the following arguments: {'ament_cmake_args': None, 'build_base': '/home/rtsd-user/Documents/assignment_3/ros2_nodes/build/jiwy_simulator', 'catkin_cmake_args': None, 'catkin_skip_building_tests': False, 'cmake_args': None, 'cmake_clean_cache': False, 'cmake_clean_first': False, 'cmake_force_configure': False, 'cmake_target': None, 'cmake_target_skip_unavailable': False, 'install_base': '/home/rtsd-user/Documents/assignment_3/ros2_nodes/install/jiwy_simulator', 'merge_install': False, 'path': '/home/rtsd-user/Documents/assignment_3/ros2_nodes/src/jiwy_simulator', 'symlink_install': False, 'test_result_base': None}
[0.810s] Level 5:colcon.colcon_core.verb:set package 'light_detection_3' build argument 'cmake_args' from command line to 'None'
[0.810s] Level 5:colcon.colcon_core.verb:set package 'light_detection_3' build argument 'cmake_target' from command line to 'None'
[0.810s] Level 5:colcon.colcon_core.verb:set package 'light_detection_3' build argument 'cmake_target_skip_unavailable' from command line to 'False'
[0.810s] Level 5:colcon.colcon_core.verb:set package 'light_detection_3' build argument 'cmake_clean_cache' from command line to 'False'
[0.810s] Level 5:colcon.colcon_core.verb:set package 'light_detection_3' build argument 'cmake_clean_first' from command line to 'False'
[0.811s] Level 5:colcon.colcon_core.verb:set package 'light_detection_3' build argument 'cmake_force_configure' from command line to 'False'
[0.811s] Level 5:colcon.colcon_core.verb:set package 'light_detection_3' build argument 'ament_cmake_args' from command line to 'None'
[0.811s] Level 5:colcon.colcon_core.verb:set package 'light_detection_3' build argument 'catkin_cmake_args' from command line to 'None'
[0.811s] Level 5:colcon.colcon_core.verb:set package 'light_detection_3' build argument 'catkin_skip_building_tests' from command line to 'False'
[0.811s] DEBUG:colcon.colcon_core.verb:Building package 'light_detection_3' with the following arguments: {'ament_cmake_args': None, 'build_base': '/home/rtsd-user/Documents/assignment_3/ros2_nodes/build/light_detection_3', 'catkin_cmake_args': None, 'catkin_skip_building_tests': False, 'cmake_args': None, 'cmake_clean_cache': False, 'cmake_clean_first': False, 'cmake_force_configure': False, 'cmake_target': None, 'cmake_target_skip_unavailable': False, 'install_base': '/home/rtsd-user/Documents/assignment_3/ros2_nodes/install/light_detection_3', 'merge_install': False, 'path': '/home/rtsd-user/Documents/assignment_3/ros2_nodes/src/light_detection_3', 'symlink_install': False, 'test_result_base': None}
[0.812s] INFO:colcon.colcon_core.executor:Executing jobs using 'parallel' executor
[0.814s] DEBUG:colcon.colcon_parallel_executor.executor.parallel:run_until_complete
[0.815s] INFO:colcon.colcon_ros.task.ament_cmake.build:Building ROS package in '/home/rtsd-user/Documents/assignment_3/ros2_nodes/src/rtsd_interfaces' with build type 'ament_cmake'
[0.815s] INFO:colcon.colcon_cmake.task.cmake.build:Building CMake package in '/home/rtsd-user/Documents/assignment_3/ros2_nodes/src/rtsd_interfaces'
[0.821s] INFO:colcon.colcon_core.plugin_system:Skipping extension 'colcon_core.shell.bat': Not used on non-Windows systems
[0.822s] INFO:colcon.colcon_core.shell:Skip shell extension 'powershell' for command environment: Not usable outside of PowerShell
[0.822s] DEBUG:colcon.colcon_core.shell:Skip shell extension 'dsv' for command environment
[0.826s] DEBUG:colcon.colcon_core.shell:Ignoring prefix path '/opt/ros/galactic'
[0.844s] DEBUG:colcon.colcon_core.event_handler.log_command:Invoking command in '/home/rtsd-user/Documents/assignment_3/ros2_nodes/build/rtsd_interfaces': CMAKE_PREFIX_PATH=/opt/ros/galactic /usr/bin/cmake --build /home/rtsd-user/Documents/assignment_3/ros2_nodes/build/rtsd_interfaces -- -j1 -l1
[2.337s] DEBUG:colcon.colcon_core.event_handler.log_command:Invoked command in '/home/rtsd-user/Documents/assignment_3/ros2_nodes/build/rtsd_interfaces' returned '0': CMAKE_PREFIX_PATH=/opt/ros/galactic /usr/bin/cmake --build /home/rtsd-user/Documents/assignment_3/ros2_nodes/build/rtsd_interfaces -- -j1 -l1
[2.535s] DEBUG:colcon.colcon_core.event_handler.log_command:Invoking command in '/home/rtsd-user/Documents/assignment_3/ros2_nodes/build/rtsd_interfaces': CMAKE_PREFIX_PATH=/opt/ros/galactic /usr/bin/cmake --install /home/rtsd-user/Documents/assignment_3/ros2_nodes/build/rtsd_interfaces
[2.725s] Level 1:colcon.colcon_core.environment:create_environment_scripts_only(rtsd_interfaces)
[2.740s] DEBUG:colcon.colcon_core.event_handler.log_command:Invoked command in '/home/rtsd-user/Documents/assignment_3/ros2_nodes/build/rtsd_interfaces' returned '0': CMAKE_PREFIX_PATH=/opt/ros/galactic /usr/bin/cmake --install /home/rtsd-user/Documents/assignment_3/ros2_nodes/build/rtsd_interfaces
[2.742s] Level 1:colcon.colcon_core.environment:checking '/home/rtsd-user/Documents/assignment_3/ros2_nodes/install/rtsd_interfaces' for CMake module files
[2.743s] Level 1:colcon.colcon_core.environment:checking '/home/rtsd-user/Documents/assignment_3/ros2_nodes/install/rtsd_interfaces' for CMake config files
[2.745s] Level 1:colcon.colcon_core.shell:create_environment_hook('rtsd_interfaces', 'cmake_prefix_path')
[2.746s] INFO:colcon.colcon_core.shell:Creating environment hook '/home/rtsd-user/Documents/assignment_3/ros2_nodes/install/rtsd_interfaces/share/rtsd_interfaces/hook/cmake_prefix_path.ps1'
[2.748s] INFO:colcon.colcon_core.shell:Creating environment descriptor '/home/rtsd-user/Documents/assignment_3/ros2_nodes/install/rtsd_interfaces/share/rtsd_interfaces/hook/cmake_prefix_path.dsv'
[2.749s] INFO:colcon.colcon_core.shell:Creating environment hook '/home/rtsd-user/Documents/assignment_3/ros2_nodes/install/rtsd_interfaces/share/rtsd_interfaces/hook/cmake_prefix_path.sh'
[2.753s] Level 1:colcon.colcon_core.environment:checking '/home/rtsd-user/Documents/assignment_3/ros2_nodes/install/rtsd_interfaces/lib'
[2.753s] Level 1:colcon.colcon_core.shell:create_environment_hook('rtsd_interfaces', 'ld_library_path_lib')
[2.754s] INFO:colcon.colcon_core.shell:Creating environment hook '/home/rtsd-user/Documents/assignment_3/ros2_nodes/install/rtsd_interfaces/share/rtsd_interfaces/hook/ld_library_path_lib.ps1'
[2.755s] INFO:colcon.colcon_core.shell:Creating environment descriptor '/home/rtsd-user/Documents/assignment_3/ros2_nodes/install/rtsd_interfaces/share/rtsd_interfaces/hook/ld_library_path_lib.dsv'
[2.756s] INFO:colcon.colcon_core.shell:Creating environment hook '/home/rtsd-user/Documents/assignment_3/ros2_nodes/install/rtsd_interfaces/share/rtsd_interfaces/hook/ld_library_path_lib.sh'
[2.757s] Level 1:colcon.colcon_core.environment:checking '/home/rtsd-user/Documents/assignment_3/ros2_nodes/install/rtsd_interfaces/bin'
[2.757s] Level 1:colcon.colcon_core.environment:checking '/home/rtsd-user/Documents/assignment_3/ros2_nodes/install/rtsd_interfaces/lib/pkgconfig/rtsd_interfaces.pc'
[2.757s] Level 1:colcon.colcon_core.environment:checking '/home/rtsd-user/Documents/assignment_3/ros2_nodes/install/rtsd_interfaces/lib/python3.8/site-packages'
[2.757s] Level 1:colcon.colcon_core.shell:create_environment_hook('rtsd_interfaces', 'pythonpath')
[2.759s] INFO:colcon.colcon_core.shell:Creating environment hook '/home/rtsd-user/Documents/assignment_3/ros2_nodes/install/rtsd_interfaces/share/rtsd_interfaces/hook/pythonpath.ps1'
[2.759s] INFO:colcon.colcon_core.shell:Creating environment descriptor '/home/rtsd-user/Documents/assignment_3/ros2_nodes/install/rtsd_interfaces/share/rtsd_interfaces/hook/pythonpath.dsv'
[2.760s] INFO:colcon.colcon_core.shell:Creating environment hook '/home/rtsd-user/Documents/assignment_3/ros2_nodes/install/rtsd_interfaces/share/rtsd_interfaces/hook/pythonpath.sh'
[2.762s] INFO:colcon.colcon_core.shell:Creating package script '/home/rtsd-user/Documents/assignment_3/ros2_nodes/install/rtsd_interfaces/share/rtsd_interfaces/package.ps1'
[2.764s] INFO:colcon.colcon_core.shell:Creating package descriptor '/home/rtsd-user/Documents/assignment_3/ros2_nodes/install/rtsd_interfaces/share/rtsd_interfaces/package.dsv'
[2.765s] INFO:colcon.colcon_core.shell:Creating package script '/home/rtsd-user/Documents/assignment_3/ros2_nodes/install/rtsd_interfaces/share/rtsd_interfaces/package.sh'
[2.767s] INFO:colcon.colcon_core.shell:Creating package script '/home/rtsd-user/Documents/assignment_3/ros2_nodes/install/rtsd_interfaces/share/rtsd_interfaces/package.bash'
[2.769s] INFO:colcon.colcon_core.shell:Creating package script '/home/rtsd-user/Documents/assignment_3/ros2_nodes/install/rtsd_interfaces/share/rtsd_interfaces/package.zsh'
[2.771s] Level 1:colcon.colcon_core.environment:create_file_with_runtime_dependencies(/home/rtsd-user/Documents/assignment_3/ros2_nodes/install/rtsd_interfaces/share/colcon-core/packages/rtsd_interfaces)
[2.893s] Level 1:colcon.colcon_core.environment:create_environment_scripts_only(rtsd_interfaces)
[2.895s] Level 1:colcon.colcon_core.environment:checking '/home/rtsd-user/Documents/assignment_3/ros2_nodes/install/rtsd_interfaces' for CMake module files
[2.897s] Level 1:colcon.colcon_core.environment:checking '/home/rtsd-user/Documents/assignment_3/ros2_nodes/install/rtsd_interfaces' for CMake config files
[2.898s] Level 1:colcon.colcon_core.shell:create_environment_hook('rtsd_interfaces', 'cmake_prefix_path')
[2.899s] INFO:colcon.colcon_core.shell:Creating environment hook '/home/rtsd-user/Documents/assignment_3/ros2_nodes/install/rtsd_interfaces/share/rtsd_interfaces/hook/cmake_prefix_path.ps1'
[2.900s] INFO:colcon.colcon_core.shell:Creating environment descriptor '/home/rtsd-user/Documents/assignment_3/ros2_nodes/install/rtsd_interfaces/share/rtsd_interfaces/hook/cmake_prefix_path.dsv'
[2.900s] INFO:colcon.colcon_core.shell:Creating environment hook '/home/rtsd-user/Documents/assignment_3/ros2_nodes/install/rtsd_interfaces/share/rtsd_interfaces/hook/cmake_prefix_path.sh'
[2.901s] Level 1:colcon.colcon_core.environment:checking '/home/rtsd-user/Documents/assignment_3/ros2_nodes/install/rtsd_interfaces/lib'
[2.902s] Level 1:colcon.colcon_core.shell:create_environment_hook('rtsd_interfaces', 'ld_library_path_lib')
[2.903s] INFO:colcon.colcon_core.shell:Creating environment hook '/home/rtsd-user/Documents/assignment_3/ros2_nodes/install/rtsd_interfaces/share/rtsd_interfaces/hook/ld_library_path_lib.ps1'
[2.904s] INFO:colcon.colcon_core.shell:Creating environment descriptor '/home/rtsd-user/Documents/assignment_3/ros2_nodes/install/rtsd_interfaces/share/rtsd_interfaces/hook/ld_library_path_lib.dsv'
[2.905s] INFO:colcon.colcon_core.shell:Creating environment hook '/home/rtsd-user/Documents/assignment_3/ros2_nodes/install/rtsd_interfaces/share/rtsd_interfaces/hook/ld_library_path_lib.sh'
[2.906s] Level 1:colcon.colcon_core.environment:checking '/home/rtsd-user/Documents/assignment_3/ros2_nodes/install/rtsd_interfaces/bin'
[2.907s] Level 1:colcon.colcon_core.environment:checking '/home/rtsd-user/Documents/assignment_3/ros2_nodes/install/rtsd_interfaces/lib/pkgconfig/rtsd_interfaces.pc'
[2.907s] Level 1:colcon.colcon_core.environment:checking '/home/rtsd-user/Documents/assignment_3/ros2_nodes/install/rtsd_interfaces/lib/python3.8/site-packages'
[2.907s] Level 1:colcon.colcon_core.shell:create_environment_hook('rtsd_interfaces', 'pythonpath')
[2.908s] INFO:colcon.colcon_core.shell:Creating environment hook '/home/rtsd-user/Documents/assignment_3/ros2_nodes/install/rtsd_interfaces/share/rtsd_interfaces/hook/pythonpath.ps1'
[2.909s] INFO:colcon.colcon_core.shell:Creating environment descriptor '/home/rtsd-user/Documents/assignment_3/ros2_nodes/install/rtsd_interfaces/share/rtsd_interfaces/hook/pythonpath.dsv'
[2.910s] INFO:colcon.colcon_core.shell:Creating environment hook '/home/rtsd-user/Documents/assignment_3/ros2_nodes/install/rtsd_interfaces/share/rtsd_interfaces/hook/pythonpath.sh'
[2.913s] INFO:colcon.colcon_core.shell:Creating package script '/home/rtsd-user/Documents/assignment_3/ros2_nodes/install/rtsd_interfaces/share/rtsd_interfaces/package.ps1'
[2.914s] INFO:colcon.colcon_core.shell:Creating package descriptor '/home/rtsd-user/Documents/assignment_3/ros2_nodes/install/rtsd_interfaces/share/rtsd_interfaces/package.dsv'
[2.915s] INFO:colcon.colcon_core.shell:Creating package script '/home/rtsd-user/Documents/assignment_3/ros2_nodes/install/rtsd_interfaces/share/rtsd_interfaces/package.sh'
[2.916s] INFO:colcon.colcon_core.shell:Creating package script '/home/rtsd-user/Documents/assignment_3/ros2_nodes/install/rtsd_interfaces/share/rtsd_interfaces/package.bash'
[2.916s] INFO:colcon.colcon_core.shell:Creating package script '/home/rtsd-user/Documents/assignment_3/ros2_nodes/install/rtsd_interfaces/share/rtsd_interfaces/package.zsh'
[2.917s] Level 1:colcon.colcon_core.environment:create_file_with_runtime_dependencies(/home/rtsd-user/Documents/assignment_3/ros2_nodes/install/rtsd_interfaces/share/colcon-core/packages/rtsd_interfaces)
[2.919s] INFO:colcon.colcon_ros.task.ament_cmake.build:Building ROS package in '/home/rtsd-user/Documents/assignment_3/ros2_nodes/src/jiwy_simulator' with build type 'ament_cmake'
[2.920s] INFO:colcon.colcon_cmake.task.cmake.build:Building CMake package in '/home/rtsd-user/Documents/assignment_3/ros2_nodes/src/jiwy_simulator'
[2.921s] INFO:colcon.colcon_core.shell:Skip shell extension 'powershell' for command environment: Not usable outside of PowerShell
[2.921s] DEBUG:colcon.colcon_core.shell:Skip shell extension 'dsv' for command environment
[2.938s] DEBUG:colcon.colcon_core.shell:Ignoring prefix path '/opt/ros/galactic'
[2.963s] DEBUG:colcon.colcon_core.event_handler.log_command:Invoking command in '/home/rtsd-user/Documents/assignment_3/ros2_nodes/build/jiwy_simulator': AMENT_PREFIX_PATH=/home/rtsd-user/Documents/assignment_3/ros2_nodes/install/rtsd_interfaces:${AMENT_PREFIX_PATH} CMAKE_PREFIX_PATH=/home/rtsd-user/Documents/assignment_3/ros2_nodes/install/rtsd_interfaces:/opt/ros/galactic LD_LIBRARY_PATH=/home/rtsd-user/Documents/assignment_3/ros2_nodes/install/rtsd_interfaces/lib:${LD_LIBRARY_PATH} PYTHONPATH=/home/rtsd-user/Documents/assignment_3/ros2_nodes/install/rtsd_interfaces/lib/python3.8/site-packages:${PYTHONPATH} /usr/bin/cmake --build /home/rtsd-user/Documents/assignment_3/ros2_nodes/build/jiwy_simulator -- -j1 -l1
[3.596s] DEBUG:colcon.colcon_core.event_handler.log_command:Invoked command in '/home/rtsd-user/Documents/assignment_3/ros2_nodes/build/jiwy_simulator' returned '0': AMENT_PREFIX_PATH=/home/rtsd-user/Documents/assignment_3/ros2_nodes/install/rtsd_interfaces:${AMENT_PREFIX_PATH} CMAKE_PREFIX_PATH=/home/rtsd-user/Documents/assignment_3/ros2_nodes/install/rtsd_interfaces:/opt/ros/galactic LD_LIBRARY_PATH=/home/rtsd-user/Documents/assignment_3/ros2_nodes/install/rtsd_interfaces/lib:${LD_LIBRARY_PATH} PYTHONPATH=/home/rtsd-user/Documents/assignment_3/ros2_nodes/install/rtsd_interfaces/lib/python3.8/site-packages:${PYTHONPATH} /usr/bin/cmake --build /home/rtsd-user/Documents/assignment_3/ros2_nodes/build/jiwy_simulator -- -j1 -l1
[3.748s] DEBUG:colcon.colcon_core.event_handler.log_command:Invoking command in '/home/rtsd-user/Documents/assignment_3/ros2_nodes/build/jiwy_simulator': AMENT_PREFIX_PATH=/home/rtsd-user/Documents/assignment_3/ros2_nodes/install/rtsd_interfaces:${AMENT_PREFIX_PATH} CMAKE_PREFIX_PATH=/home/rtsd-user/Documents/assignment_3/ros2_nodes/install/rtsd_interfaces:/opt/ros/galactic LD_LIBRARY_PATH=/home/rtsd-user/Documents/assignment_3/ros2_nodes/install/rtsd_interfaces/lib:${LD_LIBRARY_PATH} PYTHONPATH=/home/rtsd-user/Documents/assignment_3/ros2_nodes/install/rtsd_interfaces/lib/python3.8/site-packages:${PYTHONPATH} /usr/bin/cmake --install /home/rtsd-user/Documents/assignment_3/ros2_nodes/build/jiwy_simulator
[3.839s] Level 1:colcon.colcon_core.environment:create_environment_scripts_only(jiwy_simulator)
[3.841s] Level 1:colcon.colcon_core.environment:checking '/home/rtsd-user/Documents/assignment_3/ros2_nodes/install/jiwy_simulator' for CMake module files
[3.847s] DEBUG:colcon.colcon_core.event_handler.log_command:Invoked command in '/home/rtsd-user/Documents/assignment_3/ros2_nodes/build/jiwy_simulator' returned '0': AMENT_PREFIX_PATH=/home/rtsd-user/Documents/assignment_3/ros2_nodes/install/rtsd_interfaces:${AMENT_PREFIX_PATH} CMAKE_PREFIX_PATH=/home/rtsd-user/Documents/assignment_3/ros2_nodes/install/rtsd_interfaces:/opt/ros/galactic LD_LIBRARY_PATH=/home/rtsd-user/Documents/assignment_3/ros2_nodes/install/rtsd_interfaces/lib:${LD_LIBRARY_PATH} PYTHONPATH=/home/rtsd-user/Documents/assignment_3/ros2_nodes/install/rtsd_interfaces/lib/python3.8/site-packages:${PYTHONPATH} /usr/bin/cmake --install /home/rtsd-user/Documents/assignment_3/ros2_nodes/build/jiwy_simulator
[3.847s] Level 1:colcon.colcon_core.environment:checking '/home/rtsd-user/Documents/assignment_3/ros2_nodes/install/jiwy_simulator' for CMake config files
[3.848s] Level 1:colcon.colcon_core.shell:create_environment_hook('jiwy_simulator', 'cmake_prefix_path')
[3.849s] INFO:colcon.colcon_core.shell:Creating environment hook '/home/rtsd-user/Documents/assignment_3/ros2_nodes/install/jiwy_simulator/share/jiwy_simulator/hook/cmake_prefix_path.ps1'
[3.863s] INFO:colcon.colcon_core.shell:Creating environment descriptor '/home/rtsd-user/Documents/assignment_3/ros2_nodes/install/jiwy_simulator/share/jiwy_simulator/hook/cmake_prefix_path.dsv'
[3.864s] INFO:colcon.colcon_core.shell:Creating environment hook '/home/rtsd-user/Documents/assignment_3/ros2_nodes/install/jiwy_simulator/share/jiwy_simulator/hook/cmake_prefix_path.sh'
[3.867s] Level 1:colcon.colcon_core.environment:checking '/home/rtsd-user/Documents/assignment_3/ros2_nodes/install/jiwy_simulator/lib'
[3.867s] Level 1:colcon.colcon_core.environment:checking '/home/rtsd-user/Documents/assignment_3/ros2_nodes/install/jiwy_simulator/bin'
[3.867s] Level 1:colcon.colcon_core.environment:checking '/home/rtsd-user/Documents/assignment_3/ros2_nodes/install/jiwy_simulator/lib/pkgconfig/jiwy_simulator.pc'
[3.867s] Level 1:colcon.colcon_core.environment:checking '/home/rtsd-user/Documents/assignment_3/ros2_nodes/install/jiwy_simulator/lib/python3.8/site-packages'
[3.868s] INFO:colcon.colcon_core.shell:Creating package script '/home/rtsd-user/Documents/assignment_3/ros2_nodes/install/jiwy_simulator/share/jiwy_simulator/package.ps1'
[3.881s] INFO:colcon.colcon_core.shell:Creating package descriptor '/home/rtsd-user/Documents/assignment_3/ros2_nodes/install/jiwy_simulator/share/jiwy_simulator/package.dsv'
[3.886s] INFO:colcon.colcon_core.shell:Creating package script '/home/rtsd-user/Documents/assignment_3/ros2_nodes/install/jiwy_simulator/share/jiwy_simulator/package.sh'
[3.899s] INFO:colcon.colcon_core.shell:Creating package script '/home/rtsd-user/Documents/assignment_3/ros2_nodes/install/jiwy_simulator/share/jiwy_simulator/package.bash'
[3.899s] INFO:colcon.colcon_core.shell:Creating package script '/home/rtsd-user/Documents/assignment_3/ros2_nodes/install/jiwy_simulator/share/jiwy_simulator/package.zsh'
[3.901s] Level 1:colcon.colcon_core.environment:create_file_with_runtime_dependencies(/home/rtsd-user/Documents/assignment_3/ros2_nodes/install/jiwy_simulator/share/colcon-core/packages/jiwy_simulator)
[4.054s] Level 1:colcon.colcon_core.environment:create_environment_scripts_only(jiwy_simulator)
[4.059s] Level 1:colcon.colcon_core.environment:checking '/home/rtsd-user/Documents/assignment_3/ros2_nodes/install/jiwy_simulator' for CMake module files
[4.060s] Level 1:colcon.colcon_core.environment:checking '/home/rtsd-user/Documents/assignment_3/ros2_nodes/install/jiwy_simulator' for CMake config files
[4.066s] Level 1:colcon.colcon_core.shell:create_environment_hook('jiwy_simulator', 'cmake_prefix_path')
[4.067s] INFO:colcon.colcon_core.shell:Creating environment hook '/home/rtsd-user/Documents/assignment_3/ros2_nodes/install/jiwy_simulator/share/jiwy_simulator/hook/cmake_prefix_path.ps1'
[4.078s] INFO:colcon.colcon_core.shell:Creating environment descriptor '/home/rtsd-user/Documents/assignment_3/ros2_nodes/install/jiwy_simulator/share/jiwy_simulator/hook/cmake_prefix_path.dsv'
[4.079s] INFO:colcon.colcon_core.shell:Creating environment hook '/home/rtsd-user/Documents/assignment_3/ros2_nodes/install/jiwy_simulator/share/jiwy_simulator/hook/cmake_prefix_path.sh'
[4.080s] Level 1:colcon.colcon_core.environment:checking '/home/rtsd-user/Documents/assignment_3/ros2_nodes/install/jiwy_simulator/lib'
[4.080s] Level 1:colcon.colcon_core.environment:checking '/home/rtsd-user/Documents/assignment_3/ros2_nodes/install/jiwy_simulator/bin'
[4.080s] Level 1:colcon.colcon_core.environment:checking '/home/rtsd-user/Documents/assignment_3/ros2_nodes/install/jiwy_simulator/lib/pkgconfig/jiwy_simulator.pc'
[4.080s] Level 1:colcon.colcon_core.environment:checking '/home/rtsd-user/Documents/assignment_3/ros2_nodes/install/jiwy_simulator/lib/python3.8/site-packages'
[4.081s] INFO:colcon.colcon_core.shell:Creating package script '/home/rtsd-user/Documents/assignment_3/ros2_nodes/install/jiwy_simulator/share/jiwy_simulator/package.ps1'
[4.090s] INFO:colcon.colcon_core.shell:Creating package descriptor '/home/rtsd-user/Documents/assignment_3/ros2_nodes/install/jiwy_simulator/share/jiwy_simulator/package.dsv'
[4.093s] INFO:colcon.colcon_core.shell:Creating package script '/home/rtsd-user/Documents/assignment_3/ros2_nodes/install/jiwy_simulator/share/jiwy_simulator/package.sh'
[4.093s] INFO:colcon.colcon_core.shell:Creating package script '/home/rtsd-user/Documents/assignment_3/ros2_nodes/install/jiwy_simulator/share/jiwy_simulator/package.bash'
[4.098s] INFO:colcon.colcon_core.shell:Creating package script '/home/rtsd-user/Documents/assignment_3/ros2_nodes/install/jiwy_simulator/share/jiwy_simulator/package.zsh'
[4.102s] Level 1:colcon.colcon_core.environment:create_file_with_runtime_dependencies(/home/rtsd-user/Documents/assignment_3/ros2_nodes/install/jiwy_simulator/share/colcon-core/packages/jiwy_simulator)
[4.150s] INFO:colcon.colcon_ros.task.ament_cmake.build:Building ROS package in '/home/rtsd-user/Documents/assignment_3/ros2_nodes/src/light_detection_3' with build type 'ament_cmake'
[4.150s] INFO:colcon.colcon_cmake.task.cmake.build:Building CMake package in '/home/rtsd-user/Documents/assignment_3/ros2_nodes/src/light_detection_3'
[4.151s] INFO:colcon.colcon_core.shell:Skip shell extension 'powershell' for command environment: Not usable outside of PowerShell
[4.151s] DEBUG:colcon.colcon_core.shell:Skip shell extension 'dsv' for command environment
[4.163s] DEBUG:colcon.colcon_core.shell:Ignoring prefix path '/opt/ros/galactic'
[4.254s] DEBUG:colcon.colcon_core.event_handler.log_command:Invoking command in '/home/rtsd-user/Documents/assignment_3/ros2_nodes/build/light_detection_3': AMENT_PREFIX_PATH=/home/rtsd-user/Documents/assignment_3/ros2_nodes/install/rtsd_interfaces:${AMENT_PREFIX_PATH} CMAKE_PREFIX_PATH=/home/rtsd-user/Documents/assignment_3/ros2_nodes/install/rtsd_interfaces:/opt/ros/galactic LD_LIBRARY_PATH=/home/rtsd-user/Documents/assignment_3/ros2_nodes/install/rtsd_interfaces/lib:${LD_LIBRARY_PATH} PYTHONPATH=/home/rtsd-user/Documents/assignment_3/ros2_nodes/install/rtsd_interfaces/lib/python3.8/site-packages:${PYTHONPATH} /usr/bin/cmake --build /home/rtsd-user/Documents/assignment_3/ros2_nodes/build/light_detection_3 -- -j1 -l1
[16.210s] DEBUG:colcon.colcon_core.event_handler.log_command:Invoked command in '/home/rtsd-user/Documents/assignment_3/ros2_nodes/build/light_detection_3' returned '2': AMENT_PREFIX_PATH=/home/rtsd-user/Documents/assignment_3/ros2_nodes/install/rtsd_interfaces:${AMENT_PREFIX_PATH} CMAKE_PREFIX_PATH=/home/rtsd-user/Documents/assignment_3/ros2_nodes/install/rtsd_interfaces:/opt/ros/galactic LD_LIBRARY_PATH=/home/rtsd-user/Documents/assignment_3/ros2_nodes/install/rtsd_interfaces/lib:${LD_LIBRARY_PATH} PYTHONPATH=/home/rtsd-user/Documents/assignment_3/ros2_nodes/install/rtsd_interfaces/lib/python3.8/site-packages:${PYTHONPATH} /usr/bin/cmake --build /home/rtsd-user/Documents/assignment_3/ros2_nodes/build/light_detection_3 -- -j1 -l1
[16.248s] Level 1:colcon.colcon_core.environment:create_environment_scripts_only(light_detection_3)
[16.250s] Level 1:colcon.colcon_core.environment:checking '/home/rtsd-user/Documents/assignment_3/ros2_nodes/install/light_detection_3' for CMake module files
[16.251s] Level 1:colcon.colcon_core.environment:checking '/home/rtsd-user/Documents/assignment_3/ros2_nodes/install/light_detection_3' for CMake config files
[16.253s] Level 1:colcon.colcon_core.environment:checking '/home/rtsd-user/Documents/assignment_3/ros2_nodes/install/light_detection_3/bin'
[16.253s] Level 1:colcon.colcon_core.environment:checking '/home/rtsd-user/Documents/assignment_3/ros2_nodes/install/light_detection_3/lib/pkgconfig/light_detection_3.pc'
[16.253s] Level 1:colcon.colcon_core.environment:checking '/home/rtsd-user/Documents/assignment_3/ros2_nodes/install/light_detection_3/lib/python3.8/site-packages'
[16.254s] INFO:colcon.colcon_core.shell:Creating package script '/home/rtsd-user/Documents/assignment_3/ros2_nodes/install/light_detection_3/share/light_detection_3/package.ps1'
[16.255s] INFO:colcon.colcon_core.shell:Creating package descriptor '/home/rtsd-user/Documents/assignment_3/ros2_nodes/install/light_detection_3/share/light_detection_3/package.dsv'
[16.256s] INFO:colcon.colcon_core.shell:Creating package script '/home/rtsd-user/Documents/assignment_3/ros2_nodes/install/light_detection_3/share/light_detection_3/package.sh'
[16.257s] INFO:colcon.colcon_core.shell:Creating package script '/home/rtsd-user/Documents/assignment_3/ros2_nodes/install/light_detection_3/share/light_detection_3/package.bash'
[16.258s] INFO:colcon.colcon_core.shell:Creating package script '/home/rtsd-user/Documents/assignment_3/ros2_nodes/install/light_detection_3/share/light_detection_3/package.zsh'
[16.259s] Level 1:colcon.colcon_core.environment:create_file_with_runtime_dependencies(/home/rtsd-user/Documents/assignment_3/ros2_nodes/install/light_detection_3/share/colcon-core/packages/light_detection_3)
[16.261s] DEBUG:colcon.colcon_parallel_executor.executor.parallel:closing loop
[16.262s] DEBUG:colcon.colcon_parallel_executor.executor.parallel:loop closed
[16.262s] DEBUG:colcon.colcon_parallel_executor.executor.parallel:run_until_complete finished with '2'
[16.262s] DEBUG:colcon.colcon_core.event_reactor:joining thread
[16.287s] INFO:colcon.colcon_core.plugin_system:Skipping extension 'colcon_notification.desktop_notification.terminal_notifier': Not used on non-Darwin systems
[16.287s] INFO:colcon.colcon_core.plugin_system:Skipping extension 'colcon_notification.desktop_notification.win32': Not used on non-Windows systems
[16.287s] INFO:colcon.colcon_notification.desktop_notification:Sending desktop notification using 'notify2'
[16.315s] DEBUG:colcon.colcon_core.event_reactor:joined thread
[16.316s] INFO:colcon.colcon_core.shell:Creating prefix script '/home/rtsd-user/Documents/assignment_3/ros2_nodes/install/local_setup.ps1'
[16.320s] INFO:colcon.colcon_core.shell:Creating prefix util module '/home/rtsd-user/Documents/assignment_3/ros2_nodes/install/_local_setup_util_ps1.py'
[16.327s] INFO:colcon.colcon_core.shell:Creating prefix chain script '/home/rtsd-user/Documents/assignment_3/ros2_nodes/install/setup.ps1'
[16.334s] INFO:colcon.colcon_core.shell:Creating prefix script '/home/rtsd-user/Documents/assignment_3/ros2_nodes/install/local_setup.sh'
[16.339s] INFO:colcon.colcon_core.shell:Creating prefix util module '/home/rtsd-user/Documents/assignment_3/ros2_nodes/install/_local_setup_util_sh.py'
[16.340s] INFO:colcon.colcon_core.shell:Creating prefix chain script '/home/rtsd-user/Documents/assignment_3/ros2_nodes/install/setup.sh'
[16.350s] INFO:colcon.colcon_core.shell:Creating prefix script '/home/rtsd-user/Documents/assignment_3/ros2_nodes/install/local_setup.bash'
[16.351s] INFO:colcon.colcon_core.shell:Creating prefix chain script '/home/rtsd-user/Documents/assignment_3/ros2_nodes/install/setup.bash'
[16.367s] INFO:colcon.colcon_core.shell:Creating prefix script '/home/rtsd-user/Documents/assignment_3/ros2_nodes/install/local_setup.zsh'
[16.370s] INFO:colcon.colcon_core.shell:Creating prefix chain script '/home/rtsd-user/Documents/assignment_3/ros2_nodes/install/setup.zsh'
