[0.044s] Invoking command in '/home/rtsd-user/Documents/assignment_3/ros2_nodes/build/jiwy_simulator': AMENT_PREFIX_PATH=/home/rtsd-user/Documents/assignment_3/ros2_nodes/install/rtsd_interfaces:${AMENT_PREFIX_PATH} CMAKE_PREFIX_PATH=/home/rtsd-user/Documents/assignment_3/ros2_nodes/install/rtsd_interfaces:/opt/ros/galactic LD_LIBRARY_PATH=/home/rtsd-user/Documents/assignment_3/ros2_nodes/install/rtsd_interfaces/lib:${LD_LIBRARY_PATH} PYTHONPATH=/home/rtsd-user/Documents/assignment_3/ros2_nodes/install/rtsd_interfaces/lib/python3.8/site-packages:${PYTHONPATH} /usr/bin/cmake --build /home/rtsd-user/Documents/assignment_3/ros2_nodes/build/jiwy_simulator -- -j1 -l1
[0.430s] [ 50%] Built target setpoint_simulator
[0.616s] [100%] Built target jiwy_simulator
[0.676s] Invoked command in '/home/rtsd-user/Documents/assignment_3/ros2_nodes/build/jiwy_simulator' returned '0': AMENT_PREFIX_PATH=/home/rtsd-user/Documents/assignment_3/ros2_nodes/install/rtsd_interfaces:${AMENT_PREFIX_PATH} CMAKE_PREFIX_PATH=/home/rtsd-user/Documents/assignment_3/ros2_nodes/install/rtsd_interfaces:/opt/ros/galactic LD_LIBRARY_PATH=/home/rtsd-user/Documents/assignment_3/ros2_nodes/install/rtsd_interfaces/lib:${LD_LIBRARY_PATH} PYTHONPATH=/home/rtsd-user/Documents/assignment_3/ros2_nodes/install/rtsd_interfaces/lib/python3.8/site-packages:${PYTHONPATH} /usr/bin/cmake --build /home/rtsd-user/Documents/assignment_3/ros2_nodes/build/jiwy_simulator -- -j1 -l1
[0.829s] Invoking command in '/home/rtsd-user/Documents/assignment_3/ros2_nodes/build/jiwy_simulator': AMENT_PREFIX_PATH=/home/rtsd-user/Documents/assignment_3/ros2_nodes/install/rtsd_interfaces:${AMENT_PREFIX_PATH} CMAKE_PREFIX_PATH=/home/rtsd-user/Documents/assignment_3/ros2_nodes/install/rtsd_interfaces:/opt/ros/galactic LD_LIBRARY_PATH=/home/rtsd-user/Documents/assignment_3/ros2_nodes/install/rtsd_interfaces/lib:${LD_LIBRARY_PATH} PYTHONPATH=/home/rtsd-user/Documents/assignment_3/ros2_nodes/install/rtsd_interfaces/lib/python3.8/site-packages:${PYTHONPATH} /usr/bin/cmake --install /home/rtsd-user/Documents/assignment_3/ros2_nodes/build/jiwy_simulator
[0.883s] -- Install configuration: ""
[0.884s] -- Up-to-date: /home/rtsd-user/Documents/assignment_3/ros2_nodes/install/jiwy_simulator/lib/jiwy_simulator/jiwy_simulator
[0.891s] -- Up-to-date: /home/rtsd-user/Documents/assignment_3/ros2_nodes/install/jiwy_simulator/lib/jiwy_simulator/setpoint_simulator
[0.893s] -- Up-to-date: /home/rtsd-user/Documents/assignment_3/ros2_nodes/install/jiwy_simulator/share/ament_index/resource_index/package_run_dependencies/jiwy_simulator
[0.894s] -- Up-to-date: /home/rtsd-user/Documents/assignment_3/ros2_nodes/install/jiwy_simulator/share/ament_index/resource_index/parent_prefix_path/jiwy_simulator
[0.894s] -- Up-to-date: /home/rtsd-user/Documents/assignment_3/ros2_nodes/install/jiwy_simulator/share/jiwy_simulator/environment/ament_prefix_path.sh
[0.894s] -- Up-to-date: /home/rtsd-user/Documents/assignment_3/ros2_nodes/install/jiwy_simulator/share/jiwy_simulator/environment/ament_prefix_path.dsv
[0.895s] -- Up-to-date: /home/rtsd-user/Documents/assignment_3/ros2_nodes/install/jiwy_simulator/share/jiwy_simulator/environment/path.sh
[0.896s] -- Up-to-date: /home/rtsd-user/Documents/assignment_3/ros2_nodes/install/jiwy_simulator/share/jiwy_simulator/environment/path.dsv
[0.898s] -- Up-to-date: /home/rtsd-user/Documents/assignment_3/ros2_nodes/install/jiwy_simulator/share/jiwy_simulator/local_setup.bash
[0.899s] -- Up-to-date: /home/rtsd-user/Documents/assignment_3/ros2_nodes/install/jiwy_simulator/share/jiwy_simulator/local_setup.sh
[0.900s] -- Up-to-date: /home/rtsd-user/Documents/assignment_3/ros2_nodes/install/jiwy_simulator/share/jiwy_simulator/local_setup.zsh
[0.905s] -- Up-to-date: /home/rtsd-user/Documents/assignment_3/ros2_nodes/install/jiwy_simulator/share/jiwy_simulator/local_setup.dsv
[0.906s] -- Installing: /home/rtsd-user/Documents/assignment_3/ros2_nodes/install/jiwy_simulator/share/jiwy_simulator/package.dsv
[0.906s] -- Up-to-date: /home/rtsd-user/Documents/assignment_3/ros2_nodes/install/jiwy_simulator/share/ament_index/resource_index/packages/jiwy_simulator
[0.907s] -- Up-to-date: /home/rtsd-user/Documents/assignment_3/ros2_nodes/install/jiwy_simulator/share/jiwy_simulator/cmake/jiwy_simulatorConfig.cmake
[0.907s] -- Up-to-date: /home/rtsd-user/Documents/assignment_3/ros2_nodes/install/jiwy_simulator/share/jiwy_simulator/cmake/jiwy_simulatorConfig-version.cmake
[0.908s] -- Up-to-date: /home/rtsd-user/Documents/assignment_3/ros2_nodes/install/jiwy_simulator/share/jiwy_simulator/package.xml
[0.927s] Invoked command in '/home/rtsd-user/Documents/assignment_3/ros2_nodes/build/jiwy_simulator' returned '0': AMENT_PREFIX_PATH=/home/rtsd-user/Documents/assignment_3/ros2_nodes/install/rtsd_interfaces:${AMENT_PREFIX_PATH} CMAKE_PREFIX_PATH=/home/rtsd-user/Documents/assignment_3/ros2_nodes/install/rtsd_interfaces:/opt/ros/galactic LD_LIBRARY_PATH=/home/rtsd-user/Documents/assignment_3/ros2_nodes/install/rtsd_interfaces/lib:${LD_LIBRARY_PATH} PYTHONPATH=/home/rtsd-user/Documents/assignment_3/ros2_nodes/install/rtsd_interfaces/lib/python3.8/site-packages:${PYTHONPATH} /usr/bin/cmake --install /home/rtsd-user/Documents/assignment_3/ros2_nodes/build/jiwy_simulator
