[0.040s] Invoking command in '/home/rtsd-user/Documents/assignment_3/ros2_nodes/build/rtsd_interfaces': CMAKE_PREFIX_PATH=/opt/ros/galactic /usr/bin/cmake /home/rtsd-user/Documents/assignment_3/ros2_nodes/src/rtsd_interfaces -DCMAKE_INSTALL_PREFIX=/home/rtsd-user/Documents/assignment_3/ros2_nodes/install/rtsd_interfaces
[0.427s] -- The C compiler identification is GNU 9.3.0
[0.817s] -- The CXX compiler identification is GNU 9.3.0
[0.849s] -- Check for working C compiler: /usr/bin/cc
[1.127s] -- Check for working C compiler: /usr/bin/cc -- works
[1.131s] -- Detecting C compiler ABI info
[1.388s] -- Detecting C compiler ABI info - done
[1.497s] -- Detecting C compile features
[1.503s] -- Detecting C compile features - done
[1.520s] -- Check for working CXX compiler: /usr/bin/c++
[1.874s] -- Check for working CXX compiler: /usr/bin/c++ -- works
[1.887s] -- Detecting CXX compiler ABI info
[2.197s] -- Detecting CXX compiler ABI info - done
[2.255s] -- Detecting CXX compile features
[2.258s] -- Detecting CXX compile features - done
[2.280s] -- Found ament_cmake: 1.1.4 (/opt/ros/galactic/share/ament_cmake/cmake)
[2.382s] -- Found PythonInterp: /usr/bin/python3 (found suitable version "3.8.10", minimum required is "3") 
[2.382s] -- Using PYTHON_EXECUTABLE: /usr/bin/python3
[2.751s] -- Found rosidl_default_generators: 1.1.1 (/opt/ros/galactic/share/rosidl_default_generators/cmake)
[2.764s] -- Using all available rosidl_typesupport_c: rosidl_typesupport_fastrtps_c;rosidl_typesupport_introspection_c
[2.795s] -- Found rosidl_adapter: 2.2.1 (/opt/ros/galactic/share/rosidl_adapter/cmake)
[3.175s] -- Found OpenSSL: /usr/lib/x86_64-linux-gnu/libcrypto.so (found version "1.1.1f")  
[3.299s] -- Found FastRTPS: /opt/ros/galactic/include  
[3.738s] -- Using all available rosidl_typesupport_cpp: rosidl_typesupport_fastrtps_cpp;rosidl_typesupport_introspection_cpp
[4.135s] -- Found PythonInterp: /usr/bin/python3 (found version "3.8.10") 
[4.716s] -- Found ament_cmake_ros: 0.9.2 (/opt/ros/galactic/share/ament_cmake_ros/cmake)
[5.143s] -- Using all available rosidl_typesupport_c: rosidl_typesupport_fastrtps_c;rosidl_typesupport_introspection_c
[5.179s] -- Using all available rosidl_typesupport_cpp: rosidl_typesupport_fastrtps_cpp;rosidl_typesupport_introspection_cpp
[5.336s] -- Found PythonInterp: /usr/bin/python3 (found suitable version "3.8.10", minimum required is "3.5") 
[5.351s] -- Found python_cmake_module: 0.8.1 (/opt/ros/galactic/share/python_cmake_module/cmake)
[5.441s] -- Found PythonLibs: /usr/lib/x86_64-linux-gnu/libpython3.8.so (found suitable version "3.8.10", minimum required is "3.5") 
[5.442s] -- Using PYTHON_EXECUTABLE: /usr/bin/python3
[5.443s] -- Using PYTHON_INCLUDE_DIRS: /usr/include/python3.8
[5.443s] -- Using PYTHON_LIBRARIES: /usr/lib/x86_64-linux-gnu/libpython3.8.so
[5.488s] -- Found PythonExtra: .so  
[5.611s] -- Found ament_lint_auto: 0.10.6 (/opt/ros/galactic/share/ament_lint_auto/cmake)
[5.703s] -- Added test 'copyright' to check source files copyright and LICENSE
[5.715s] -- Added test 'lint_cmake' to check CMake code style
[5.717s] -- Added test 'xmllint' to check XML markup files
[5.745s] -- Configuring done
[5.948s] -- Generating done
[5.981s] -- Build files have been written to: /home/rtsd-user/Documents/assignment_3/ros2_nodes/build/rtsd_interfaces
[6.041s] Invoked command in '/home/rtsd-user/Documents/assignment_3/ros2_nodes/build/rtsd_interfaces' returned '0': CMAKE_PREFIX_PATH=/opt/ros/galactic /usr/bin/cmake /home/rtsd-user/Documents/assignment_3/ros2_nodes/src/rtsd_interfaces -DCMAKE_INSTALL_PREFIX=/home/rtsd-user/Documents/assignment_3/ros2_nodes/install/rtsd_interfaces
[6.052s] Invoking command in '/home/rtsd-user/Documents/assignment_3/ros2_nodes/build/rtsd_interfaces': CMAKE_PREFIX_PATH=/opt/ros/galactic /usr/bin/cmake --build /home/rtsd-user/Documents/assignment_3/ros2_nodes/build/rtsd_interfaces -- -j1 -l1
[6.237s] [35m[1mScanning dependencies of target rtsd_interfaces__cpp[0m
[6.296s] [  3%] [34m[1mGenerating C++ code for ROS interfaces[0m
[7.824s] [  3%] Built target rtsd_interfaces__cpp
[7.859s] [  6%] [34m[1mGenerating C++ type support dispatch for ROS interfaces[0m
[9.235s] [35m[1mScanning dependencies of target rtsd_interfaces__rosidl_typesupport_cpp[0m
[9.295s] [  9%] [32mBuilding CXX object CMakeFiles/rtsd_interfaces__rosidl_typesupport_cpp.dir/rosidl_typesupport_cpp/rtsd_interfaces/msg/point2__type_support.cpp.o[0m
[10.747s] [ 12%] [32m[1mLinking CXX shared library librtsd_interfaces__rosidl_typesupport_cpp.so[0m
[10.937s] [ 12%] Built target rtsd_interfaces__rosidl_typesupport_cpp
[10.967s] [ 16%] [34m[1mGenerating C code for ROS interfaces[0m
[12.296s] [35m[1mScanning dependencies of target rtsd_interfaces__rosidl_generator_c[0m
[12.355s] [ 19%] [32mBuilding C object CMakeFiles/rtsd_interfaces__rosidl_generator_c.dir/rosidl_generator_c/rtsd_interfaces/msg/detail/point2__functions.c.o[0m
[12.595s] [ 22%] [32m[1mLinking C shared library librtsd_interfaces__rosidl_generator_c.so[0m
[12.821s] [ 22%] Built target rtsd_interfaces__rosidl_generator_c
[12.872s] [ 25%] [34m[1mGenerating C type support dispatch for ROS interfaces[0m
[14.171s] [35m[1mScanning dependencies of target rtsd_interfaces__rosidl_typesupport_c[0m
[14.224s] [ 29%] [32mBuilding CXX object CMakeFiles/rtsd_interfaces__rosidl_typesupport_c.dir/rosidl_typesupport_c/rtsd_interfaces/msg/point2__type_support.cpp.o[0m
[14.378s] [ 32%] [32m[1mLinking CXX shared library librtsd_interfaces__rosidl_typesupport_c.so[0m
[14.568s] [ 32%] Built target rtsd_interfaces__rosidl_typesupport_c
[14.616s] [ 35%] [34m[1mGenerating C++ type support for eProsima Fast-RTPS[0m
[15.979s] [35m[1mScanning dependencies of target rtsd_interfaces__rosidl_typesupport_fastrtps_cpp[0m
[16.088s] [ 38%] [32mBuilding CXX object CMakeFiles/rtsd_interfaces__rosidl_typesupport_fastrtps_cpp.dir/rosidl_typesupport_fastrtps_cpp/rtsd_interfaces/msg/detail/dds_fastrtps/point2__type_support.cpp.o[0m
[17.792s] [ 41%] [32m[1mLinking CXX shared library librtsd_interfaces__rosidl_typesupport_fastrtps_cpp.so[0m
[18.172s] [ 41%] Built target rtsd_interfaces__rosidl_typesupport_fastrtps_cpp
[18.215s] [ 45%] [34m[1mGenerating C type support for eProsima Fast-RTPS[0m
[19.443s] [35m[1mScanning dependencies of target rtsd_interfaces__rosidl_typesupport_fastrtps_c[0m
[19.527s] [ 48%] [32mBuilding CXX object CMakeFiles/rtsd_interfaces__rosidl_typesupport_fastrtps_c.dir/rosidl_typesupport_fastrtps_c/rtsd_interfaces/msg/detail/point2__type_support_c.cpp.o[0m
[21.239s] [ 51%] [32m[1mLinking CXX shared library librtsd_interfaces__rosidl_typesupport_fastrtps_c.so[0m
[21.696s] [ 51%] Built target rtsd_interfaces__rosidl_typesupport_fastrtps_c
[21.728s] [ 54%] [34m[1mGenerating C++ introspection for ROS interfaces[0m
[23.021s] [35m[1mScanning dependencies of target rtsd_interfaces__rosidl_typesupport_introspection_cpp[0m
[23.075s] [ 58%] [32mBuilding CXX object CMakeFiles/rtsd_interfaces__rosidl_typesupport_introspection_cpp.dir/rosidl_typesupport_introspection_cpp/rtsd_interfaces/msg/detail/point2__type_support.cpp.o[0m
[23.725s] [ 61%] [32m[1mLinking CXX shared library librtsd_interfaces__rosidl_typesupport_introspection_cpp.so[0m
[23.876s] [ 61%] Built target rtsd_interfaces__rosidl_typesupport_introspection_cpp
[23.902s] [ 64%] [34m[1mGenerating C introspection for ROS interfaces[0m
[24.564s] [35m[1mScanning dependencies of target rtsd_interfaces__rosidl_typesupport_introspection_c[0m
[24.609s] [ 67%] [32mBuilding C object CMakeFiles/rtsd_interfaces__rosidl_typesupport_introspection_c.dir/rosidl_typesupport_introspection_c/rtsd_interfaces/msg/detail/point2__type_support.c.o[0m
[24.750s] [ 70%] [32m[1mLinking C shared library librtsd_interfaces__rosidl_typesupport_introspection_c.so[0m
[24.804s] [ 70%] Built target rtsd_interfaces__rosidl_typesupport_introspection_c
[24.824s] [35m[1mScanning dependencies of target rtsd_interfaces[0m
[24.840s] [ 70%] Built target rtsd_interfaces
[24.859s] [35m[1mScanning dependencies of target rtsd_interfaces__py[0m
[24.875s] [ 74%] [34m[1mGenerating Python code for ROS interfaces[0m
[26.679s] [ 74%] Built target rtsd_interfaces__py
[26.719s] [35m[1mScanning dependencies of target rtsd_interfaces__python[0m
[26.803s] [ 77%] [32mBuilding C object CMakeFiles/rtsd_interfaces__python.dir/rosidl_generator_py/rtsd_interfaces/msg/_point2_s.c.o[0m
[27.224s] [ 80%] [32m[1mLinking C shared library rosidl_generator_py/rtsd_interfaces/librtsd_interfaces__python.so[0m
[27.385s] [ 80%] Built target rtsd_interfaces__python
[27.422s] [35m[1mScanning dependencies of target rtsd_interfaces__rosidl_typesupport_c__pyext[0m
[27.485s] [ 83%] [32mBuilding C object CMakeFiles/rtsd_interfaces__rosidl_typesupport_c__pyext.dir/rosidl_generator_py/rtsd_interfaces/_rtsd_interfaces_s.ep.rosidl_typesupport_c.c.o[0m
[27.845s] [ 87%] [32m[1mLinking C shared library rosidl_generator_py/rtsd_interfaces/rtsd_interfaces_s__rosidl_typesupport_c.cpython-38-x86_64-linux-gnu.so[0m
[28.007s] [ 87%] Built target rtsd_interfaces__rosidl_typesupport_c__pyext
[28.055s] [35m[1mScanning dependencies of target rtsd_interfaces__rosidl_typesupport_introspection_c__pyext[0m
[28.139s] [ 90%] [32mBuilding C object CMakeFiles/rtsd_interfaces__rosidl_typesupport_introspection_c__pyext.dir/rosidl_generator_py/rtsd_interfaces/_rtsd_interfaces_s.ep.rosidl_typesupport_introspection_c.c.o[0m
[28.597s] [ 93%] [32m[1mLinking C shared library rosidl_generator_py/rtsd_interfaces/rtsd_interfaces_s__rosidl_typesupport_introspection_c.cpython-38-x86_64-linux-gnu.so[0m
[28.775s] [ 93%] Built target rtsd_interfaces__rosidl_typesupport_introspection_c__pyext
[28.806s] [35m[1mScanning dependencies of target rtsd_interfaces__rosidl_typesupport_fastrtps_c__pyext[0m
[28.888s] [ 96%] [32mBuilding C object CMakeFiles/rtsd_interfaces__rosidl_typesupport_fastrtps_c__pyext.dir/rosidl_generator_py/rtsd_interfaces/_rtsd_interfaces_s.ep.rosidl_typesupport_fastrtps_c.c.o[0m
[29.307s] [100%] [32m[1mLinking CXX shared library rosidl_generator_py/rtsd_interfaces/rtsd_interfaces_s__rosidl_typesupport_fastrtps_c.cpython-38-x86_64-linux-gnu.so[0m
[29.649s] [100%] Built target rtsd_interfaces__rosidl_typesupport_fastrtps_c__pyext
[29.700s] Invoked command in '/home/rtsd-user/Documents/assignment_3/ros2_nodes/build/rtsd_interfaces' returned '0': CMAKE_PREFIX_PATH=/opt/ros/galactic /usr/bin/cmake --build /home/rtsd-user/Documents/assignment_3/ros2_nodes/build/rtsd_interfaces -- -j1 -l1
[30.008s] Invoking command in '/home/rtsd-user/Documents/assignment_3/ros2_nodes/build/rtsd_interfaces': CMAKE_PREFIX_PATH=/opt/ros/galactic /usr/bin/cmake --install /home/rtsd-user/Documents/assignment_3/ros2_nodes/build/rtsd_interfaces
[30.057s] -- Install configuration: ""
[30.071s] -- Installing: /home/rtsd-user/Documents/assignment_3/ros2_nodes/install/rtsd_interfaces/share/ament_index/resource_index/rosidl_interfaces/rtsd_interfaces
[30.075s] -- Installing: /home/rtsd-user/Documents/assignment_3/ros2_nodes/install/rtsd_interfaces/include/rtsd_interfaces
[30.076s] -- Installing: /home/rtsd-user/Documents/assignment_3/ros2_nodes/install/rtsd_interfaces/include/rtsd_interfaces/msg
[30.078s] -- Installing: /home/rtsd-user/Documents/assignment_3/ros2_nodes/install/rtsd_interfaces/include/rtsd_interfaces/msg/rosidl_generator_c__visibility_control.h
[30.079s] -- Installing: /home/rtsd-user/Documents/assignment_3/ros2_nodes/install/rtsd_interfaces/include/rtsd_interfaces/msg/point2.h
[30.081s] -- Installing: /home/rtsd-user/Documents/assignment_3/ros2_nodes/install/rtsd_interfaces/include/rtsd_interfaces/msg/detail
[30.081s] -- Installing: /home/rtsd-user/Documents/assignment_3/ros2_nodes/install/rtsd_interfaces/include/rtsd_interfaces/msg/detail/point2__type_support.h
[30.082s] -- Installing: /home/rtsd-user/Documents/assignment_3/ros2_nodes/install/rtsd_interfaces/include/rtsd_interfaces/msg/detail/point2__functions.h
[30.082s] -- Installing: /home/rtsd-user/Documents/assignment_3/ros2_nodes/install/rtsd_interfaces/include/rtsd_interfaces/msg/detail/point2__functions.c
[30.083s] -- Installing: /home/rtsd-user/Documents/assignment_3/ros2_nodes/install/rtsd_interfaces/include/rtsd_interfaces/msg/detail/point2__struct.h
[30.085s] -- Installing: /home/rtsd-user/Documents/assignment_3/ros2_nodes/install/rtsd_interfaces/share/rtsd_interfaces/environment/library_path.sh
[30.086s] -- Installing: /home/rtsd-user/Documents/assignment_3/ros2_nodes/install/rtsd_interfaces/share/rtsd_interfaces/environment/library_path.dsv
[30.089s] -- Installing: /home/rtsd-user/Documents/assignment_3/ros2_nodes/install/rtsd_interfaces/lib/librtsd_interfaces__rosidl_generator_c.so
[30.092s] -- Set runtime path of "/home/rtsd-user/Documents/assignment_3/ros2_nodes/install/rtsd_interfaces/lib/librtsd_interfaces__rosidl_generator_c.so" to ""
[30.096s] -- Up-to-date: /home/rtsd-user/Documents/assignment_3/ros2_nodes/install/rtsd_interfaces/include/rtsd_interfaces
[30.097s] -- Up-to-date: /home/rtsd-user/Documents/assignment_3/ros2_nodes/install/rtsd_interfaces/include/rtsd_interfaces/msg
[30.097s] -- Installing: /home/rtsd-user/Documents/assignment_3/ros2_nodes/install/rtsd_interfaces/include/rtsd_interfaces/msg/rosidl_typesupport_fastrtps_c__visibility_control.h
[30.100s] -- Up-to-date: /home/rtsd-user/Documents/assignment_3/ros2_nodes/install/rtsd_interfaces/include/rtsd_interfaces/msg/detail
[30.100s] -- Installing: /home/rtsd-user/Documents/assignment_3/ros2_nodes/install/rtsd_interfaces/include/rtsd_interfaces/msg/detail/point2__rosidl_typesupport_fastrtps_c.h
[30.101s] -- Installing: /home/rtsd-user/Documents/assignment_3/ros2_nodes/install/rtsd_interfaces/lib/librtsd_interfaces__rosidl_typesupport_fastrtps_c.so
[30.104s] -- Set runtime path of "/home/rtsd-user/Documents/assignment_3/ros2_nodes/install/rtsd_interfaces/lib/librtsd_interfaces__rosidl_typesupport_fastrtps_c.so" to ""
[30.105s] -- Up-to-date: /home/rtsd-user/Documents/assignment_3/ros2_nodes/install/rtsd_interfaces/include/rtsd_interfaces
[30.107s] -- Up-to-date: /home/rtsd-user/Documents/assignment_3/ros2_nodes/install/rtsd_interfaces/include/rtsd_interfaces/msg
[30.107s] -- Installing: /home/rtsd-user/Documents/assignment_3/ros2_nodes/install/rtsd_interfaces/include/rtsd_interfaces/msg/rosidl_typesupport_fastrtps_cpp__visibility_control.h
[30.111s] -- Up-to-date: /home/rtsd-user/Documents/assignment_3/ros2_nodes/install/rtsd_interfaces/include/rtsd_interfaces/msg/detail
[30.112s] -- Installing: /home/rtsd-user/Documents/assignment_3/ros2_nodes/install/rtsd_interfaces/include/rtsd_interfaces/msg/detail/dds_fastrtps
[30.112s] -- Installing: /home/rtsd-user/Documents/assignment_3/ros2_nodes/install/rtsd_interfaces/include/rtsd_interfaces/msg/detail/point2__rosidl_typesupport_fastrtps_cpp.hpp
[30.113s] -- Installing: /home/rtsd-user/Documents/assignment_3/ros2_nodes/install/rtsd_interfaces/lib/librtsd_interfaces__rosidl_typesupport_fastrtps_cpp.so
[30.115s] -- Set runtime path of "/home/rtsd-user/Documents/assignment_3/ros2_nodes/install/rtsd_interfaces/lib/librtsd_interfaces__rosidl_typesupport_fastrtps_cpp.so" to ""
[30.117s] -- Up-to-date: /home/rtsd-user/Documents/assignment_3/ros2_nodes/install/rtsd_interfaces/include/rtsd_interfaces
[30.118s] -- Up-to-date: /home/rtsd-user/Documents/assignment_3/ros2_nodes/install/rtsd_interfaces/include/rtsd_interfaces/msg
[30.119s] -- Up-to-date: /home/rtsd-user/Documents/assignment_3/ros2_nodes/install/rtsd_interfaces/include/rtsd_interfaces/msg/detail
[30.120s] -- Installing: /home/rtsd-user/Documents/assignment_3/ros2_nodes/install/rtsd_interfaces/include/rtsd_interfaces/msg/detail/point2__rosidl_typesupport_introspection_c.h
[30.122s] -- Installing: /home/rtsd-user/Documents/assignment_3/ros2_nodes/install/rtsd_interfaces/include/rtsd_interfaces/msg/detail/point2__type_support.c
[30.130s] -- Installing: /home/rtsd-user/Documents/assignment_3/ros2_nodes/install/rtsd_interfaces/include/rtsd_interfaces/msg/rosidl_typesupport_introspection_c__visibility_control.h
[30.131s] -- Installing: /home/rtsd-user/Documents/assignment_3/ros2_nodes/install/rtsd_interfaces/lib/librtsd_interfaces__rosidl_typesupport_introspection_c.so
[30.140s] -- Set runtime path of "/home/rtsd-user/Documents/assignment_3/ros2_nodes/install/rtsd_interfaces/lib/librtsd_interfaces__rosidl_typesupport_introspection_c.so" to ""
[30.141s] -- Installing: /home/rtsd-user/Documents/assignment_3/ros2_nodes/install/rtsd_interfaces/lib/librtsd_interfaces__rosidl_typesupport_c.so
[30.144s] -- Set runtime path of "/home/rtsd-user/Documents/assignment_3/ros2_nodes/install/rtsd_interfaces/lib/librtsd_interfaces__rosidl_typesupport_c.so" to ""
[30.144s] -- Up-to-date: /home/rtsd-user/Documents/assignment_3/ros2_nodes/install/rtsd_interfaces/include/rtsd_interfaces
[30.147s] -- Up-to-date: /home/rtsd-user/Documents/assignment_3/ros2_nodes/install/rtsd_interfaces/include/rtsd_interfaces/msg
[30.151s] -- Installing: /home/rtsd-user/Documents/assignment_3/ros2_nodes/install/rtsd_interfaces/include/rtsd_interfaces/msg/point2.hpp
[30.152s] -- Up-to-date: /home/rtsd-user/Documents/assignment_3/ros2_nodes/install/rtsd_interfaces/include/rtsd_interfaces/msg/detail
[30.154s] -- Installing: /home/rtsd-user/Documents/assignment_3/ros2_nodes/install/rtsd_interfaces/include/rtsd_interfaces/msg/detail/point2__builder.hpp
[30.155s] -- Installing: /home/rtsd-user/Documents/assignment_3/ros2_nodes/install/rtsd_interfaces/include/rtsd_interfaces/msg/detail/point2__struct.hpp
[30.156s] -- Installing: /home/rtsd-user/Documents/assignment_3/ros2_nodes/install/rtsd_interfaces/include/rtsd_interfaces/msg/detail/point2__traits.hpp
[30.159s] -- Up-to-date: /home/rtsd-user/Documents/assignment_3/ros2_nodes/install/rtsd_interfaces/include/rtsd_interfaces
[30.163s] -- Up-to-date: /home/rtsd-user/Documents/assignment_3/ros2_nodes/install/rtsd_interfaces/include/rtsd_interfaces/msg
[30.171s] -- Up-to-date: /home/rtsd-user/Documents/assignment_3/ros2_nodes/install/rtsd_interfaces/include/rtsd_interfaces/msg/detail
[30.175s] -- Installing: /home/rtsd-user/Documents/assignment_3/ros2_nodes/install/rtsd_interfaces/include/rtsd_interfaces/msg/detail/point2__type_support.cpp
[30.175s] -- Installing: /home/rtsd-user/Documents/assignment_3/ros2_nodes/install/rtsd_interfaces/include/rtsd_interfaces/msg/detail/point2__rosidl_typesupport_introspection_cpp.hpp
[30.178s] -- Installing: /home/rtsd-user/Documents/assignment_3/ros2_nodes/install/rtsd_interfaces/lib/librtsd_interfaces__rosidl_typesupport_introspection_cpp.so
[30.189s] -- Set runtime path of "/home/rtsd-user/Documents/assignment_3/ros2_nodes/install/rtsd_interfaces/lib/librtsd_interfaces__rosidl_typesupport_introspection_cpp.so" to ""
[30.190s] -- Installing: /home/rtsd-user/Documents/assignment_3/ros2_nodes/install/rtsd_interfaces/lib/librtsd_interfaces__rosidl_typesupport_cpp.so
[30.197s] -- Set runtime path of "/home/rtsd-user/Documents/assignment_3/ros2_nodes/install/rtsd_interfaces/lib/librtsd_interfaces__rosidl_typesupport_cpp.so" to ""
[30.199s] -- Installing: /home/rtsd-user/Documents/assignment_3/ros2_nodes/install/rtsd_interfaces/share/rtsd_interfaces/environment/pythonpath.sh
[30.202s] -- Installing: /home/rtsd-user/Documents/assignment_3/ros2_nodes/install/rtsd_interfaces/share/rtsd_interfaces/environment/pythonpath.dsv
[30.209s] -- Installing: /home/rtsd-user/Documents/assignment_3/ros2_nodes/install/rtsd_interfaces/lib/python3.8/site-packages/rtsd_interfaces/__init__.py
[30.415s] Compiling '/home/rtsd-user/Documents/assignment_3/ros2_nodes/install/rtsd_interfaces/lib/python3.8/site-packages/rtsd_interfaces/__init__.py'...
[30.435s] -- Installing: /home/rtsd-user/Documents/assignment_3/ros2_nodes/install/rtsd_interfaces/lib/python3.8/site-packages/rtsd_interfaces/msg
[30.436s] -- Installing: /home/rtsd-user/Documents/assignment_3/ros2_nodes/install/rtsd_interfaces/lib/python3.8/site-packages/rtsd_interfaces/msg/_point2.py
[30.436s] -- Installing: /home/rtsd-user/Documents/assignment_3/ros2_nodes/install/rtsd_interfaces/lib/python3.8/site-packages/rtsd_interfaces/msg/__init__.py
[30.437s] -- Installing: /home/rtsd-user/Documents/assignment_3/ros2_nodes/install/rtsd_interfaces/lib/python3.8/site-packages/rtsd_interfaces/msg/_point2_s.c
[30.438s] -- Installing: /home/rtsd-user/Documents/assignment_3/ros2_nodes/install/rtsd_interfaces/lib/python3.8/site-packages/rtsd_interfaces/rtsd_interfaces_s__rosidl_typesupport_fastrtps_c.cpython-38-x86_64-linux-gnu.so
[30.442s] -- Set runtime path of "/home/rtsd-user/Documents/assignment_3/ros2_nodes/install/rtsd_interfaces/lib/python3.8/site-packages/rtsd_interfaces/rtsd_interfaces_s__rosidl_typesupport_fastrtps_c.cpython-38-x86_64-linux-gnu.so" to ""
[30.443s] -- Installing: /home/rtsd-user/Documents/assignment_3/ros2_nodes/install/rtsd_interfaces/lib/python3.8/site-packages/rtsd_interfaces/rtsd_interfaces_s__rosidl_typesupport_introspection_c.cpython-38-x86_64-linux-gnu.so
[30.448s] -- Set runtime path of "/home/rtsd-user/Documents/assignment_3/ros2_nodes/install/rtsd_interfaces/lib/python3.8/site-packages/rtsd_interfaces/rtsd_interfaces_s__rosidl_typesupport_introspection_c.cpython-38-x86_64-linux-gnu.so" to ""
[30.449s] -- Installing: /home/rtsd-user/Documents/assignment_3/ros2_nodes/install/rtsd_interfaces/lib/python3.8/site-packages/rtsd_interfaces/rtsd_interfaces_s__rosidl_typesupport_c.cpython-38-x86_64-linux-gnu.so
[30.451s] -- Set runtime path of "/home/rtsd-user/Documents/assignment_3/ros2_nodes/install/rtsd_interfaces/lib/python3.8/site-packages/rtsd_interfaces/rtsd_interfaces_s__rosidl_typesupport_c.cpython-38-x86_64-linux-gnu.so" to ""
[30.451s] -- Installing: /home/rtsd-user/Documents/assignment_3/ros2_nodes/install/rtsd_interfaces/lib/librtsd_interfaces__python.so
[30.455s] -- Set runtime path of "/home/rtsd-user/Documents/assignment_3/ros2_nodes/install/rtsd_interfaces/lib/librtsd_interfaces__python.so" to ""
[30.456s] -- Installing: /home/rtsd-user/Documents/assignment_3/ros2_nodes/install/rtsd_interfaces/share/rtsd_interfaces/msg/Point2.idl
[30.456s] -- Installing: /home/rtsd-user/Documents/assignment_3/ros2_nodes/install/rtsd_interfaces/share/rtsd_interfaces/msg/Point2.msg
[30.459s] -- Installing: /home/rtsd-user/Documents/assignment_3/ros2_nodes/install/rtsd_interfaces/share/ament_index/resource_index/package_run_dependencies/rtsd_interfaces
[30.460s] -- Installing: /home/rtsd-user/Documents/assignment_3/ros2_nodes/install/rtsd_interfaces/share/ament_index/resource_index/parent_prefix_path/rtsd_interfaces
[30.461s] -- Installing: /home/rtsd-user/Documents/assignment_3/ros2_nodes/install/rtsd_interfaces/share/rtsd_interfaces/environment/ament_prefix_path.sh
[30.463s] -- Installing: /home/rtsd-user/Documents/assignment_3/ros2_nodes/install/rtsd_interfaces/share/rtsd_interfaces/environment/ament_prefix_path.dsv
[30.467s] -- Installing: /home/rtsd-user/Documents/assignment_3/ros2_nodes/install/rtsd_interfaces/share/rtsd_interfaces/environment/path.sh
[30.468s] -- Installing: /home/rtsd-user/Documents/assignment_3/ros2_nodes/install/rtsd_interfaces/share/rtsd_interfaces/environment/path.dsv
[30.469s] -- Installing: /home/rtsd-user/Documents/assignment_3/ros2_nodes/install/rtsd_interfaces/share/rtsd_interfaces/local_setup.bash
[30.469s] -- Installing: /home/rtsd-user/Documents/assignment_3/ros2_nodes/install/rtsd_interfaces/share/rtsd_interfaces/local_setup.sh
[30.471s] -- Installing: /home/rtsd-user/Documents/assignment_3/ros2_nodes/install/rtsd_interfaces/share/rtsd_interfaces/local_setup.zsh
[30.483s] -- Installing: /home/rtsd-user/Documents/assignment_3/ros2_nodes/install/rtsd_interfaces/share/rtsd_interfaces/local_setup.dsv
[30.484s] -- Installing: /home/rtsd-user/Documents/assignment_3/ros2_nodes/install/rtsd_interfaces/share/rtsd_interfaces/package.dsv
[30.487s] -- Installing: /home/rtsd-user/Documents/assignment_3/ros2_nodes/install/rtsd_interfaces/share/ament_index/resource_index/packages/rtsd_interfaces
[30.492s] -- Installing: /home/rtsd-user/Documents/assignment_3/ros2_nodes/install/rtsd_interfaces/share/rtsd_interfaces/cmake/rtsd_interfaces__rosidl_generator_cExport.cmake
[30.492s] -- Installing: /home/rtsd-user/Documents/assignment_3/ros2_nodes/install/rtsd_interfaces/share/rtsd_interfaces/cmake/rtsd_interfaces__rosidl_generator_cExport-noconfig.cmake
[30.496s] -- Installing: /home/rtsd-user/Documents/assignment_3/ros2_nodes/install/rtsd_interfaces/share/rtsd_interfaces/cmake/rtsd_interfaces__rosidl_typesupport_introspection_cExport.cmake
[30.496s] -- Installing: /home/rtsd-user/Documents/assignment_3/ros2_nodes/install/rtsd_interfaces/share/rtsd_interfaces/cmake/rtsd_interfaces__rosidl_typesupport_introspection_cExport-noconfig.cmake
[30.497s] -- Installing: /home/rtsd-user/Documents/assignment_3/ros2_nodes/install/rtsd_interfaces/share/rtsd_interfaces/cmake/rtsd_interfaces__rosidl_typesupport_cExport.cmake
[30.502s] -- Installing: /home/rtsd-user/Documents/assignment_3/ros2_nodes/install/rtsd_interfaces/share/rtsd_interfaces/cmake/rtsd_interfaces__rosidl_typesupport_cExport-noconfig.cmake
[30.511s] -- Installing: /home/rtsd-user/Documents/assignment_3/ros2_nodes/install/rtsd_interfaces/share/rtsd_interfaces/cmake/rtsd_interfaces__rosidl_generator_cppExport.cmake
[30.512s] -- Installing: /home/rtsd-user/Documents/assignment_3/ros2_nodes/install/rtsd_interfaces/share/rtsd_interfaces/cmake/rtsd_interfaces__rosidl_typesupport_introspection_cppExport.cmake
[30.513s] -- Installing: /home/rtsd-user/Documents/assignment_3/ros2_nodes/install/rtsd_interfaces/share/rtsd_interfaces/cmake/rtsd_interfaces__rosidl_typesupport_introspection_cppExport-noconfig.cmake
[30.513s] -- Installing: /home/rtsd-user/Documents/assignment_3/ros2_nodes/install/rtsd_interfaces/share/rtsd_interfaces/cmake/rtsd_interfaces__rosidl_typesupport_cppExport.cmake
[30.514s] -- Installing: /home/rtsd-user/Documents/assignment_3/ros2_nodes/install/rtsd_interfaces/share/rtsd_interfaces/cmake/rtsd_interfaces__rosidl_typesupport_cppExport-noconfig.cmake
[30.514s] -- Installing: /home/rtsd-user/Documents/assignment_3/ros2_nodes/install/rtsd_interfaces/share/rtsd_interfaces/cmake/rosidl_cmake-extras.cmake
[30.523s] -- Installing: /home/rtsd-user/Documents/assignment_3/ros2_nodes/install/rtsd_interfaces/share/rtsd_interfaces/cmake/ament_cmake_export_dependencies-extras.cmake
[30.524s] -- Installing: /home/rtsd-user/Documents/assignment_3/ros2_nodes/install/rtsd_interfaces/share/rtsd_interfaces/cmake/ament_cmake_export_libraries-extras.cmake
[30.524s] -- Installing: /home/rtsd-user/Documents/assignment_3/ros2_nodes/install/rtsd_interfaces/share/rtsd_interfaces/cmake/ament_cmake_export_targets-extras.cmake
[30.525s] -- Installing: /home/rtsd-user/Documents/assignment_3/ros2_nodes/install/rtsd_interfaces/share/rtsd_interfaces/cmake/ament_cmake_export_include_directories-extras.cmake
[30.526s] -- Installing: /home/rtsd-user/Documents/assignment_3/ros2_nodes/install/rtsd_interfaces/share/rtsd_interfaces/cmake/rosidl_cmake_export_typesupport_libraries-extras.cmake
[30.526s] -- Installing: /home/rtsd-user/Documents/assignment_3/ros2_nodes/install/rtsd_interfaces/share/rtsd_interfaces/cmake/rosidl_cmake_export_typesupport_targets-extras.cmake
[30.531s] -- Installing: /home/rtsd-user/Documents/assignment_3/ros2_nodes/install/rtsd_interfaces/share/rtsd_interfaces/cmake/rtsd_interfacesConfig.cmake
[30.532s] -- Installing: /home/rtsd-user/Documents/assignment_3/ros2_nodes/install/rtsd_interfaces/share/rtsd_interfaces/cmake/rtsd_interfacesConfig-version.cmake
[30.532s] -- Installing: /home/rtsd-user/Documents/assignment_3/ros2_nodes/install/rtsd_interfaces/share/rtsd_interfaces/package.xml
[30.561s] Invoked command in '/home/rtsd-user/Documents/assignment_3/ros2_nodes/build/rtsd_interfaces' returned '0': CMAKE_PREFIX_PATH=/opt/ros/galactic /usr/bin/cmake --install /home/rtsd-user/Documents/assignment_3/ros2_nodes/build/rtsd_interfaces
