[0.023s] Invoking command in '/home/rtsd-user/Documents/assignment_3/ros2_nodes/build/rtsd_interfaces': CMAKE_PREFIX_PATH=/opt/ros/galactic /usr/bin/cmake --build /home/rtsd-user/Documents/assignment_3/ros2_nodes/build/rtsd_interfaces -- -j1 -l1
[0.265s] [  3%] Built target rtsd_interfaces__cpp
[0.326s] [ 12%] Built target rtsd_interfaces__rosidl_typesupport_cpp
[0.405s] [ 22%] Built target rtsd_interfaces__rosidl_generator_c
[0.463s] [ 32%] Built target rtsd_interfaces__rosidl_typesupport_c
[0.540s] [ 41%] Built target rtsd_interfaces__rosidl_typesupport_fastrtps_cpp
[0.627s] [ 51%] Built target rtsd_interfaces__rosidl_typesupport_fastrtps_c
[0.750s] [ 61%] Built target rtsd_interfaces__rosidl_typesupport_introspection_cpp
[0.880s] [ 70%] Built target rtsd_interfaces__rosidl_typesupport_introspection_c
[0.994s] [ 70%] Built target rtsd_interfaces
[1.130s] [ 74%] Built target rtsd_interfaces__py
[1.318s] [ 80%] Built target rtsd_interfaces__python
[1.473s] [ 87%] Built target rtsd_interfaces__rosidl_typesupport_c__pyext
[1.638s] [ 93%] Built target rtsd_interfaces__rosidl_typesupport_introspection_c__pyext
[1.810s] [100%] Built target rtsd_interfaces__rosidl_typesupport_fastrtps_c__pyext
[1.880s] Invoked command in '/home/rtsd-user/Documents/assignment_3/ros2_nodes/build/rtsd_interfaces' returned '0': CMAKE_PREFIX_PATH=/opt/ros/galactic /usr/bin/cmake --build /home/rtsd-user/Documents/assignment_3/ros2_nodes/build/rtsd_interfaces -- -j1 -l1
[2.130s] Invoking command in '/home/rtsd-user/Documents/assignment_3/ros2_nodes/build/rtsd_interfaces': CMAKE_PREFIX_PATH=/opt/ros/galactic /usr/bin/cmake --install /home/rtsd-user/Documents/assignment_3/ros2_nodes/build/rtsd_interfaces
[2.197s] -- Install configuration: ""
[2.198s] -- Up-to-date: /home/rtsd-user/Documents/assignment_3/ros2_nodes/install/rtsd_interfaces/share/ament_index/resource_index/rosidl_interfaces/rtsd_interfaces
[2.204s] -- Up-to-date: /home/rtsd-user/Documents/assignment_3/ros2_nodes/install/rtsd_interfaces/include/rtsd_interfaces
[2.205s] -- Up-to-date: /home/rtsd-user/Documents/assignment_3/ros2_nodes/install/rtsd_interfaces/include/rtsd_interfaces/msg
[2.206s] -- Up-to-date: /home/rtsd-user/Documents/assignment_3/ros2_nodes/install/rtsd_interfaces/include/rtsd_interfaces/msg/rosidl_generator_c__visibility_control.h
[2.213s] -- Up-to-date: /home/rtsd-user/Documents/assignment_3/ros2_nodes/install/rtsd_interfaces/include/rtsd_interfaces/msg/point2.h
[2.214s] -- Up-to-date: /home/rtsd-user/Documents/assignment_3/ros2_nodes/install/rtsd_interfaces/include/rtsd_interfaces/msg/detail
[2.214s] -- Up-to-date: /home/rtsd-user/Documents/assignment_3/ros2_nodes/install/rtsd_interfaces/include/rtsd_interfaces/msg/detail/point2__type_support.h
[2.214s] -- Up-to-date: /home/rtsd-user/Documents/assignment_3/ros2_nodes/install/rtsd_interfaces/include/rtsd_interfaces/msg/detail/point2__functions.h
[2.215s] -- Up-to-date: /home/rtsd-user/Documents/assignment_3/ros2_nodes/install/rtsd_interfaces/include/rtsd_interfaces/msg/detail/point2__functions.c
[2.215s] -- Up-to-date: /home/rtsd-user/Documents/assignment_3/ros2_nodes/install/rtsd_interfaces/include/rtsd_interfaces/msg/detail/point2__struct.h
[2.215s] -- Up-to-date: /home/rtsd-user/Documents/assignment_3/ros2_nodes/install/rtsd_interfaces/share/rtsd_interfaces/environment/library_path.sh
[2.216s] -- Up-to-date: /home/rtsd-user/Documents/assignment_3/ros2_nodes/install/rtsd_interfaces/share/rtsd_interfaces/environment/library_path.dsv
[2.217s] -- Up-to-date: /home/rtsd-user/Documents/assignment_3/ros2_nodes/install/rtsd_interfaces/lib/librtsd_interfaces__rosidl_generator_c.so
[2.220s] -- Up-to-date: /home/rtsd-user/Documents/assignment_3/ros2_nodes/install/rtsd_interfaces/include/rtsd_interfaces
[2.221s] -- Up-to-date: /home/rtsd-user/Documents/assignment_3/ros2_nodes/install/rtsd_interfaces/include/rtsd_interfaces/msg
[2.222s] -- Up-to-date: /home/rtsd-user/Documents/assignment_3/ros2_nodes/install/rtsd_interfaces/include/rtsd_interfaces/msg/rosidl_typesupport_fastrtps_c__visibility_control.h
[2.225s] -- Up-to-date: /home/rtsd-user/Documents/assignment_3/ros2_nodes/install/rtsd_interfaces/include/rtsd_interfaces/msg/detail
[2.226s] -- Up-to-date: /home/rtsd-user/Documents/assignment_3/ros2_nodes/install/rtsd_interfaces/include/rtsd_interfaces/msg/detail/point2__rosidl_typesupport_fastrtps_c.h
[2.230s] -- Up-to-date: /home/rtsd-user/Documents/assignment_3/ros2_nodes/install/rtsd_interfaces/lib/librtsd_interfaces__rosidl_typesupport_fastrtps_c.so
[2.231s] -- Up-to-date: /home/rtsd-user/Documents/assignment_3/ros2_nodes/install/rtsd_interfaces/include/rtsd_interfaces
[2.231s] -- Up-to-date: /home/rtsd-user/Documents/assignment_3/ros2_nodes/install/rtsd_interfaces/include/rtsd_interfaces/msg
[2.231s] -- Up-to-date: /home/rtsd-user/Documents/assignment_3/ros2_nodes/install/rtsd_interfaces/include/rtsd_interfaces/msg/rosidl_typesupport_fastrtps_cpp__visibility_control.h
[2.232s] -- Up-to-date: /home/rtsd-user/Documents/assignment_3/ros2_nodes/install/rtsd_interfaces/include/rtsd_interfaces/msg/detail
[2.233s] -- Up-to-date: /home/rtsd-user/Documents/assignment_3/ros2_nodes/install/rtsd_interfaces/include/rtsd_interfaces/msg/detail/dds_fastrtps
[2.237s] -- Up-to-date: /home/rtsd-user/Documents/assignment_3/ros2_nodes/install/rtsd_interfaces/include/rtsd_interfaces/msg/detail/point2__rosidl_typesupport_fastrtps_cpp.hpp
[2.241s] -- Up-to-date: /home/rtsd-user/Documents/assignment_3/ros2_nodes/install/rtsd_interfaces/lib/librtsd_interfaces__rosidl_typesupport_fastrtps_cpp.so
[2.242s] -- Up-to-date: /home/rtsd-user/Documents/assignment_3/ros2_nodes/install/rtsd_interfaces/include/rtsd_interfaces
[2.242s] -- Up-to-date: /home/rtsd-user/Documents/assignment_3/ros2_nodes/install/rtsd_interfaces/include/rtsd_interfaces/msg
[2.243s] -- Up-to-date: /home/rtsd-user/Documents/assignment_3/ros2_nodes/install/rtsd_interfaces/include/rtsd_interfaces/msg/detail
[2.243s] -- Up-to-date: /home/rtsd-user/Documents/assignment_3/ros2_nodes/install/rtsd_interfaces/include/rtsd_interfaces/msg/detail/point2__rosidl_typesupport_introspection_c.h
[2.243s] -- Up-to-date: /home/rtsd-user/Documents/assignment_3/ros2_nodes/install/rtsd_interfaces/include/rtsd_interfaces/msg/detail/point2__type_support.c
[2.243s] -- Up-to-date: /home/rtsd-user/Documents/assignment_3/ros2_nodes/install/rtsd_interfaces/include/rtsd_interfaces/msg/rosidl_typesupport_introspection_c__visibility_control.h
[2.245s] -- Up-to-date: /home/rtsd-user/Documents/assignment_3/ros2_nodes/install/rtsd_interfaces/lib/librtsd_interfaces__rosidl_typesupport_introspection_c.so
[2.249s] -- Up-to-date: /home/rtsd-user/Documents/assignment_3/ros2_nodes/install/rtsd_interfaces/lib/librtsd_interfaces__rosidl_typesupport_c.so
[2.254s] -- Up-to-date: /home/rtsd-user/Documents/assignment_3/ros2_nodes/install/rtsd_interfaces/include/rtsd_interfaces
[2.255s] -- Up-to-date: /home/rtsd-user/Documents/assignment_3/ros2_nodes/install/rtsd_interfaces/include/rtsd_interfaces/msg
[2.255s] -- Up-to-date: /home/rtsd-user/Documents/assignment_3/ros2_nodes/install/rtsd_interfaces/include/rtsd_interfaces/msg/point2.hpp
[2.258s] -- Up-to-date: /home/rtsd-user/Documents/assignment_3/ros2_nodes/install/rtsd_interfaces/include/rtsd_interfaces/msg/detail
[2.258s] -- Up-to-date: /home/rtsd-user/Documents/assignment_3/ros2_nodes/install/rtsd_interfaces/include/rtsd_interfaces/msg/detail/point2__builder.hpp
[2.259s] -- Up-to-date: /home/rtsd-user/Documents/assignment_3/ros2_nodes/install/rtsd_interfaces/include/rtsd_interfaces/msg/detail/point2__struct.hpp
[2.259s] -- Up-to-date: /home/rtsd-user/Documents/assignment_3/ros2_nodes/install/rtsd_interfaces/include/rtsd_interfaces/msg/detail/point2__traits.hpp
[2.259s] -- Up-to-date: /home/rtsd-user/Documents/assignment_3/ros2_nodes/install/rtsd_interfaces/include/rtsd_interfaces
[2.262s] -- Up-to-date: /home/rtsd-user/Documents/assignment_3/ros2_nodes/install/rtsd_interfaces/include/rtsd_interfaces/msg
[2.262s] -- Up-to-date: /home/rtsd-user/Documents/assignment_3/ros2_nodes/install/rtsd_interfaces/include/rtsd_interfaces/msg/detail
[2.264s] -- Up-to-date: /home/rtsd-user/Documents/assignment_3/ros2_nodes/install/rtsd_interfaces/include/rtsd_interfaces/msg/detail/point2__type_support.cpp
[2.264s] -- Up-to-date: /home/rtsd-user/Documents/assignment_3/ros2_nodes/install/rtsd_interfaces/include/rtsd_interfaces/msg/detail/point2__rosidl_typesupport_introspection_cpp.hpp
[2.267s] -- Up-to-date: /home/rtsd-user/Documents/assignment_3/ros2_nodes/install/rtsd_interfaces/lib/librtsd_interfaces__rosidl_typesupport_introspection_cpp.so
[2.272s] -- Up-to-date: /home/rtsd-user/Documents/assignment_3/ros2_nodes/install/rtsd_interfaces/lib/librtsd_interfaces__rosidl_typesupport_cpp.so
[2.274s] -- Up-to-date: /home/rtsd-user/Documents/assignment_3/ros2_nodes/install/rtsd_interfaces/share/rtsd_interfaces/environment/pythonpath.sh
[2.285s] -- Up-to-date: /home/rtsd-user/Documents/assignment_3/ros2_nodes/install/rtsd_interfaces/share/rtsd_interfaces/environment/pythonpath.dsv
[2.304s] -- Up-to-date: /home/rtsd-user/Documents/assignment_3/ros2_nodes/install/rtsd_interfaces/lib/python3.8/site-packages/rtsd_interfaces/__init__.py
[2.615s] -- Up-to-date: /home/rtsd-user/Documents/assignment_3/ros2_nodes/install/rtsd_interfaces/lib/python3.8/site-packages/rtsd_interfaces/msg
[2.620s] -- Up-to-date: /home/rtsd-user/Documents/assignment_3/ros2_nodes/install/rtsd_interfaces/lib/python3.8/site-packages/rtsd_interfaces/msg/_point2.py
[2.628s] -- Up-to-date: /home/rtsd-user/Documents/assignment_3/ros2_nodes/install/rtsd_interfaces/lib/python3.8/site-packages/rtsd_interfaces/msg/__init__.py
[2.628s] -- Up-to-date: /home/rtsd-user/Documents/assignment_3/ros2_nodes/install/rtsd_interfaces/lib/python3.8/site-packages/rtsd_interfaces/msg/_point2_s.c
[2.641s] -- Up-to-date: /home/rtsd-user/Documents/assignment_3/ros2_nodes/install/rtsd_interfaces/lib/python3.8/site-packages/rtsd_interfaces/rtsd_interfaces_s__rosidl_typesupport_fastrtps_c.cpython-38-x86_64-linux-gnu.so
[2.641s] -- Up-to-date: /home/rtsd-user/Documents/assignment_3/ros2_nodes/install/rtsd_interfaces/lib/python3.8/site-packages/rtsd_interfaces/rtsd_interfaces_s__rosidl_typesupport_introspection_c.cpython-38-x86_64-linux-gnu.so
[2.647s] -- Up-to-date: /home/rtsd-user/Documents/assignment_3/ros2_nodes/install/rtsd_interfaces/lib/python3.8/site-packages/rtsd_interfaces/rtsd_interfaces_s__rosidl_typesupport_c.cpython-38-x86_64-linux-gnu.so
[2.658s] -- Up-to-date: /home/rtsd-user/Documents/assignment_3/ros2_nodes/install/rtsd_interfaces/lib/librtsd_interfaces__python.so
[2.668s] -- Up-to-date: /home/rtsd-user/Documents/assignment_3/ros2_nodes/install/rtsd_interfaces/share/rtsd_interfaces/msg/Point2.idl
[2.676s] -- Up-to-date: /home/rtsd-user/Documents/assignment_3/ros2_nodes/install/rtsd_interfaces/share/rtsd_interfaces/msg/Point2.msg
[2.682s] -- Up-to-date: /home/rtsd-user/Documents/assignment_3/ros2_nodes/install/rtsd_interfaces/share/ament_index/resource_index/package_run_dependencies/rtsd_interfaces
[2.692s] -- Up-to-date: /home/rtsd-user/Documents/assignment_3/ros2_nodes/install/rtsd_interfaces/share/ament_index/resource_index/parent_prefix_path/rtsd_interfaces
[2.693s] -- Up-to-date: /home/rtsd-user/Documents/assignment_3/ros2_nodes/install/rtsd_interfaces/share/rtsd_interfaces/environment/ament_prefix_path.sh
[2.703s] -- Up-to-date: /home/rtsd-user/Documents/assignment_3/ros2_nodes/install/rtsd_interfaces/share/rtsd_interfaces/environment/ament_prefix_path.dsv
[2.710s] -- Up-to-date: /home/rtsd-user/Documents/assignment_3/ros2_nodes/install/rtsd_interfaces/share/rtsd_interfaces/environment/path.sh
[2.714s] -- Up-to-date: /home/rtsd-user/Documents/assignment_3/ros2_nodes/install/rtsd_interfaces/share/rtsd_interfaces/environment/path.dsv
[2.720s] -- Up-to-date: /home/rtsd-user/Documents/assignment_3/ros2_nodes/install/rtsd_interfaces/share/rtsd_interfaces/local_setup.bash
[2.721s] -- Up-to-date: /home/rtsd-user/Documents/assignment_3/ros2_nodes/install/rtsd_interfaces/share/rtsd_interfaces/local_setup.sh
[2.727s] -- Up-to-date: /home/rtsd-user/Documents/assignment_3/ros2_nodes/install/rtsd_interfaces/share/rtsd_interfaces/local_setup.zsh
[2.734s] -- Up-to-date: /home/rtsd-user/Documents/assignment_3/ros2_nodes/install/rtsd_interfaces/share/rtsd_interfaces/local_setup.dsv
[2.736s] -- Installing: /home/rtsd-user/Documents/assignment_3/ros2_nodes/install/rtsd_interfaces/share/rtsd_interfaces/package.dsv
[2.747s] -- Up-to-date: /home/rtsd-user/Documents/assignment_3/ros2_nodes/install/rtsd_interfaces/share/ament_index/resource_index/packages/rtsd_interfaces
[2.758s] -- Up-to-date: /home/rtsd-user/Documents/assignment_3/ros2_nodes/install/rtsd_interfaces/share/rtsd_interfaces/cmake/rtsd_interfaces__rosidl_generator_cExport.cmake
[2.762s] -- Up-to-date: /home/rtsd-user/Documents/assignment_3/ros2_nodes/install/rtsd_interfaces/share/rtsd_interfaces/cmake/rtsd_interfaces__rosidl_generator_cExport-noconfig.cmake
[2.768s] -- Up-to-date: /home/rtsd-user/Documents/assignment_3/ros2_nodes/install/rtsd_interfaces/share/rtsd_interfaces/cmake/rtsd_interfaces__rosidl_typesupport_introspection_cExport.cmake
[2.772s] -- Up-to-date: /home/rtsd-user/Documents/assignment_3/ros2_nodes/install/rtsd_interfaces/share/rtsd_interfaces/cmake/rtsd_interfaces__rosidl_typesupport_introspection_cExport-noconfig.cmake
[2.780s] -- Up-to-date: /home/rtsd-user/Documents/assignment_3/ros2_nodes/install/rtsd_interfaces/share/rtsd_interfaces/cmake/rtsd_interfaces__rosidl_typesupport_cExport.cmake
[2.787s] -- Up-to-date: /home/rtsd-user/Documents/assignment_3/ros2_nodes/install/rtsd_interfaces/share/rtsd_interfaces/cmake/rtsd_interfaces__rosidl_typesupport_cExport-noconfig.cmake
[2.794s] -- Up-to-date: /home/rtsd-user/Documents/assignment_3/ros2_nodes/install/rtsd_interfaces/share/rtsd_interfaces/cmake/rtsd_interfaces__rosidl_generator_cppExport.cmake
[2.805s] -- Up-to-date: /home/rtsd-user/Documents/assignment_3/ros2_nodes/install/rtsd_interfaces/share/rtsd_interfaces/cmake/rtsd_interfaces__rosidl_typesupport_introspection_cppExport.cmake
[2.807s] -- Up-to-date: /home/rtsd-user/Documents/assignment_3/ros2_nodes/install/rtsd_interfaces/share/rtsd_interfaces/cmake/rtsd_interfaces__rosidl_typesupport_introspection_cppExport-noconfig.cmake
[2.813s] -- Up-to-date: /home/rtsd-user/Documents/assignment_3/ros2_nodes/install/rtsd_interfaces/share/rtsd_interfaces/cmake/rtsd_interfaces__rosidl_typesupport_cppExport.cmake
[2.820s] -- Up-to-date: /home/rtsd-user/Documents/assignment_3/ros2_nodes/install/rtsd_interfaces/share/rtsd_interfaces/cmake/rtsd_interfaces__rosidl_typesupport_cppExport-noconfig.cmake
[2.825s] -- Up-to-date: /home/rtsd-user/Documents/assignment_3/ros2_nodes/install/rtsd_interfaces/share/rtsd_interfaces/cmake/rosidl_cmake-extras.cmake
[2.829s] -- Up-to-date: /home/rtsd-user/Documents/assignment_3/ros2_nodes/install/rtsd_interfaces/share/rtsd_interfaces/cmake/ament_cmake_export_dependencies-extras.cmake
[2.833s] -- Up-to-date: /home/rtsd-user/Documents/assignment_3/ros2_nodes/install/rtsd_interfaces/share/rtsd_interfaces/cmake/ament_cmake_export_libraries-extras.cmake
[2.840s] -- Up-to-date: /home/rtsd-user/Documents/assignment_3/ros2_nodes/install/rtsd_interfaces/share/rtsd_interfaces/cmake/ament_cmake_export_targets-extras.cmake
[2.841s] -- Up-to-date: /home/rtsd-user/Documents/assignment_3/ros2_nodes/install/rtsd_interfaces/share/rtsd_interfaces/cmake/ament_cmake_export_include_directories-extras.cmake
[2.845s] -- Up-to-date: /home/rtsd-user/Documents/assignment_3/ros2_nodes/install/rtsd_interfaces/share/rtsd_interfaces/cmake/rosidl_cmake_export_typesupport_libraries-extras.cmake
[2.849s] -- Up-to-date: /home/rtsd-user/Documents/assignment_3/ros2_nodes/install/rtsd_interfaces/share/rtsd_interfaces/cmake/rosidl_cmake_export_typesupport_targets-extras.cmake
[2.859s] -- Up-to-date: /home/rtsd-user/Documents/assignment_3/ros2_nodes/install/rtsd_interfaces/share/rtsd_interfaces/cmake/rtsd_interfacesConfig.cmake
[2.863s] -- Up-to-date: /home/rtsd-user/Documents/assignment_3/ros2_nodes/install/rtsd_interfaces/share/rtsd_interfaces/cmake/rtsd_interfacesConfig-version.cmake
[2.870s] -- Up-to-date: /home/rtsd-user/Documents/assignment_3/ros2_nodes/install/rtsd_interfaces/share/rtsd_interfaces/package.xml
[2.893s] Invoked command in '/home/rtsd-user/Documents/assignment_3/ros2_nodes/build/rtsd_interfaces' returned '0': CMAKE_PREFIX_PATH=/opt/ros/galactic /usr/bin/cmake --install /home/rtsd-user/Documents/assignment_3/ros2_nodes/build/rtsd_interfaces
