[0.024s] Invoking command in '/home/rtsd-user/Documents/assignment_3/ros2_nodes/build/rtsd_interfaces': CMAKE_PREFIX_PATH=/opt/ros/galactic /usr/bin/cmake --build /home/rtsd-user/Documents/assignment_3/ros2_nodes/build/rtsd_interfaces -- -j1 -l1
[0.197s] [  3%] Built target rtsd_interfaces__cpp
[0.276s] [ 12%] Built target rtsd_interfaces__rosidl_typesupport_cpp
[0.334s] [ 22%] Built target rtsd_interfaces__rosidl_generator_c
[0.387s] [ 32%] Built target rtsd_interfaces__rosidl_typesupport_c
[0.500s] [ 41%] Built target rtsd_interfaces__rosidl_typesupport_fastrtps_cpp
[0.674s] [ 51%] Built target rtsd_interfaces__rosidl_typesupport_fastrtps_c
[0.792s] [ 61%] Built target rtsd_interfaces__rosidl_typesupport_introspection_cpp
[0.877s] [ 70%] Built target rtsd_interfaces__rosidl_typesupport_introspection_c
[0.956s] [ 70%] Built target rtsd_interfaces
[1.053s] [ 74%] Built target rtsd_interfaces__py
[1.157s] [ 80%] Built target rtsd_interfaces__python
[1.244s] [ 87%] Built target rtsd_interfaces__rosidl_typesupport_c__pyext
[1.392s] [ 93%] Built target rtsd_interfaces__rosidl_typesupport_introspection_c__pyext
[1.536s] [100%] Built target rtsd_interfaces__rosidl_typesupport_fastrtps_c__pyext
[1.623s] Invoked command in '/home/rtsd-user/Documents/assignment_3/ros2_nodes/build/rtsd_interfaces' returned '0': CMAKE_PREFIX_PATH=/opt/ros/galactic /usr/bin/cmake --build /home/rtsd-user/Documents/assignment_3/ros2_nodes/build/rtsd_interfaces -- -j1 -l1
[1.952s] Invoking command in '/home/rtsd-user/Documents/assignment_3/ros2_nodes/build/rtsd_interfaces': CMAKE_PREFIX_PATH=/opt/ros/galactic /usr/bin/cmake --install /home/rtsd-user/Documents/assignment_3/ros2_nodes/build/rtsd_interfaces
[2.020s] -- Install configuration: ""
[2.024s] -- Up-to-date: /home/rtsd-user/Documents/assignment_3/ros2_nodes/install/rtsd_interfaces/share/ament_index/resource_index/rosidl_interfaces/rtsd_interfaces
[2.024s] -- Up-to-date: /home/rtsd-user/Documents/assignment_3/ros2_nodes/install/rtsd_interfaces/include/rtsd_interfaces
[2.024s] -- Up-to-date: /home/rtsd-user/Documents/assignment_3/ros2_nodes/install/rtsd_interfaces/include/rtsd_interfaces/msg
[2.025s] -- Up-to-date: /home/rtsd-user/Documents/assignment_3/ros2_nodes/install/rtsd_interfaces/include/rtsd_interfaces/msg/rosidl_generator_c__visibility_control.h
[2.025s] -- Up-to-date: /home/rtsd-user/Documents/assignment_3/ros2_nodes/install/rtsd_interfaces/include/rtsd_interfaces/msg/point2.h
[2.025s] -- Up-to-date: /home/rtsd-user/Documents/assignment_3/ros2_nodes/install/rtsd_interfaces/include/rtsd_interfaces/msg/detail
[2.028s] -- Up-to-date: /home/rtsd-user/Documents/assignment_3/ros2_nodes/install/rtsd_interfaces/include/rtsd_interfaces/msg/detail/point2__type_support.h
[2.032s] -- Up-to-date: /home/rtsd-user/Documents/assignment_3/ros2_nodes/install/rtsd_interfaces/include/rtsd_interfaces/msg/detail/point2__functions.h
[2.032s] -- Up-to-date: /home/rtsd-user/Documents/assignment_3/ros2_nodes/install/rtsd_interfaces/include/rtsd_interfaces/msg/detail/point2__functions.c
[2.032s] -- Up-to-date: /home/rtsd-user/Documents/assignment_3/ros2_nodes/install/rtsd_interfaces/include/rtsd_interfaces/msg/detail/point2__struct.h
[2.033s] -- Up-to-date: /home/rtsd-user/Documents/assignment_3/ros2_nodes/install/rtsd_interfaces/share/rtsd_interfaces/environment/library_path.sh
[2.033s] -- Up-to-date: /home/rtsd-user/Documents/assignment_3/ros2_nodes/install/rtsd_interfaces/share/rtsd_interfaces/environment/library_path.dsv
[2.035s] -- Up-to-date: /home/rtsd-user/Documents/assignment_3/ros2_nodes/install/rtsd_interfaces/lib/librtsd_interfaces__rosidl_generator_c.so
[2.036s] -- Up-to-date: /home/rtsd-user/Documents/assignment_3/ros2_nodes/install/rtsd_interfaces/include/rtsd_interfaces
[2.038s] -- Up-to-date: /home/rtsd-user/Documents/assignment_3/ros2_nodes/install/rtsd_interfaces/include/rtsd_interfaces/msg
[2.041s] -- Up-to-date: /home/rtsd-user/Documents/assignment_3/ros2_nodes/install/rtsd_interfaces/include/rtsd_interfaces/msg/rosidl_typesupport_fastrtps_c__visibility_control.h
[2.041s] -- Up-to-date: /home/rtsd-user/Documents/assignment_3/ros2_nodes/install/rtsd_interfaces/include/rtsd_interfaces/msg/detail
[2.044s] -- Up-to-date: /home/rtsd-user/Documents/assignment_3/ros2_nodes/install/rtsd_interfaces/include/rtsd_interfaces/msg/detail/point2__rosidl_typesupport_fastrtps_c.h
[2.048s] -- Up-to-date: /home/rtsd-user/Documents/assignment_3/ros2_nodes/install/rtsd_interfaces/lib/librtsd_interfaces__rosidl_typesupport_fastrtps_c.so
[2.049s] -- Up-to-date: /home/rtsd-user/Documents/assignment_3/ros2_nodes/install/rtsd_interfaces/include/rtsd_interfaces
[2.049s] -- Up-to-date: /home/rtsd-user/Documents/assignment_3/ros2_nodes/install/rtsd_interfaces/include/rtsd_interfaces/msg
[2.050s] -- Up-to-date: /home/rtsd-user/Documents/assignment_3/ros2_nodes/install/rtsd_interfaces/include/rtsd_interfaces/msg/rosidl_typesupport_fastrtps_cpp__visibility_control.h
[2.051s] -- Up-to-date: /home/rtsd-user/Documents/assignment_3/ros2_nodes/install/rtsd_interfaces/include/rtsd_interfaces/msg/detail
[2.052s] -- Up-to-date: /home/rtsd-user/Documents/assignment_3/ros2_nodes/install/rtsd_interfaces/include/rtsd_interfaces/msg/detail/dds_fastrtps
[2.055s] -- Up-to-date: /home/rtsd-user/Documents/assignment_3/ros2_nodes/install/rtsd_interfaces/include/rtsd_interfaces/msg/detail/point2__rosidl_typesupport_fastrtps_cpp.hpp
[2.060s] -- Up-to-date: /home/rtsd-user/Documents/assignment_3/ros2_nodes/install/rtsd_interfaces/lib/librtsd_interfaces__rosidl_typesupport_fastrtps_cpp.so
[2.061s] -- Up-to-date: /home/rtsd-user/Documents/assignment_3/ros2_nodes/install/rtsd_interfaces/include/rtsd_interfaces
[2.061s] -- Up-to-date: /home/rtsd-user/Documents/assignment_3/ros2_nodes/install/rtsd_interfaces/include/rtsd_interfaces/msg
[2.061s] -- Up-to-date: /home/rtsd-user/Documents/assignment_3/ros2_nodes/install/rtsd_interfaces/include/rtsd_interfaces/msg/detail
[2.062s] -- Up-to-date: /home/rtsd-user/Documents/assignment_3/ros2_nodes/install/rtsd_interfaces/include/rtsd_interfaces/msg/detail/point2__rosidl_typesupport_introspection_c.h
[2.064s] -- Up-to-date: /home/rtsd-user/Documents/assignment_3/ros2_nodes/install/rtsd_interfaces/include/rtsd_interfaces/msg/detail/point2__type_support.c
[2.064s] -- Up-to-date: /home/rtsd-user/Documents/assignment_3/ros2_nodes/install/rtsd_interfaces/include/rtsd_interfaces/msg/rosidl_typesupport_introspection_c__visibility_control.h
[2.068s] -- Up-to-date: /home/rtsd-user/Documents/assignment_3/ros2_nodes/install/rtsd_interfaces/lib/librtsd_interfaces__rosidl_typesupport_introspection_c.so
[2.072s] -- Up-to-date: /home/rtsd-user/Documents/assignment_3/ros2_nodes/install/rtsd_interfaces/lib/librtsd_interfaces__rosidl_typesupport_c.so
[2.075s] -- Up-to-date: /home/rtsd-user/Documents/assignment_3/ros2_nodes/install/rtsd_interfaces/include/rtsd_interfaces
[2.076s] -- Up-to-date: /home/rtsd-user/Documents/assignment_3/ros2_nodes/install/rtsd_interfaces/include/rtsd_interfaces/msg
[2.076s] -- Up-to-date: /home/rtsd-user/Documents/assignment_3/ros2_nodes/install/rtsd_interfaces/include/rtsd_interfaces/msg/point2.hpp
[2.079s] -- Up-to-date: /home/rtsd-user/Documents/assignment_3/ros2_nodes/install/rtsd_interfaces/include/rtsd_interfaces/msg/detail
[2.079s] -- Up-to-date: /home/rtsd-user/Documents/assignment_3/ros2_nodes/install/rtsd_interfaces/include/rtsd_interfaces/msg/detail/point2__builder.hpp
[2.080s] -- Up-to-date: /home/rtsd-user/Documents/assignment_3/ros2_nodes/install/rtsd_interfaces/include/rtsd_interfaces/msg/detail/point2__struct.hpp
[2.080s] -- Up-to-date: /home/rtsd-user/Documents/assignment_3/ros2_nodes/install/rtsd_interfaces/include/rtsd_interfaces/msg/detail/point2__traits.hpp
[2.084s] -- Up-to-date: /home/rtsd-user/Documents/assignment_3/ros2_nodes/install/rtsd_interfaces/include/rtsd_interfaces
[2.084s] -- Up-to-date: /home/rtsd-user/Documents/assignment_3/ros2_nodes/install/rtsd_interfaces/include/rtsd_interfaces/msg
[2.085s] -- Up-to-date: /home/rtsd-user/Documents/assignment_3/ros2_nodes/install/rtsd_interfaces/include/rtsd_interfaces/msg/detail
[2.085s] -- Up-to-date: /home/rtsd-user/Documents/assignment_3/ros2_nodes/install/rtsd_interfaces/include/rtsd_interfaces/msg/detail/point2__type_support.cpp
[2.086s] -- Up-to-date: /home/rtsd-user/Documents/assignment_3/ros2_nodes/install/rtsd_interfaces/include/rtsd_interfaces/msg/detail/point2__rosidl_typesupport_introspection_cpp.hpp
[2.087s] -- Up-to-date: /home/rtsd-user/Documents/assignment_3/ros2_nodes/install/rtsd_interfaces/lib/librtsd_interfaces__rosidl_typesupport_introspection_cpp.so
[2.089s] -- Up-to-date: /home/rtsd-user/Documents/assignment_3/ros2_nodes/install/rtsd_interfaces/lib/librtsd_interfaces__rosidl_typesupport_cpp.so
[2.090s] -- Up-to-date: /home/rtsd-user/Documents/assignment_3/ros2_nodes/install/rtsd_interfaces/share/rtsd_interfaces/environment/pythonpath.sh
[2.092s] -- Up-to-date: /home/rtsd-user/Documents/assignment_3/ros2_nodes/install/rtsd_interfaces/share/rtsd_interfaces/environment/pythonpath.dsv
[2.096s] -- Up-to-date: /home/rtsd-user/Documents/assignment_3/ros2_nodes/install/rtsd_interfaces/lib/python3.8/site-packages/rtsd_interfaces/__init__.py
[2.284s] -- Up-to-date: /home/rtsd-user/Documents/assignment_3/ros2_nodes/install/rtsd_interfaces/lib/python3.8/site-packages/rtsd_interfaces/msg
[2.284s] -- Up-to-date: /home/rtsd-user/Documents/assignment_3/ros2_nodes/install/rtsd_interfaces/lib/python3.8/site-packages/rtsd_interfaces/msg/_point2.py
[2.284s] -- Up-to-date: /home/rtsd-user/Documents/assignment_3/ros2_nodes/install/rtsd_interfaces/lib/python3.8/site-packages/rtsd_interfaces/msg/__init__.py
[2.285s] -- Up-to-date: /home/rtsd-user/Documents/assignment_3/ros2_nodes/install/rtsd_interfaces/lib/python3.8/site-packages/rtsd_interfaces/msg/_point2_s.c
[2.285s] -- Up-to-date: /home/rtsd-user/Documents/assignment_3/ros2_nodes/install/rtsd_interfaces/lib/python3.8/site-packages/rtsd_interfaces/rtsd_interfaces_s__rosidl_typesupport_fastrtps_c.cpython-38-x86_64-linux-gnu.so
[2.285s] -- Up-to-date: /home/rtsd-user/Documents/assignment_3/ros2_nodes/install/rtsd_interfaces/lib/python3.8/site-packages/rtsd_interfaces/rtsd_interfaces_s__rosidl_typesupport_introspection_c.cpython-38-x86_64-linux-gnu.so
[2.285s] -- Up-to-date: /home/rtsd-user/Documents/assignment_3/ros2_nodes/install/rtsd_interfaces/lib/python3.8/site-packages/rtsd_interfaces/rtsd_interfaces_s__rosidl_typesupport_c.cpython-38-x86_64-linux-gnu.so
[2.288s] -- Up-to-date: /home/rtsd-user/Documents/assignment_3/ros2_nodes/install/rtsd_interfaces/lib/librtsd_interfaces__python.so
[2.290s] -- Up-to-date: /home/rtsd-user/Documents/assignment_3/ros2_nodes/install/rtsd_interfaces/share/rtsd_interfaces/msg/Point2.idl
[2.290s] -- Up-to-date: /home/rtsd-user/Documents/assignment_3/ros2_nodes/install/rtsd_interfaces/share/rtsd_interfaces/msg/Point2.msg
[2.290s] -- Up-to-date: /home/rtsd-user/Documents/assignment_3/ros2_nodes/install/rtsd_interfaces/share/ament_index/resource_index/package_run_dependencies/rtsd_interfaces
[2.296s] -- Up-to-date: /home/rtsd-user/Documents/assignment_3/ros2_nodes/install/rtsd_interfaces/share/ament_index/resource_index/parent_prefix_path/rtsd_interfaces
[2.299s] -- Up-to-date: /home/rtsd-user/Documents/assignment_3/ros2_nodes/install/rtsd_interfaces/share/rtsd_interfaces/environment/ament_prefix_path.sh
[2.300s] -- Up-to-date: /home/rtsd-user/Documents/assignment_3/ros2_nodes/install/rtsd_interfaces/share/rtsd_interfaces/environment/ament_prefix_path.dsv
[2.300s] -- Up-to-date: /home/rtsd-user/Documents/assignment_3/ros2_nodes/install/rtsd_interfaces/share/rtsd_interfaces/environment/path.sh
[2.300s] -- Up-to-date: /home/rtsd-user/Documents/assignment_3/ros2_nodes/install/rtsd_interfaces/share/rtsd_interfaces/environment/path.dsv
[2.301s] -- Up-to-date: /home/rtsd-user/Documents/assignment_3/ros2_nodes/install/rtsd_interfaces/share/rtsd_interfaces/local_setup.bash
[2.301s] -- Up-to-date: /home/rtsd-user/Documents/assignment_3/ros2_nodes/install/rtsd_interfaces/share/rtsd_interfaces/local_setup.sh
[2.301s] -- Up-to-date: /home/rtsd-user/Documents/assignment_3/ros2_nodes/install/rtsd_interfaces/share/rtsd_interfaces/local_setup.zsh
[2.302s] -- Up-to-date: /home/rtsd-user/Documents/assignment_3/ros2_nodes/install/rtsd_interfaces/share/rtsd_interfaces/local_setup.dsv
[2.302s] -- Installing: /home/rtsd-user/Documents/assignment_3/ros2_nodes/install/rtsd_interfaces/share/rtsd_interfaces/package.dsv
[2.303s] -- Up-to-date: /home/rtsd-user/Documents/assignment_3/ros2_nodes/install/rtsd_interfaces/share/ament_index/resource_index/packages/rtsd_interfaces
[2.307s] -- Up-to-date: /home/rtsd-user/Documents/assignment_3/ros2_nodes/install/rtsd_interfaces/share/rtsd_interfaces/cmake/rtsd_interfaces__rosidl_generator_cExport.cmake
[2.310s] -- Up-to-date: /home/rtsd-user/Documents/assignment_3/ros2_nodes/install/rtsd_interfaces/share/rtsd_interfaces/cmake/rtsd_interfaces__rosidl_generator_cExport-noconfig.cmake
[2.311s] -- Up-to-date: /home/rtsd-user/Documents/assignment_3/ros2_nodes/install/rtsd_interfaces/share/rtsd_interfaces/cmake/rtsd_interfaces__rosidl_typesupport_introspection_cExport.cmake
[2.311s] -- Up-to-date: /home/rtsd-user/Documents/assignment_3/ros2_nodes/install/rtsd_interfaces/share/rtsd_interfaces/cmake/rtsd_interfaces__rosidl_typesupport_introspection_cExport-noconfig.cmake
[2.312s] -- Up-to-date: /home/rtsd-user/Documents/assignment_3/ros2_nodes/install/rtsd_interfaces/share/rtsd_interfaces/cmake/rtsd_interfaces__rosidl_typesupport_cExport.cmake
[2.312s] -- Up-to-date: /home/rtsd-user/Documents/assignment_3/ros2_nodes/install/rtsd_interfaces/share/rtsd_interfaces/cmake/rtsd_interfaces__rosidl_typesupport_cExport-noconfig.cmake
[2.315s] -- Up-to-date: /home/rtsd-user/Documents/assignment_3/ros2_nodes/install/rtsd_interfaces/share/rtsd_interfaces/cmake/rtsd_interfaces__rosidl_generator_cppExport.cmake
[2.316s] -- Up-to-date: /home/rtsd-user/Documents/assignment_3/ros2_nodes/install/rtsd_interfaces/share/rtsd_interfaces/cmake/rtsd_interfaces__rosidl_typesupport_introspection_cppExport.cmake
[2.319s] -- Up-to-date: /home/rtsd-user/Documents/assignment_3/ros2_nodes/install/rtsd_interfaces/share/rtsd_interfaces/cmake/rtsd_interfaces__rosidl_typesupport_introspection_cppExport-noconfig.cmake
[2.320s] -- Up-to-date: /home/rtsd-user/Documents/assignment_3/ros2_nodes/install/rtsd_interfaces/share/rtsd_interfaces/cmake/rtsd_interfaces__rosidl_typesupport_cppExport.cmake
[2.320s] -- Up-to-date: /home/rtsd-user/Documents/assignment_3/ros2_nodes/install/rtsd_interfaces/share/rtsd_interfaces/cmake/rtsd_interfaces__rosidl_typesupport_cppExport-noconfig.cmake
[2.320s] -- Up-to-date: /home/rtsd-user/Documents/assignment_3/ros2_nodes/install/rtsd_interfaces/share/rtsd_interfaces/cmake/rosidl_cmake-extras.cmake
[2.323s] -- Up-to-date: /home/rtsd-user/Documents/assignment_3/ros2_nodes/install/rtsd_interfaces/share/rtsd_interfaces/cmake/ament_cmake_export_dependencies-extras.cmake
[2.323s] -- Up-to-date: /home/rtsd-user/Documents/assignment_3/ros2_nodes/install/rtsd_interfaces/share/rtsd_interfaces/cmake/ament_cmake_export_libraries-extras.cmake
[2.323s] -- Up-to-date: /home/rtsd-user/Documents/assignment_3/ros2_nodes/install/rtsd_interfaces/share/rtsd_interfaces/cmake/ament_cmake_export_targets-extras.cmake
[2.324s] -- Up-to-date: /home/rtsd-user/Documents/assignment_3/ros2_nodes/install/rtsd_interfaces/share/rtsd_interfaces/cmake/ament_cmake_export_include_directories-extras.cmake
[2.324s] -- Up-to-date: /home/rtsd-user/Documents/assignment_3/ros2_nodes/install/rtsd_interfaces/share/rtsd_interfaces/cmake/rosidl_cmake_export_typesupport_libraries-extras.cmake
[2.324s] -- Up-to-date: /home/rtsd-user/Documents/assignment_3/ros2_nodes/install/rtsd_interfaces/share/rtsd_interfaces/cmake/rosidl_cmake_export_typesupport_targets-extras.cmake
[2.328s] -- Up-to-date: /home/rtsd-user/Documents/assignment_3/ros2_nodes/install/rtsd_interfaces/share/rtsd_interfaces/cmake/rtsd_interfacesConfig.cmake
[2.328s] -- Up-to-date: /home/rtsd-user/Documents/assignment_3/ros2_nodes/install/rtsd_interfaces/share/rtsd_interfaces/cmake/rtsd_interfacesConfig-version.cmake
[2.329s] -- Up-to-date: /home/rtsd-user/Documents/assignment_3/ros2_nodes/install/rtsd_interfaces/share/rtsd_interfaces/package.xml
[2.341s] Invoked command in '/home/rtsd-user/Documents/assignment_3/ros2_nodes/build/rtsd_interfaces' returned '0': CMAKE_PREFIX_PATH=/opt/ros/galactic /usr/bin/cmake --install /home/rtsd-user/Documents/assignment_3/ros2_nodes/build/rtsd_interfaces
