Performing C SOURCE FILE Test CMAKE_HAVE_LIBC_PTHREAD failed with the following output:
Change Dir: /home/rtsd_group_01/code/rtsd_assignment_3/ros2_nodes/build/light_detection_3/CMakeFiles/CMakeTmp

Run Build Command(s):/usr/bin/make cmTC_9814c/fast && /usr/bin/make -f CMakeFiles/cmTC_9814c.dir/build.make CMakeFiles/cmTC_9814c.dir/build
make[1]: Entering directory '/home/rtsd_group_01/code/rtsd_assignment_3/ros2_nodes/build/light_detection_3/CMakeFiles/CMakeTmp'
Building C object CMakeFiles/cmTC_9814c.dir/src.c.o
/usr/bin/cc   -DCMAKE_HAVE_LIBC_PTHREAD   -o CMakeFiles/cmTC_9814c.dir/src.c.o   -c /home/rtsd_group_01/code/rtsd_assignment_3/ros2_nodes/build/light_detection_3/CMakeFiles/CMakeTmp/src.c
Linking C executable cmTC_9814c
/usr/bin/cmake -E cmake_link_script CMakeFiles/cmTC_9814c.dir/link.txt --verbose=1
/usr/bin/cc  -DCMAKE_HAVE_LIBC_PTHREAD    CMakeFiles/cmTC_9814c.dir/src.c.o  -o cmTC_9814c 
/usr/bin/ld: CMakeFiles/cmTC_9814c.dir/src.c.o: in function `main':
src.c:(.text+0x40): undefined reference to `pthread_create'
/usr/bin/ld: src.c:(.text+0x4c): undefined reference to `pthread_detach'
/usr/bin/ld: src.c:(.text+0x5c): undefined reference to `pthread_join'
collect2: error: ld returned 1 exit status
make[1]: *** [CMakeFiles/cmTC_9814c.dir/build.make:87: cmTC_9814c] Error 1
make[1]: Leaving directory '/home/rtsd_group_01/code/rtsd_assignment_3/ros2_nodes/build/light_detection_3/CMakeFiles/CMakeTmp'
make: *** [Makefile:121: cmTC_9814c/fast] Error 2


Source file was:
#include <pthread.h>

void* test_func(void* data)
{
  return data;
}

int main(void)
{
  pthread_t thread;
  pthread_create(&thread, NULL, test_func, NULL);
  pthread_detach(thread);
  pthread_join(thread, NULL);
  pthread_atfork(NULL, NULL, NULL);
  pthread_exit(NULL);

  return 0;
}

Determining if the function pthread_create exists in the pthreads failed with the following output:
Change Dir: /home/rtsd_group_01/code/rtsd_assignment_3/ros2_nodes/build/light_detection_3/CMakeFiles/CMakeTmp

Run Build Command(s):/usr/bin/make cmTC_d40e8/fast && /usr/bin/make -f CMakeFiles/cmTC_d40e8.dir/build.make CMakeFiles/cmTC_d40e8.dir/build
make[1]: Entering directory '/home/rtsd_group_01/code/rtsd_assignment_3/ros2_nodes/build/light_detection_3/CMakeFiles/CMakeTmp'
Building C object CMakeFiles/cmTC_d40e8.dir/CheckFunctionExists.c.o
/usr/bin/cc   -DCHECK_FUNCTION_EXISTS=pthread_create   -o CMakeFiles/cmTC_d40e8.dir/CheckFunctionExists.c.o   -c /usr/share/cmake-3.16/Modules/CheckFunctionExists.c
Linking C executable cmTC_d40e8
/usr/bin/cmake -E cmake_link_script CMakeFiles/cmTC_d40e8.dir/link.txt --verbose=1
/usr/bin/cc  -DCHECK_FUNCTION_EXISTS=pthread_create    CMakeFiles/cmTC_d40e8.dir/CheckFunctionExists.c.o  -o cmTC_d40e8  -lpthreads 
/usr/bin/ld: cannot find -lpthreads
collect2: error: ld returned 1 exit status
make[1]: *** [CMakeFiles/cmTC_d40e8.dir/build.make:87: cmTC_d40e8] Error 1
make[1]: Leaving directory '/home/rtsd_group_01/code/rtsd_assignment_3/ros2_nodes/build/light_detection_3/CMakeFiles/CMakeTmp'
make: *** [Makefile:121: cmTC_d40e8/fast] Error 2



