[0.618s] DEBUG:colcon:Command line arguments: ['/usr/bin/colcon', 'build']
[0.619s] DEBUG:colcon:Parsed command line arguments: Namespace(ament_cmake_args=None, base_paths=['.'], build_base='build', catkin_cmake_args=None, catkin_skip_building_tests=False, cmake_args=None, cmake_clean_cache=False, cmake_clean_first=False, cmake_force_configure=False, cmake_target=None, cmake_target_skip_unavailable=False, continue_on_error=False, event_handlers=None, executor='parallel', ignore_user_meta=False, install_base='install', log_base=None, log_level=None, main=<bound method BuildVerb.main of <colcon_core.verb.build.BuildVerb object at 0x7fd500e5ae50>>, merge_install=False, metas=['./colcon.meta'], packages_above=None, packages_above_and_dependencies=None, packages_above_depth=None, packages_end=None, packages_ignore=None, packages_ignore_regex=None, packages_select=None, packages_select_build_failed=False, packages_select_by_dep=None, packages_select_regex=None, packages_select_test_failures=False, packages_skip=None, packages_skip_build_finished=False, packages_skip_by_dep=None, packages_skip_regex=None, packages_skip_test_passed=False, packages_skip_up_to=None, packages_start=None, packages_up_to=None, packages_up_to_regex=None, parallel_workers=1, paths=None, symlink_install=False, test_result_base=None, verb_extension=<colcon_core.verb.build.BuildVerb object at 0x7fd500e5ae50>, verb_name='build', verb_parser=<colcon_defaults.argument_parser.defaults.DefaultArgumentsDecorator object at 0x7fd500e68400>)
[0.636s] Level 1:colcon.colcon_core.package_discovery:discover_packages(colcon_meta) check parameters
[0.637s] Level 1:colcon.colcon_core.package_discovery:discover_packages(recursive) check parameters
[0.638s] Level 1:colcon.colcon_core.package_discovery:discover_packages(ignore) check parameters
[0.638s] Level 1:colcon.colcon_core.package_discovery:discover_packages(path) check parameters
[0.638s] Level 1:colcon.colcon_core.package_discovery:discover_packages(colcon_meta) discover
[0.639s] Level 1:colcon.colcon_core.package_discovery:discover_packages(recursive) discover
[0.639s] INFO:colcon.colcon_core.package_discovery:Crawling recursively for packages in '/home/rtsd-user/Documents/assignment_3/ros2_nodes'
[0.639s] Level 1:colcon.colcon_core.package_identification:_identify(.) by extensions ['ignore', 'ignore_ament_install']
[0.639s] Level 1:colcon.colcon_core.package_identification:_identify(.) by extension 'ignore'
[0.640s] Level 1:colcon.colcon_core.package_identification:_identify(.) by extension 'ignore_ament_install'
[0.640s] Level 1:colcon.colcon_core.package_identification:_identify(.) by extensions ['colcon_pkg']
[0.640s] Level 1:colcon.colcon_core.package_identification:_identify(.) by extension 'colcon_pkg'
[0.640s] Level 1:colcon.colcon_core.package_identification:_identify(.) by extensions ['colcon_meta']
[0.640s] Level 1:colcon.colcon_core.package_identification:_identify(.) by extension 'colcon_meta'
[0.640s] Level 1:colcon.colcon_core.package_identification:_identify(.) by extensions ['ros']
[0.640s] Level 1:colcon.colcon_core.package_identification:_identify(.) by extension 'ros'
[0.664s] Level 1:colcon.colcon_core.package_identification:_identify(.) by extensions ['cmake', 'python']
[0.664s] Level 1:colcon.colcon_core.package_identification:_identify(.) by extension 'cmake'
[0.664s] Level 1:colcon.colcon_core.package_identification:_identify(.) by extension 'python'
[0.664s] Level 1:colcon.colcon_core.package_identification:_identify(.) by extensions ['python_setup_py']
[0.664s] Level 1:colcon.colcon_core.package_identification:_identify(.) by extension 'python_setup_py'
[0.665s] Level 1:colcon.colcon_core.package_identification:_identify(build) by extensions ['ignore', 'ignore_ament_install']
[0.665s] Level 1:colcon.colcon_core.package_identification:_identify(build) by extension 'ignore'
[0.665s] Level 1:colcon.colcon_core.package_identification:_identify(build) ignored
[0.665s] Level 1:colcon.colcon_core.package_identification:_identify(install) by extensions ['ignore', 'ignore_ament_install']
[0.665s] Level 1:colcon.colcon_core.package_identification:_identify(install) by extension 'ignore'
[0.665s] Level 1:colcon.colcon_core.package_identification:_identify(install) ignored
[0.666s] Level 1:colcon.colcon_core.package_identification:_identify(log) by extensions ['ignore', 'ignore_ament_install']
[0.666s] Level 1:colcon.colcon_core.package_identification:_identify(log) by extension 'ignore'
[0.666s] Level 1:colcon.colcon_core.package_identification:_identify(log) ignored
[0.666s] Level 1:colcon.colcon_core.package_identification:_identify(src) by extensions ['ignore', 'ignore_ament_install']
[0.666s] Level 1:colcon.colcon_core.package_identification:_identify(src) by extension 'ignore'
[0.666s] Level 1:colcon.colcon_core.package_identification:_identify(src) by extension 'ignore_ament_install'
[0.666s] Level 1:colcon.colcon_core.package_identification:_identify(src) by extensions ['colcon_pkg']
[0.667s] Level 1:colcon.colcon_core.package_identification:_identify(src) by extension 'colcon_pkg'
[0.667s] Level 1:colcon.colcon_core.package_identification:_identify(src) by extensions ['colcon_meta']
[0.667s] Level 1:colcon.colcon_core.package_identification:_identify(src) by extension 'colcon_meta'
[0.667s] Level 1:colcon.colcon_core.package_identification:_identify(src) by extensions ['ros']
[0.667s] Level 1:colcon.colcon_core.package_identification:_identify(src) by extension 'ros'
[0.667s] Level 1:colcon.colcon_core.package_identification:_identify(src) by extensions ['cmake', 'python']
[0.667s] Level 1:colcon.colcon_core.package_identification:_identify(src) by extension 'cmake'
[0.667s] Level 1:colcon.colcon_core.package_identification:_identify(src) by extension 'python'
[0.667s] Level 1:colcon.colcon_core.package_identification:_identify(src) by extensions ['python_setup_py']
[0.667s] Level 1:colcon.colcon_core.package_identification:_identify(src) by extension 'python_setup_py'
[0.668s] Level 1:colcon.colcon_core.package_identification:_identify(src/jiwy_simulator) by extensions ['ignore', 'ignore_ament_install']
[0.668s] Level 1:colcon.colcon_core.package_identification:_identify(src/jiwy_simulator) by extension 'ignore'
[0.668s] Level 1:colcon.colcon_core.package_identification:_identify(src/jiwy_simulator) by extension 'ignore_ament_install'
[0.668s] Level 1:colcon.colcon_core.package_identification:_identify(src/jiwy_simulator) by extensions ['colcon_pkg']
[0.668s] Level 1:colcon.colcon_core.package_identification:_identify(src/jiwy_simulator) by extension 'colcon_pkg'
[0.668s] Level 1:colcon.colcon_core.package_identification:_identify(src/jiwy_simulator) by extensions ['colcon_meta']
[0.668s] Level 1:colcon.colcon_core.package_identification:_identify(src/jiwy_simulator) by extension 'colcon_meta'
[0.669s] Level 1:colcon.colcon_core.package_identification:_identify(src/jiwy_simulator) by extensions ['ros']
[0.669s] Level 1:colcon.colcon_core.package_identification:_identify(src/jiwy_simulator) by extension 'ros'
[0.674s] DEBUG:colcon.colcon_core.package_identification:Package 'src/jiwy_simulator' with type 'ros.ament_cmake' and name 'jiwy_simulator'
[0.674s] Level 1:colcon.colcon_core.package_identification:_identify(src/light_detection_3) by extensions ['ignore', 'ignore_ament_install']
[0.674s] Level 1:colcon.colcon_core.package_identification:_identify(src/light_detection_3) by extension 'ignore'
[0.675s] Level 1:colcon.colcon_core.package_identification:_identify(src/light_detection_3) by extension 'ignore_ament_install'
[0.675s] Level 1:colcon.colcon_core.package_identification:_identify(src/light_detection_3) by extensions ['colcon_pkg']
[0.675s] Level 1:colcon.colcon_core.package_identification:_identify(src/light_detection_3) by extension 'colcon_pkg'
[0.675s] Level 1:colcon.colcon_core.package_identification:_identify(src/light_detection_3) by extensions ['colcon_meta']
[0.675s] Level 1:colcon.colcon_core.package_identification:_identify(src/light_detection_3) by extension 'colcon_meta'
[0.675s] Level 1:colcon.colcon_core.package_identification:_identify(src/light_detection_3) by extensions ['ros']
[0.675s] Level 1:colcon.colcon_core.package_identification:_identify(src/light_detection_3) by extension 'ros'
[0.677s] DEBUG:colcon.colcon_core.package_identification:Package 'src/light_detection_3' with type 'ros.ament_cmake' and name 'light_detection_3'
[0.677s] Level 1:colcon.colcon_core.package_identification:_identify(src/rtsd_interfaces) by extensions ['ignore', 'ignore_ament_install']
[0.677s] Level 1:colcon.colcon_core.package_identification:_identify(src/rtsd_interfaces) by extension 'ignore'
[0.678s] Level 1:colcon.colcon_core.package_identification:_identify(src/rtsd_interfaces) by extension 'ignore_ament_install'
[0.678s] Level 1:colcon.colcon_core.package_identification:_identify(src/rtsd_interfaces) by extensions ['colcon_pkg']
[0.678s] Level 1:colcon.colcon_core.package_identification:_identify(src/rtsd_interfaces) by extension 'colcon_pkg'
[0.678s] Level 1:colcon.colcon_core.package_identification:_identify(src/rtsd_interfaces) by extensions ['colcon_meta']
[0.678s] Level 1:colcon.colcon_core.package_identification:_identify(src/rtsd_interfaces) by extension 'colcon_meta'
[0.678s] Level 1:colcon.colcon_core.package_identification:_identify(src/rtsd_interfaces) by extensions ['ros']
[0.678s] Level 1:colcon.colcon_core.package_identification:_identify(src/rtsd_interfaces) by extension 'ros'
[0.679s] DEBUG:colcon.colcon_core.package_identification:Package 'src/rtsd_interfaces' with type 'ros.ament_cmake' and name 'rtsd_interfaces'
[0.679s] Level 1:colcon.colcon_core.package_discovery:discover_packages(recursive) using defaults
[0.679s] Level 1:colcon.colcon_core.package_discovery:discover_packages(ignore) discover
[0.680s] Level 1:colcon.colcon_core.package_discovery:discover_packages(ignore) using defaults
[0.680s] Level 1:colcon.colcon_core.package_discovery:discover_packages(path) discover
[0.680s] Level 1:colcon.colcon_core.package_discovery:discover_packages(path) using defaults
[0.712s] Level 5:colcon.colcon_core.verb:set package 'rtsd_interfaces' build argument 'cmake_args' from command line to 'None'
[0.712s] Level 5:colcon.colcon_core.verb:set package 'rtsd_interfaces' build argument 'cmake_target' from command line to 'None'
[0.713s] Level 5:colcon.colcon_core.verb:set package 'rtsd_interfaces' build argument 'cmake_target_skip_unavailable' from command line to 'False'
[0.713s] Level 5:colcon.colcon_core.verb:set package 'rtsd_interfaces' build argument 'cmake_clean_cache' from command line to 'False'
[0.713s] Level 5:colcon.colcon_core.verb:set package 'rtsd_interfaces' build argument 'cmake_clean_first' from command line to 'False'
[0.713s] Level 5:colcon.colcon_core.verb:set package 'rtsd_interfaces' build argument 'cmake_force_configure' from command line to 'False'
[0.713s] Level 5:colcon.colcon_core.verb:set package 'rtsd_interfaces' build argument 'ament_cmake_args' from command line to 'None'
[0.713s] Level 5:colcon.colcon_core.verb:set package 'rtsd_interfaces' build argument 'catkin_cmake_args' from command line to 'None'
[0.713s] Level 5:colcon.colcon_core.verb:set package 'rtsd_interfaces' build argument 'catkin_skip_building_tests' from command line to 'False'
[0.713s] DEBUG:colcon.colcon_core.verb:Building package 'rtsd_interfaces' with the following arguments: {'ament_cmake_args': None, 'build_base': '/home/rtsd-user/Documents/assignment_3/ros2_nodes/build/rtsd_interfaces', 'catkin_cmake_args': None, 'catkin_skip_building_tests': False, 'cmake_args': None, 'cmake_clean_cache': False, 'cmake_clean_first': False, 'cmake_force_configure': False, 'cmake_target': None, 'cmake_target_skip_unavailable': False, 'install_base': '/home/rtsd-user/Documents/assignment_3/ros2_nodes/install/rtsd_interfaces', 'merge_install': False, 'path': '/home/rtsd-user/Documents/assignment_3/ros2_nodes/src/rtsd_interfaces', 'symlink_install': False, 'test_result_base': None}
[0.718s] Level 5:colcon.colcon_core.verb:set package 'jiwy_simulator' build argument 'cmake_args' from command line to 'None'
[0.718s] Level 5:colcon.colcon_core.verb:set package 'jiwy_simulator' build argument 'cmake_target' from command line to 'None'
[0.718s] Level 5:colcon.colcon_core.verb:set package 'jiwy_simulator' build argument 'cmake_target_skip_unavailable' from command line to 'False'
[0.719s] Level 5:colcon.colcon_core.verb:set package 'jiwy_simulator' build argument 'cmake_clean_cache' from command line to 'False'
[0.719s] Level 5:colcon.colcon_core.verb:set package 'jiwy_simulator' build argument 'cmake_clean_first' from command line to 'False'
[0.719s] Level 5:colcon.colcon_core.verb:set package 'jiwy_simulator' build argument 'cmake_force_configure' from command line to 'False'
[0.719s] Level 5:colcon.colcon_core.verb:set package 'jiwy_simulator' build argument 'ament_cmake_args' from command line to 'None'
[0.719s] Level 5:colcon.colcon_core.verb:set package 'jiwy_simulator' build argument 'catkin_cmake_args' from command line to 'None'
[0.719s] Level 5:colcon.colcon_core.verb:set package 'jiwy_simulator' build argument 'catkin_skip_building_tests' from command line to 'False'
[0.719s] DEBUG:colcon.colcon_core.verb:Building package 'jiwy_simulator' with the following arguments: {'ament_cmake_args': None, 'build_base': '/home/rtsd-user/Documents/assignment_3/ros2_nodes/build/jiwy_simulator', 'catkin_cmake_args': None, 'catkin_skip_building_tests': False, 'cmake_args': None, 'cmake_clean_cache': False, 'cmake_clean_first': False, 'cmake_force_configure': False, 'cmake_target': None, 'cmake_target_skip_unavailable': False, 'install_base': '/home/rtsd-user/Documents/assignment_3/ros2_nodes/install/jiwy_simulator', 'merge_install': False, 'path': '/home/rtsd-user/Documents/assignment_3/ros2_nodes/src/jiwy_simulator', 'symlink_install': False, 'test_result_base': None}
[0.725s] Level 5:colcon.colcon_core.verb:set package 'light_detection_3' build argument 'cmake_args' from command line to 'None'
[0.725s] Level 5:colcon.colcon_core.verb:set package 'light_detection_3' build argument 'cmake_target' from command line to 'None'
[0.725s] Level 5:colcon.colcon_core.verb:set package 'light_detection_3' build argument 'cmake_target_skip_unavailable' from command line to 'False'
[0.725s] Level 5:colcon.colcon_core.verb:set package 'light_detection_3' build argument 'cmake_clean_cache' from command line to 'False'
[0.725s] Level 5:colcon.colcon_core.verb:set package 'light_detection_3' build argument 'cmake_clean_first' from command line to 'False'
[0.725s] Level 5:colcon.colcon_core.verb:set package 'light_detection_3' build argument 'cmake_force_configure' from command line to 'False'
[0.725s] Level 5:colcon.colcon_core.verb:set package 'light_detection_3' build argument 'ament_cmake_args' from command line to 'None'
[0.725s] Level 5:colcon.colcon_core.verb:set package 'light_detection_3' build argument 'catkin_cmake_args' from command line to 'None'
[0.725s] Level 5:colcon.colcon_core.verb:set package 'light_detection_3' build argument 'catkin_skip_building_tests' from command line to 'False'
[0.725s] DEBUG:colcon.colcon_core.verb:Building package 'light_detection_3' with the following arguments: {'ament_cmake_args': None, 'build_base': '/home/rtsd-user/Documents/assignment_3/ros2_nodes/build/light_detection_3', 'catkin_cmake_args': None, 'catkin_skip_building_tests': False, 'cmake_args': None, 'cmake_clean_cache': False, 'cmake_clean_first': False, 'cmake_force_configure': False, 'cmake_target': None, 'cmake_target_skip_unavailable': False, 'install_base': '/home/rtsd-user/Documents/assignment_3/ros2_nodes/install/light_detection_3', 'merge_install': False, 'path': '/home/rtsd-user/Documents/assignment_3/ros2_nodes/src/light_detection_3', 'symlink_install': False, 'test_result_base': None}
[0.726s] INFO:colcon.colcon_core.executor:Executing jobs using 'parallel' executor
[0.730s] DEBUG:colcon.colcon_parallel_executor.executor.parallel:run_until_complete
[0.730s] INFO:colcon.colcon_ros.task.ament_cmake.build:Building ROS package in '/home/rtsd-user/Documents/assignment_3/ros2_nodes/src/rtsd_interfaces' with build type 'ament_cmake'
[0.731s] INFO:colcon.colcon_cmake.task.cmake.build:Building CMake package in '/home/rtsd-user/Documents/assignment_3/ros2_nodes/src/rtsd_interfaces'
[0.743s] INFO:colcon.colcon_core.plugin_system:Skipping extension 'colcon_core.shell.bat': Not used on non-Windows systems
[0.743s] INFO:colcon.colcon_core.shell:Skip shell extension 'powershell' for command environment: Not usable outside of PowerShell
[0.744s] DEBUG:colcon.colcon_core.shell:Skip shell extension 'dsv' for command environment
[0.755s] DEBUG:colcon.colcon_core.shell:Ignoring prefix path '/opt/ros/galactic'
[0.782s] DEBUG:colcon.colcon_core.event_handler.log_command:Invoking command in '/home/rtsd-user/Documents/assignment_3/ros2_nodes/build/rtsd_interfaces': CMAKE_PREFIX_PATH=/opt/ros/galactic /usr/bin/cmake /home/rtsd-user/Documents/assignment_3/ros2_nodes/src/rtsd_interfaces -DCMAKE_INSTALL_PREFIX=/home/rtsd-user/Documents/assignment_3/ros2_nodes/install/rtsd_interfaces
[6.783s] DEBUG:colcon.colcon_core.event_handler.log_command:Invoked command in '/home/rtsd-user/Documents/assignment_3/ros2_nodes/build/rtsd_interfaces' returned '0': CMAKE_PREFIX_PATH=/opt/ros/galactic /usr/bin/cmake /home/rtsd-user/Documents/assignment_3/ros2_nodes/src/rtsd_interfaces -DCMAKE_INSTALL_PREFIX=/home/rtsd-user/Documents/assignment_3/ros2_nodes/install/rtsd_interfaces
[6.794s] DEBUG:colcon.colcon_core.event_handler.log_command:Invoking command in '/home/rtsd-user/Documents/assignment_3/ros2_nodes/build/rtsd_interfaces': CMAKE_PREFIX_PATH=/opt/ros/galactic /usr/bin/cmake --build /home/rtsd-user/Documents/assignment_3/ros2_nodes/build/rtsd_interfaces -- -j1 -l1
[30.442s] DEBUG:colcon.colcon_core.event_handler.log_command:Invoked command in '/home/rtsd-user/Documents/assignment_3/ros2_nodes/build/rtsd_interfaces' returned '0': CMAKE_PREFIX_PATH=/opt/ros/galactic /usr/bin/cmake --build /home/rtsd-user/Documents/assignment_3/ros2_nodes/build/rtsd_interfaces -- -j1 -l1
[30.750s] DEBUG:colcon.colcon_core.event_handler.log_command:Invoking command in '/home/rtsd-user/Documents/assignment_3/ros2_nodes/build/rtsd_interfaces': CMAKE_PREFIX_PATH=/opt/ros/galactic /usr/bin/cmake --install /home/rtsd-user/Documents/assignment_3/ros2_nodes/build/rtsd_interfaces
[31.290s] Level 1:colcon.colcon_core.environment:create_environment_scripts_only(rtsd_interfaces)
[31.302s] DEBUG:colcon.colcon_core.event_handler.log_command:Invoked command in '/home/rtsd-user/Documents/assignment_3/ros2_nodes/build/rtsd_interfaces' returned '0': CMAKE_PREFIX_PATH=/opt/ros/galactic /usr/bin/cmake --install /home/rtsd-user/Documents/assignment_3/ros2_nodes/build/rtsd_interfaces
[31.307s] Level 1:colcon.colcon_core.environment:checking '/home/rtsd-user/Documents/assignment_3/ros2_nodes/install/rtsd_interfaces' for CMake module files
[31.319s] Level 1:colcon.colcon_core.environment:checking '/home/rtsd-user/Documents/assignment_3/ros2_nodes/install/rtsd_interfaces' for CMake config files
[31.325s] Level 1:colcon.colcon_core.shell:create_environment_hook('rtsd_interfaces', 'cmake_prefix_path')
[31.326s] INFO:colcon.colcon_core.shell:Creating environment hook '/home/rtsd-user/Documents/assignment_3/ros2_nodes/install/rtsd_interfaces/share/rtsd_interfaces/hook/cmake_prefix_path.ps1'
[31.337s] INFO:colcon.colcon_core.shell:Creating environment descriptor '/home/rtsd-user/Documents/assignment_3/ros2_nodes/install/rtsd_interfaces/share/rtsd_interfaces/hook/cmake_prefix_path.dsv'
[31.338s] INFO:colcon.colcon_core.shell:Creating environment hook '/home/rtsd-user/Documents/assignment_3/ros2_nodes/install/rtsd_interfaces/share/rtsd_interfaces/hook/cmake_prefix_path.sh'
[31.350s] Level 1:colcon.colcon_core.environment:checking '/home/rtsd-user/Documents/assignment_3/ros2_nodes/install/rtsd_interfaces/lib'
[31.357s] Level 1:colcon.colcon_core.shell:create_environment_hook('rtsd_interfaces', 'ld_library_path_lib')
[31.358s] INFO:colcon.colcon_core.shell:Creating environment hook '/home/rtsd-user/Documents/assignment_3/ros2_nodes/install/rtsd_interfaces/share/rtsd_interfaces/hook/ld_library_path_lib.ps1'
[31.359s] INFO:colcon.colcon_core.shell:Creating environment descriptor '/home/rtsd-user/Documents/assignment_3/ros2_nodes/install/rtsd_interfaces/share/rtsd_interfaces/hook/ld_library_path_lib.dsv'
[31.360s] INFO:colcon.colcon_core.shell:Creating environment hook '/home/rtsd-user/Documents/assignment_3/ros2_nodes/install/rtsd_interfaces/share/rtsd_interfaces/hook/ld_library_path_lib.sh'
[31.377s] Level 1:colcon.colcon_core.environment:checking '/home/rtsd-user/Documents/assignment_3/ros2_nodes/install/rtsd_interfaces/bin'
[31.377s] Level 1:colcon.colcon_core.environment:checking '/home/rtsd-user/Documents/assignment_3/ros2_nodes/install/rtsd_interfaces/lib/pkgconfig/rtsd_interfaces.pc'
[31.378s] Level 1:colcon.colcon_core.environment:checking '/home/rtsd-user/Documents/assignment_3/ros2_nodes/install/rtsd_interfaces/lib/python3.8/site-packages'
[31.378s] Level 1:colcon.colcon_core.shell:create_environment_hook('rtsd_interfaces', 'pythonpath')
[31.379s] INFO:colcon.colcon_core.shell:Creating environment hook '/home/rtsd-user/Documents/assignment_3/ros2_nodes/install/rtsd_interfaces/share/rtsd_interfaces/hook/pythonpath.ps1'
[31.383s] INFO:colcon.colcon_core.shell:Creating environment descriptor '/home/rtsd-user/Documents/assignment_3/ros2_nodes/install/rtsd_interfaces/share/rtsd_interfaces/hook/pythonpath.dsv'
[31.389s] INFO:colcon.colcon_core.shell:Creating environment hook '/home/rtsd-user/Documents/assignment_3/ros2_nodes/install/rtsd_interfaces/share/rtsd_interfaces/hook/pythonpath.sh'
[31.396s] INFO:colcon.colcon_core.shell:Creating package script '/home/rtsd-user/Documents/assignment_3/ros2_nodes/install/rtsd_interfaces/share/rtsd_interfaces/package.ps1'
[31.398s] INFO:colcon.colcon_core.shell:Creating package descriptor '/home/rtsd-user/Documents/assignment_3/ros2_nodes/install/rtsd_interfaces/share/rtsd_interfaces/package.dsv'
[31.408s] INFO:colcon.colcon_core.shell:Creating package script '/home/rtsd-user/Documents/assignment_3/ros2_nodes/install/rtsd_interfaces/share/rtsd_interfaces/package.sh'
[31.410s] INFO:colcon.colcon_core.shell:Creating package script '/home/rtsd-user/Documents/assignment_3/ros2_nodes/install/rtsd_interfaces/share/rtsd_interfaces/package.bash'
[31.412s] INFO:colcon.colcon_core.shell:Creating package script '/home/rtsd-user/Documents/assignment_3/ros2_nodes/install/rtsd_interfaces/share/rtsd_interfaces/package.zsh'
[31.429s] Level 1:colcon.colcon_core.environment:create_file_with_runtime_dependencies(/home/rtsd-user/Documents/assignment_3/ros2_nodes/install/rtsd_interfaces/share/colcon-core/packages/rtsd_interfaces)
[31.719s] Level 1:colcon.colcon_core.environment:create_environment_scripts_only(rtsd_interfaces)
[31.725s] Level 1:colcon.colcon_core.environment:checking '/home/rtsd-user/Documents/assignment_3/ros2_nodes/install/rtsd_interfaces' for CMake module files
[31.726s] Level 1:colcon.colcon_core.environment:checking '/home/rtsd-user/Documents/assignment_3/ros2_nodes/install/rtsd_interfaces' for CMake config files
[31.727s] Level 1:colcon.colcon_core.shell:create_environment_hook('rtsd_interfaces', 'cmake_prefix_path')
[31.731s] INFO:colcon.colcon_core.shell:Creating environment hook '/home/rtsd-user/Documents/assignment_3/ros2_nodes/install/rtsd_interfaces/share/rtsd_interfaces/hook/cmake_prefix_path.ps1'
[31.741s] INFO:colcon.colcon_core.shell:Creating environment descriptor '/home/rtsd-user/Documents/assignment_3/ros2_nodes/install/rtsd_interfaces/share/rtsd_interfaces/hook/cmake_prefix_path.dsv'
[31.744s] INFO:colcon.colcon_core.shell:Creating environment hook '/home/rtsd-user/Documents/assignment_3/ros2_nodes/install/rtsd_interfaces/share/rtsd_interfaces/hook/cmake_prefix_path.sh'
[31.746s] Level 1:colcon.colcon_core.environment:checking '/home/rtsd-user/Documents/assignment_3/ros2_nodes/install/rtsd_interfaces/lib'
[31.746s] Level 1:colcon.colcon_core.shell:create_environment_hook('rtsd_interfaces', 'ld_library_path_lib')
[31.747s] INFO:colcon.colcon_core.shell:Creating environment hook '/home/rtsd-user/Documents/assignment_3/ros2_nodes/install/rtsd_interfaces/share/rtsd_interfaces/hook/ld_library_path_lib.ps1'
[31.756s] INFO:colcon.colcon_core.shell:Creating environment descriptor '/home/rtsd-user/Documents/assignment_3/ros2_nodes/install/rtsd_interfaces/share/rtsd_interfaces/hook/ld_library_path_lib.dsv'
[31.761s] INFO:colcon.colcon_core.shell:Creating environment hook '/home/rtsd-user/Documents/assignment_3/ros2_nodes/install/rtsd_interfaces/share/rtsd_interfaces/hook/ld_library_path_lib.sh'
[31.762s] Level 1:colcon.colcon_core.environment:checking '/home/rtsd-user/Documents/assignment_3/ros2_nodes/install/rtsd_interfaces/bin'
[31.762s] Level 1:colcon.colcon_core.environment:checking '/home/rtsd-user/Documents/assignment_3/ros2_nodes/install/rtsd_interfaces/lib/pkgconfig/rtsd_interfaces.pc'
[31.762s] Level 1:colcon.colcon_core.environment:checking '/home/rtsd-user/Documents/assignment_3/ros2_nodes/install/rtsd_interfaces/lib/python3.8/site-packages'
[31.762s] Level 1:colcon.colcon_core.shell:create_environment_hook('rtsd_interfaces', 'pythonpath')
[31.764s] INFO:colcon.colcon_core.shell:Creating environment hook '/home/rtsd-user/Documents/assignment_3/ros2_nodes/install/rtsd_interfaces/share/rtsd_interfaces/hook/pythonpath.ps1'
[31.771s] INFO:colcon.colcon_core.shell:Creating environment descriptor '/home/rtsd-user/Documents/assignment_3/ros2_nodes/install/rtsd_interfaces/share/rtsd_interfaces/hook/pythonpath.dsv'
[31.776s] INFO:colcon.colcon_core.shell:Creating environment hook '/home/rtsd-user/Documents/assignment_3/ros2_nodes/install/rtsd_interfaces/share/rtsd_interfaces/hook/pythonpath.sh'
[31.779s] INFO:colcon.colcon_core.shell:Creating package script '/home/rtsd-user/Documents/assignment_3/ros2_nodes/install/rtsd_interfaces/share/rtsd_interfaces/package.ps1'
[31.787s] INFO:colcon.colcon_core.shell:Creating package descriptor '/home/rtsd-user/Documents/assignment_3/ros2_nodes/install/rtsd_interfaces/share/rtsd_interfaces/package.dsv'
[31.795s] INFO:colcon.colcon_core.shell:Creating package script '/home/rtsd-user/Documents/assignment_3/ros2_nodes/install/rtsd_interfaces/share/rtsd_interfaces/package.sh'
[31.798s] INFO:colcon.colcon_core.shell:Creating package script '/home/rtsd-user/Documents/assignment_3/ros2_nodes/install/rtsd_interfaces/share/rtsd_interfaces/package.bash'
[31.805s] INFO:colcon.colcon_core.shell:Creating package script '/home/rtsd-user/Documents/assignment_3/ros2_nodes/install/rtsd_interfaces/share/rtsd_interfaces/package.zsh'
[31.813s] Level 1:colcon.colcon_core.environment:create_file_with_runtime_dependencies(/home/rtsd-user/Documents/assignment_3/ros2_nodes/install/rtsd_interfaces/share/colcon-core/packages/rtsd_interfaces)
[31.814s] INFO:colcon.colcon_ros.task.ament_cmake.build:Building ROS package in '/home/rtsd-user/Documents/assignment_3/ros2_nodes/src/jiwy_simulator' with build type 'ament_cmake'
[31.816s] INFO:colcon.colcon_cmake.task.cmake.build:Building CMake package in '/home/rtsd-user/Documents/assignment_3/ros2_nodes/src/jiwy_simulator'
[31.818s] INFO:colcon.colcon_core.shell:Skip shell extension 'powershell' for command environment: Not usable outside of PowerShell
[31.818s] DEBUG:colcon.colcon_core.shell:Skip shell extension 'dsv' for command environment
[31.833s] DEBUG:colcon.colcon_core.shell:Ignoring prefix path '/opt/ros/galactic'
[31.923s] DEBUG:colcon.colcon_core.event_handler.log_command:Invoking command in '/home/rtsd-user/Documents/assignment_3/ros2_nodes/build/jiwy_simulator': AMENT_PREFIX_PATH=/home/rtsd-user/Documents/assignment_3/ros2_nodes/install/rtsd_interfaces:${AMENT_PREFIX_PATH} CMAKE_PREFIX_PATH=/home/rtsd-user/Documents/assignment_3/ros2_nodes/install/rtsd_interfaces:/opt/ros/galactic LD_LIBRARY_PATH=/home/rtsd-user/Documents/assignment_3/ros2_nodes/install/rtsd_interfaces/lib:${LD_LIBRARY_PATH} PYTHONPATH=/home/rtsd-user/Documents/assignment_3/ros2_nodes/install/rtsd_interfaces/lib/python3.8/site-packages:${PYTHONPATH} /usr/bin/cmake /home/rtsd-user/Documents/assignment_3/ros2_nodes/src/jiwy_simulator -DCMAKE_INSTALL_PREFIX=/home/rtsd-user/Documents/assignment_3/ros2_nodes/install/jiwy_simulator
[39.308s] DEBUG:colcon.colcon_core.event_handler.log_command:Invoked command in '/home/rtsd-user/Documents/assignment_3/ros2_nodes/build/jiwy_simulator' returned '0': AMENT_PREFIX_PATH=/home/rtsd-user/Documents/assignment_3/ros2_nodes/install/rtsd_interfaces:${AMENT_PREFIX_PATH} CMAKE_PREFIX_PATH=/home/rtsd-user/Documents/assignment_3/ros2_nodes/install/rtsd_interfaces:/opt/ros/galactic LD_LIBRARY_PATH=/home/rtsd-user/Documents/assignment_3/ros2_nodes/install/rtsd_interfaces/lib:${LD_LIBRARY_PATH} PYTHONPATH=/home/rtsd-user/Documents/assignment_3/ros2_nodes/install/rtsd_interfaces/lib/python3.8/site-packages:${PYTHONPATH} /usr/bin/cmake /home/rtsd-user/Documents/assignment_3/ros2_nodes/src/jiwy_simulator -DCMAKE_INSTALL_PREFIX=/home/rtsd-user/Documents/assignment_3/ros2_nodes/install/jiwy_simulator
[39.313s] DEBUG:colcon.colcon_core.event_handler.log_command:Invoking command in '/home/rtsd-user/Documents/assignment_3/ros2_nodes/build/jiwy_simulator': AMENT_PREFIX_PATH=/home/rtsd-user/Documents/assignment_3/ros2_nodes/install/rtsd_interfaces:${AMENT_PREFIX_PATH} CMAKE_PREFIX_PATH=/home/rtsd-user/Documents/assignment_3/ros2_nodes/install/rtsd_interfaces:/opt/ros/galactic LD_LIBRARY_PATH=/home/rtsd-user/Documents/assignment_3/ros2_nodes/install/rtsd_interfaces/lib:${LD_LIBRARY_PATH} PYTHONPATH=/home/rtsd-user/Documents/assignment_3/ros2_nodes/install/rtsd_interfaces/lib/python3.8/site-packages:${PYTHONPATH} /usr/bin/cmake --build /home/rtsd-user/Documents/assignment_3/ros2_nodes/build/jiwy_simulator -- -j1 -l1
[85.922s] DEBUG:colcon.colcon_core.event_handler.log_command:Invoked command in '/home/rtsd-user/Documents/assignment_3/ros2_nodes/build/jiwy_simulator' returned '0': AMENT_PREFIX_PATH=/home/rtsd-user/Documents/assignment_3/ros2_nodes/install/rtsd_interfaces:${AMENT_PREFIX_PATH} CMAKE_PREFIX_PATH=/home/rtsd-user/Documents/assignment_3/ros2_nodes/install/rtsd_interfaces:/opt/ros/galactic LD_LIBRARY_PATH=/home/rtsd-user/Documents/assignment_3/ros2_nodes/install/rtsd_interfaces/lib:${LD_LIBRARY_PATH} PYTHONPATH=/home/rtsd-user/Documents/assignment_3/ros2_nodes/install/rtsd_interfaces/lib/python3.8/site-packages:${PYTHONPATH} /usr/bin/cmake --build /home/rtsd-user/Documents/assignment_3/ros2_nodes/build/jiwy_simulator -- -j1 -l1
[86.039s] DEBUG:colcon.colcon_core.event_handler.log_command:Invoking command in '/home/rtsd-user/Documents/assignment_3/ros2_nodes/build/jiwy_simulator': AMENT_PREFIX_PATH=/home/rtsd-user/Documents/assignment_3/ros2_nodes/install/rtsd_interfaces:${AMENT_PREFIX_PATH} CMAKE_PREFIX_PATH=/home/rtsd-user/Documents/assignment_3/ros2_nodes/install/rtsd_interfaces:/opt/ros/galactic LD_LIBRARY_PATH=/home/rtsd-user/Documents/assignment_3/ros2_nodes/install/rtsd_interfaces/lib:${LD_LIBRARY_PATH} PYTHONPATH=/home/rtsd-user/Documents/assignment_3/ros2_nodes/install/rtsd_interfaces/lib/python3.8/site-packages:${PYTHONPATH} /usr/bin/cmake --install /home/rtsd-user/Documents/assignment_3/ros2_nodes/build/jiwy_simulator
[86.136s] Level 1:colcon.colcon_core.environment:create_environment_scripts_only(jiwy_simulator)
[86.138s] DEBUG:colcon.colcon_core.event_handler.log_command:Invoked command in '/home/rtsd-user/Documents/assignment_3/ros2_nodes/build/jiwy_simulator' returned '0': AMENT_PREFIX_PATH=/home/rtsd-user/Documents/assignment_3/ros2_nodes/install/rtsd_interfaces:${AMENT_PREFIX_PATH} CMAKE_PREFIX_PATH=/home/rtsd-user/Documents/assignment_3/ros2_nodes/install/rtsd_interfaces:/opt/ros/galactic LD_LIBRARY_PATH=/home/rtsd-user/Documents/assignment_3/ros2_nodes/install/rtsd_interfaces/lib:${LD_LIBRARY_PATH} PYTHONPATH=/home/rtsd-user/Documents/assignment_3/ros2_nodes/install/rtsd_interfaces/lib/python3.8/site-packages:${PYTHONPATH} /usr/bin/cmake --install /home/rtsd-user/Documents/assignment_3/ros2_nodes/build/jiwy_simulator
[86.140s] Level 1:colcon.colcon_core.environment:checking '/home/rtsd-user/Documents/assignment_3/ros2_nodes/install/jiwy_simulator' for CMake module files
[86.142s] Level 1:colcon.colcon_core.environment:checking '/home/rtsd-user/Documents/assignment_3/ros2_nodes/install/jiwy_simulator' for CMake config files
[86.142s] Level 1:colcon.colcon_core.shell:create_environment_hook('jiwy_simulator', 'cmake_prefix_path')
[86.148s] INFO:colcon.colcon_core.shell:Creating environment hook '/home/rtsd-user/Documents/assignment_3/ros2_nodes/install/jiwy_simulator/share/jiwy_simulator/hook/cmake_prefix_path.ps1'
[86.149s] INFO:colcon.colcon_core.shell:Creating environment descriptor '/home/rtsd-user/Documents/assignment_3/ros2_nodes/install/jiwy_simulator/share/jiwy_simulator/hook/cmake_prefix_path.dsv'
[86.150s] INFO:colcon.colcon_core.shell:Creating environment hook '/home/rtsd-user/Documents/assignment_3/ros2_nodes/install/jiwy_simulator/share/jiwy_simulator/hook/cmake_prefix_path.sh'
[86.151s] Level 1:colcon.colcon_core.environment:checking '/home/rtsd-user/Documents/assignment_3/ros2_nodes/install/jiwy_simulator/lib'
[86.152s] Level 1:colcon.colcon_core.environment:checking '/home/rtsd-user/Documents/assignment_3/ros2_nodes/install/jiwy_simulator/bin'
[86.152s] Level 1:colcon.colcon_core.environment:checking '/home/rtsd-user/Documents/assignment_3/ros2_nodes/install/jiwy_simulator/lib/pkgconfig/jiwy_simulator.pc'
[86.153s] Level 1:colcon.colcon_core.environment:checking '/home/rtsd-user/Documents/assignment_3/ros2_nodes/install/jiwy_simulator/lib/python3.8/site-packages'
[86.155s] INFO:colcon.colcon_core.shell:Creating package script '/home/rtsd-user/Documents/assignment_3/ros2_nodes/install/jiwy_simulator/share/jiwy_simulator/package.ps1'
[86.156s] INFO:colcon.colcon_core.shell:Creating package descriptor '/home/rtsd-user/Documents/assignment_3/ros2_nodes/install/jiwy_simulator/share/jiwy_simulator/package.dsv'
[86.157s] INFO:colcon.colcon_core.shell:Creating package script '/home/rtsd-user/Documents/assignment_3/ros2_nodes/install/jiwy_simulator/share/jiwy_simulator/package.sh'
[86.159s] INFO:colcon.colcon_core.shell:Creating package script '/home/rtsd-user/Documents/assignment_3/ros2_nodes/install/jiwy_simulator/share/jiwy_simulator/package.bash'
[86.159s] INFO:colcon.colcon_core.shell:Creating package script '/home/rtsd-user/Documents/assignment_3/ros2_nodes/install/jiwy_simulator/share/jiwy_simulator/package.zsh'
[86.160s] Level 1:colcon.colcon_core.environment:create_file_with_runtime_dependencies(/home/rtsd-user/Documents/assignment_3/ros2_nodes/install/jiwy_simulator/share/colcon-core/packages/jiwy_simulator)
[86.273s] Level 1:colcon.colcon_core.environment:create_environment_scripts_only(jiwy_simulator)
[86.282s] Level 1:colcon.colcon_core.environment:checking '/home/rtsd-user/Documents/assignment_3/ros2_nodes/install/jiwy_simulator' for CMake module files
[86.283s] Level 1:colcon.colcon_core.environment:checking '/home/rtsd-user/Documents/assignment_3/ros2_nodes/install/jiwy_simulator' for CMake config files
[86.293s] Level 1:colcon.colcon_core.shell:create_environment_hook('jiwy_simulator', 'cmake_prefix_path')
[86.294s] INFO:colcon.colcon_core.shell:Creating environment hook '/home/rtsd-user/Documents/assignment_3/ros2_nodes/install/jiwy_simulator/share/jiwy_simulator/hook/cmake_prefix_path.ps1'
[86.300s] INFO:colcon.colcon_core.shell:Creating environment descriptor '/home/rtsd-user/Documents/assignment_3/ros2_nodes/install/jiwy_simulator/share/jiwy_simulator/hook/cmake_prefix_path.dsv'
[86.309s] INFO:colcon.colcon_core.shell:Creating environment hook '/home/rtsd-user/Documents/assignment_3/ros2_nodes/install/jiwy_simulator/share/jiwy_simulator/hook/cmake_prefix_path.sh'
[86.314s] Level 1:colcon.colcon_core.environment:checking '/home/rtsd-user/Documents/assignment_3/ros2_nodes/install/jiwy_simulator/lib'
[86.314s] Level 1:colcon.colcon_core.environment:checking '/home/rtsd-user/Documents/assignment_3/ros2_nodes/install/jiwy_simulator/bin'
[86.314s] Level 1:colcon.colcon_core.environment:checking '/home/rtsd-user/Documents/assignment_3/ros2_nodes/install/jiwy_simulator/lib/pkgconfig/jiwy_simulator.pc'
[86.314s] Level 1:colcon.colcon_core.environment:checking '/home/rtsd-user/Documents/assignment_3/ros2_nodes/install/jiwy_simulator/lib/python3.8/site-packages'
[86.316s] INFO:colcon.colcon_core.shell:Creating package script '/home/rtsd-user/Documents/assignment_3/ros2_nodes/install/jiwy_simulator/share/jiwy_simulator/package.ps1'
[86.335s] INFO:colcon.colcon_core.shell:Creating package descriptor '/home/rtsd-user/Documents/assignment_3/ros2_nodes/install/jiwy_simulator/share/jiwy_simulator/package.dsv'
[86.341s] INFO:colcon.colcon_core.shell:Creating package script '/home/rtsd-user/Documents/assignment_3/ros2_nodes/install/jiwy_simulator/share/jiwy_simulator/package.sh'
[86.344s] INFO:colcon.colcon_core.shell:Creating package script '/home/rtsd-user/Documents/assignment_3/ros2_nodes/install/jiwy_simulator/share/jiwy_simulator/package.bash'
[86.349s] INFO:colcon.colcon_core.shell:Creating package script '/home/rtsd-user/Documents/assignment_3/ros2_nodes/install/jiwy_simulator/share/jiwy_simulator/package.zsh'
[86.355s] Level 1:colcon.colcon_core.environment:create_file_with_runtime_dependencies(/home/rtsd-user/Documents/assignment_3/ros2_nodes/install/jiwy_simulator/share/colcon-core/packages/jiwy_simulator)
[86.418s] INFO:colcon.colcon_ros.task.ament_cmake.build:Building ROS package in '/home/rtsd-user/Documents/assignment_3/ros2_nodes/src/light_detection_3' with build type 'ament_cmake'
[86.418s] INFO:colcon.colcon_cmake.task.cmake.build:Building CMake package in '/home/rtsd-user/Documents/assignment_3/ros2_nodes/src/light_detection_3'
[86.429s] INFO:colcon.colcon_core.shell:Skip shell extension 'powershell' for command environment: Not usable outside of PowerShell
[86.429s] DEBUG:colcon.colcon_core.shell:Skip shell extension 'dsv' for command environment
[86.447s] DEBUG:colcon.colcon_core.shell:Ignoring prefix path '/opt/ros/galactic'
[86.507s] DEBUG:colcon.colcon_core.event_handler.log_command:Invoking command in '/home/rtsd-user/Documents/assignment_3/ros2_nodes/build/light_detection_3': AMENT_PREFIX_PATH=/home/rtsd-user/Documents/assignment_3/ros2_nodes/install/rtsd_interfaces:${AMENT_PREFIX_PATH} CMAKE_PREFIX_PATH=/home/rtsd-user/Documents/assignment_3/ros2_nodes/install/rtsd_interfaces:/opt/ros/galactic LD_LIBRARY_PATH=/home/rtsd-user/Documents/assignment_3/ros2_nodes/install/rtsd_interfaces/lib:${LD_LIBRARY_PATH} PYTHONPATH=/home/rtsd-user/Documents/assignment_3/ros2_nodes/install/rtsd_interfaces/lib/python3.8/site-packages:${PYTHONPATH} /usr/bin/cmake /home/rtsd-user/Documents/assignment_3/ros2_nodes/src/light_detection_3 -DCMAKE_INSTALL_PREFIX=/home/rtsd-user/Documents/assignment_3/ros2_nodes/install/light_detection_3
[94.273s] DEBUG:colcon.colcon_core.event_handler.log_command:Invoked command in '/home/rtsd-user/Documents/assignment_3/ros2_nodes/build/light_detection_3' returned '1': AMENT_PREFIX_PATH=/home/rtsd-user/Documents/assignment_3/ros2_nodes/install/rtsd_interfaces:${AMENT_PREFIX_PATH} CMAKE_PREFIX_PATH=/home/rtsd-user/Documents/assignment_3/ros2_nodes/install/rtsd_interfaces:/opt/ros/galactic LD_LIBRARY_PATH=/home/rtsd-user/Documents/assignment_3/ros2_nodes/install/rtsd_interfaces/lib:${LD_LIBRARY_PATH} PYTHONPATH=/home/rtsd-user/Documents/assignment_3/ros2_nodes/install/rtsd_interfaces/lib/python3.8/site-packages:${PYTHONPATH} /usr/bin/cmake /home/rtsd-user/Documents/assignment_3/ros2_nodes/src/light_detection_3 -DCMAKE_INSTALL_PREFIX=/home/rtsd-user/Documents/assignment_3/ros2_nodes/install/light_detection_3
[94.337s] Level 1:colcon.colcon_core.environment:create_environment_scripts_only(light_detection_3)
[94.340s] Level 1:colcon.colcon_core.environment:checking '/home/rtsd-user/Documents/assignment_3/ros2_nodes/install/light_detection_3' for CMake module files
[94.342s] Level 1:colcon.colcon_core.environment:checking '/home/rtsd-user/Documents/assignment_3/ros2_nodes/install/light_detection_3' for CMake config files
[94.343s] Level 1:colcon.colcon_core.environment:checking '/home/rtsd-user/Documents/assignment_3/ros2_nodes/install/light_detection_3/bin'
[94.343s] Level 1:colcon.colcon_core.environment:checking '/home/rtsd-user/Documents/assignment_3/ros2_nodes/install/light_detection_3/lib/pkgconfig/light_detection_3.pc'
[94.343s] Level 1:colcon.colcon_core.environment:checking '/home/rtsd-user/Documents/assignment_3/ros2_nodes/install/light_detection_3/lib/python3.8/site-packages'
[94.344s] INFO:colcon.colcon_core.shell:Creating package script '/home/rtsd-user/Documents/assignment_3/ros2_nodes/install/light_detection_3/share/light_detection_3/package.ps1'
[94.350s] INFO:colcon.colcon_core.shell:Creating package descriptor '/home/rtsd-user/Documents/assignment_3/ros2_nodes/install/light_detection_3/share/light_detection_3/package.dsv'
[94.351s] INFO:colcon.colcon_core.shell:Creating package script '/home/rtsd-user/Documents/assignment_3/ros2_nodes/install/light_detection_3/share/light_detection_3/package.sh'
[94.351s] INFO:colcon.colcon_core.shell:Creating package script '/home/rtsd-user/Documents/assignment_3/ros2_nodes/install/light_detection_3/share/light_detection_3/package.bash'
[94.355s] INFO:colcon.colcon_core.shell:Creating package script '/home/rtsd-user/Documents/assignment_3/ros2_nodes/install/light_detection_3/share/light_detection_3/package.zsh'
[94.370s] Level 1:colcon.colcon_core.environment:create_file_with_runtime_dependencies(/home/rtsd-user/Documents/assignment_3/ros2_nodes/install/light_detection_3/share/colcon-core/packages/light_detection_3)
[94.372s] DEBUG:colcon.colcon_parallel_executor.executor.parallel:closing loop
[94.373s] DEBUG:colcon.colcon_parallel_executor.executor.parallel:loop closed
[94.373s] DEBUG:colcon.colcon_parallel_executor.executor.parallel:run_until_complete finished with '1'
[94.373s] DEBUG:colcon.colcon_core.event_reactor:joining thread
[94.410s] INFO:colcon.colcon_core.plugin_system:Skipping extension 'colcon_notification.desktop_notification.terminal_notifier': Not used on non-Darwin systems
[94.410s] INFO:colcon.colcon_core.plugin_system:Skipping extension 'colcon_notification.desktop_notification.win32': Not used on non-Windows systems
[94.410s] INFO:colcon.colcon_notification.desktop_notification:Sending desktop notification using 'notify2'
[94.514s] DEBUG:colcon.colcon_core.event_reactor:joined thread
[94.515s] INFO:colcon.colcon_core.shell:Creating prefix script '/home/rtsd-user/Documents/assignment_3/ros2_nodes/install/local_setup.ps1'
[94.524s] INFO:colcon.colcon_core.shell:Creating prefix util module '/home/rtsd-user/Documents/assignment_3/ros2_nodes/install/_local_setup_util_ps1.py'
[94.528s] INFO:colcon.colcon_core.shell:Creating prefix chain script '/home/rtsd-user/Documents/assignment_3/ros2_nodes/install/setup.ps1'
[94.552s] INFO:colcon.colcon_core.shell:Creating prefix script '/home/rtsd-user/Documents/assignment_3/ros2_nodes/install/local_setup.sh'
[94.554s] INFO:colcon.colcon_core.shell:Creating prefix util module '/home/rtsd-user/Documents/assignment_3/ros2_nodes/install/_local_setup_util_sh.py'
[94.561s] INFO:colcon.colcon_core.shell:Creating prefix chain script '/home/rtsd-user/Documents/assignment_3/ros2_nodes/install/setup.sh'
[94.584s] INFO:colcon.colcon_core.shell:Creating prefix script '/home/rtsd-user/Documents/assignment_3/ros2_nodes/install/local_setup.bash'
[94.585s] INFO:colcon.colcon_core.shell:Creating prefix chain script '/home/rtsd-user/Documents/assignment_3/ros2_nodes/install/setup.bash'
[94.600s] INFO:colcon.colcon_core.shell:Creating prefix script '/home/rtsd-user/Documents/assignment_3/ros2_nodes/install/local_setup.zsh'
[94.601s] INFO:colcon.colcon_core.shell:Creating prefix chain script '/home/rtsd-user/Documents/assignment_3/ros2_nodes/install/setup.zsh'
