[35m[1mScanning dependencies of target bright_position[0m
[ 50%] [32mBuilding CXX object CMakeFiles/bright_position.dir/src/bright_position.cpp.o[0m
[100%] [32m[1mLinking CXX executable bright_position[0m
[100%] Built target bright_position
-- Install configuration: ""
-- Installing: /home/rtsd_group_01/code/rtsd_assignment_3/ros2_nodes/install/light_detection_3/lib/light_detection_3/bright_position
-- Set runtime path of "/home/rtsd_group_01/code/rtsd_assignment_3/ros2_nodes/install/light_detection_3/lib/light_detection_3/bright_position" to ""
-- Up-to-date: /home/rtsd_group_01/code/rtsd_assignment_3/ros2_nodes/install/light_detection_3/share/ament_index/resource_index/package_run_dependencies/light_detection_3
-- Up-to-date: /home/rtsd_group_01/code/rtsd_assignment_3/ros2_nodes/install/light_detection_3/share/ament_index/resource_index/parent_prefix_path/light_detection_3
-- Up-to-date: /home/rtsd_group_01/code/rtsd_assignment_3/ros2_nodes/install/light_detection_3/share/light_detection_3/environment/ament_prefix_path.dsv
-- Up-to-date: /home/rtsd_group_01/code/rtsd_assignment_3/ros2_nodes/install/light_detection_3/share/light_detection_3/environment/path.dsv
-- Up-to-date: /home/rtsd_group_01/code/rtsd_assignment_3/ros2_nodes/install/light_detection_3/share/light_detection_3/local_setup.bash
-- Up-to-date: /home/rtsd_group_01/code/rtsd_assignment_3/ros2_nodes/install/light_detection_3/share/light_detection_3/local_setup.sh
-- Up-to-date: /home/rtsd_group_01/code/rtsd_assignment_3/ros2_nodes/install/light_detection_3/share/light_detection_3/local_setup.zsh
-- Up-to-date: /home/rtsd_group_01/code/rtsd_assignment_3/ros2_nodes/install/light_detection_3/share/light_detection_3/local_setup.dsv
-- Installing: /home/rtsd_group_01/code/rtsd_assignment_3/ros2_nodes/install/light_detection_3/share/light_detection_3/package.dsv
-- Up-to-date: /home/rtsd_group_01/code/rtsd_assignment_3/ros2_nodes/install/light_detection_3/share/ament_index/resource_index/packages/light_detection_3
-- Up-to-date: /home/rtsd_group_01/code/rtsd_assignment_3/ros2_nodes/install/light_detection_3/share/light_detection_3/cmake/light_detection_3Config.cmake
-- Up-to-date: /home/rtsd_group_01/code/rtsd_assignment_3/ros2_nodes/install/light_detection_3/share/light_detection_3/cmake/light_detection_3Config-version.cmake
-- Up-to-date: /home/rtsd_group_01/code/rtsd_assignment_3/ros2_nodes/install/light_detection_3/share/light_detection_3/package.xml
