[0.102s] Invoking command in '/home/rtsd-user/Documents/assignment_3/ros2_nodes/build/jiwy_simulator': AMENT_PREFIX_PATH=/home/rtsd-user/Documents/assignment_3/ros2_nodes/install/rtsd_interfaces:${AMENT_PREFIX_PATH} CMAKE_PREFIX_PATH=/home/rtsd-user/Documents/assignment_3/ros2_nodes/install/rtsd_interfaces:/opt/ros/galactic LD_LIBRARY_PATH=/home/rtsd-user/Documents/assignment_3/ros2_nodes/install/rtsd_interfaces/lib:${LD_LIBRARY_PATH} PYTHONPATH=/home/rtsd-user/Documents/assignment_3/ros2_nodes/install/rtsd_interfaces/lib/python3.8/site-packages:${PYTHONPATH} /usr/bin/cmake --build /home/rtsd-user/Documents/assignment_3/ros2_nodes/build/jiwy_simulator -- -j1 -l1
[0.492s] [ 50%] Built target setpoint_simulator
[0.647s] [100%] Built target jiwy_simulator
[0.728s] Invoked command in '/home/rtsd-user/Documents/assignment_3/ros2_nodes/build/jiwy_simulator' returned '0': AMENT_PREFIX_PATH=/home/rtsd-user/Documents/assignment_3/ros2_nodes/install/rtsd_interfaces:${AMENT_PREFIX_PATH} CMAKE_PREFIX_PATH=/home/rtsd-user/Documents/assignment_3/ros2_nodes/install/rtsd_interfaces:/opt/ros/galactic LD_LIBRARY_PATH=/home/rtsd-user/Documents/assignment_3/ros2_nodes/install/rtsd_interfaces/lib:${LD_LIBRARY_PATH} PYTHONPATH=/home/rtsd-user/Documents/assignment_3/ros2_nodes/install/rtsd_interfaces/lib/python3.8/site-packages:${PYTHONPATH} /usr/bin/cmake --build /home/rtsd-user/Documents/assignment_3/ros2_nodes/build/jiwy_simulator -- -j1 -l1
[0.941s] Invoking command in '/home/rtsd-user/Documents/assignment_3/ros2_nodes/build/jiwy_simulator': AMENT_PREFIX_PATH=/home/rtsd-user/Documents/assignment_3/ros2_nodes/install/rtsd_interfaces:${AMENT_PREFIX_PATH} CMAKE_PREFIX_PATH=/home/rtsd-user/Documents/assignment_3/ros2_nodes/install/rtsd_interfaces:/opt/ros/galactic LD_LIBRARY_PATH=/home/rtsd-user/Documents/assignment_3/ros2_nodes/install/rtsd_interfaces/lib:${LD_LIBRARY_PATH} PYTHONPATH=/home/rtsd-user/Documents/assignment_3/ros2_nodes/install/rtsd_interfaces/lib/python3.8/site-packages:${PYTHONPATH} /usr/bin/cmake --install /home/rtsd-user/Documents/assignment_3/ros2_nodes/build/jiwy_simulator
[1.021s] -- Install configuration: ""
[1.022s] -- Up-to-date: /home/rtsd-user/Documents/assignment_3/ros2_nodes/install/jiwy_simulator/lib/jiwy_simulator/jiwy_simulator
[1.023s] -- Up-to-date: /home/rtsd-user/Documents/assignment_3/ros2_nodes/install/jiwy_simulator/lib/jiwy_simulator/setpoint_simulator
[1.025s] -- Up-to-date: /home/rtsd-user/Documents/assignment_3/ros2_nodes/install/jiwy_simulator/share/ament_index/resource_index/package_run_dependencies/jiwy_simulator
[1.028s] -- Up-to-date: /home/rtsd-user/Documents/assignment_3/ros2_nodes/install/jiwy_simulator/share/ament_index/resource_index/parent_prefix_path/jiwy_simulator
[1.031s] -- Up-to-date: /home/rtsd-user/Documents/assignment_3/ros2_nodes/install/jiwy_simulator/share/jiwy_simulator/environment/ament_prefix_path.sh
[1.031s] -- Up-to-date: /home/rtsd-user/Documents/assignment_3/ros2_nodes/install/jiwy_simulator/share/jiwy_simulator/environment/ament_prefix_path.dsv
[1.032s] -- Up-to-date: /home/rtsd-user/Documents/assignment_3/ros2_nodes/install/jiwy_simulator/share/jiwy_simulator/environment/path.sh
[1.033s] -- Up-to-date: /home/rtsd-user/Documents/assignment_3/ros2_nodes/install/jiwy_simulator/share/jiwy_simulator/environment/path.dsv
[1.034s] -- Up-to-date: /home/rtsd-user/Documents/assignment_3/ros2_nodes/install/jiwy_simulator/share/jiwy_simulator/local_setup.bash
[1.037s] -- Up-to-date: /home/rtsd-user/Documents/assignment_3/ros2_nodes/install/jiwy_simulator/share/jiwy_simulator/local_setup.sh
[1.042s] -- Up-to-date: /home/rtsd-user/Documents/assignment_3/ros2_nodes/install/jiwy_simulator/share/jiwy_simulator/local_setup.zsh
[1.050s] -- Up-to-date: /home/rtsd-user/Documents/assignment_3/ros2_nodes/install/jiwy_simulator/share/jiwy_simulator/local_setup.dsv
[1.051s] -- Installing: /home/rtsd-user/Documents/assignment_3/ros2_nodes/install/jiwy_simulator/share/jiwy_simulator/package.dsv
[1.051s] -- Up-to-date: /home/rtsd-user/Documents/assignment_3/ros2_nodes/install/jiwy_simulator/share/ament_index/resource_index/packages/jiwy_simulator
[1.057s] -- Up-to-date: /home/rtsd-user/Documents/assignment_3/ros2_nodes/install/jiwy_simulator/share/jiwy_simulator/cmake/jiwy_simulatorConfig.cmake
[1.057s] -- Up-to-date: /home/rtsd-user/Documents/assignment_3/ros2_nodes/install/jiwy_simulator/share/jiwy_simulator/cmake/jiwy_simulatorConfig-version.cmake
[1.060s] -- Up-to-date: /home/rtsd-user/Documents/assignment_3/ros2_nodes/install/jiwy_simulator/share/jiwy_simulator/package.xml
[1.089s] Invoked command in '/home/rtsd-user/Documents/assignment_3/ros2_nodes/build/jiwy_simulator' returned '0': AMENT_PREFIX_PATH=/home/rtsd-user/Documents/assignment_3/ros2_nodes/install/rtsd_interfaces:${AMENT_PREFIX_PATH} CMAKE_PREFIX_PATH=/home/rtsd-user/Documents/assignment_3/ros2_nodes/install/rtsd_interfaces:/opt/ros/galactic LD_LIBRARY_PATH=/home/rtsd-user/Documents/assignment_3/ros2_nodes/install/rtsd_interfaces/lib:${LD_LIBRARY_PATH} PYTHONPATH=/home/rtsd-user/Documents/assignment_3/ros2_nodes/install/rtsd_interfaces/lib/python3.8/site-packages:${PYTHONPATH} /usr/bin/cmake --install /home/rtsd-user/Documents/assignment_3/ros2_nodes/build/jiwy_simulator
