[ 50%] Built target setpoint_simulator
[100%] Built target jiwy_simulator
-- Install configuration: ""
-- Up-to-date: /home/rtsd-user/Documents/assignment_3/ros2_nodes/install/jiwy_simulator/lib/jiwy_simulator/jiwy_simulator
-- Up-to-date: /home/rtsd-user/Documents/assignment_3/ros2_nodes/install/jiwy_simulator/lib/jiwy_simulator/setpoint_simulator
-- Up-to-date: /home/rtsd-user/Documents/assignment_3/ros2_nodes/install/jiwy_simulator/share/ament_index/resource_index/package_run_dependencies/jiwy_simulator
-- Up-to-date: /home/rtsd-user/Documents/assignment_3/ros2_nodes/install/jiwy_simulator/share/ament_index/resource_index/parent_prefix_path/jiwy_simulator
-- Up-to-date: /home/rtsd-user/Documents/assignment_3/ros2_nodes/install/jiwy_simulator/share/jiwy_simulator/environment/ament_prefix_path.sh
-- Up-to-date: /home/rtsd-user/Documents/assignment_3/ros2_nodes/install/jiwy_simulator/share/jiwy_simulator/environment/ament_prefix_path.dsv
-- Up-to-date: /home/rtsd-user/Documents/assignment_3/ros2_nodes/install/jiwy_simulator/share/jiwy_simulator/environment/path.sh
-- Up-to-date: /home/rtsd-user/Documents/assignment_3/ros2_nodes/install/jiwy_simulator/share/jiwy_simulator/environment/path.dsv
-- Up-to-date: /home/rtsd-user/Documents/assignment_3/ros2_nodes/install/jiwy_simulator/share/jiwy_simulator/local_setup.bash
-- Up-to-date: /home/rtsd-user/Documents/assignment_3/ros2_nodes/install/jiwy_simulator/share/jiwy_simulator/local_setup.sh
-- Up-to-date: /home/rtsd-user/Documents/assignment_3/ros2_nodes/install/jiwy_simulator/share/jiwy_simulator/local_setup.zsh
-- Up-to-date: /home/rtsd-user/Documents/assignment_3/ros2_nodes/install/jiwy_simulator/share/jiwy_simulator/local_setup.dsv
-- Installing: /home/rtsd-user/Documents/assignment_3/ros2_nodes/install/jiwy_simulator/share/jiwy_simulator/package.dsv
-- Up-to-date: /home/rtsd-user/Documents/assignment_3/ros2_nodes/install/jiwy_simulator/share/ament_index/resource_index/packages/jiwy_simulator
-- Up-to-date: /home/rtsd-user/Documents/assignment_3/ros2_nodes/install/jiwy_simulator/share/jiwy_simulator/cmake/jiwy_simulatorConfig.cmake
-- Up-to-date: /home/rtsd-user/Documents/assignment_3/ros2_nodes/install/jiwy_simulator/share/jiwy_simulator/cmake/jiwy_simulatorConfig-version.cmake
-- Up-to-date: /home/rtsd-user/Documents/assignment_3/ros2_nodes/install/jiwy_simulator/share/jiwy_simulator/package.xml
