[0.025s] Invoking command in '/home/rtsd-user/Documents/assignment_3/ros2_nodes/build/rtsd_interfaces': CMAKE_PREFIX_PATH=/opt/ros/galactic /usr/bin/cmake --build /home/rtsd-user/Documents/assignment_3/ros2_nodes/build/rtsd_interfaces -- -j1 -l1
[0.280s] [  3%] Built target rtsd_interfaces__cpp
[0.367s] [ 12%] Built target rtsd_interfaces__rosidl_typesupport_cpp
[0.443s] [ 22%] Built target rtsd_interfaces__rosidl_generator_c
[0.512s] [ 32%] Built target rtsd_interfaces__rosidl_typesupport_c
[0.598s] [ 41%] Built target rtsd_interfaces__rosidl_typesupport_fastrtps_cpp
[0.680s] [ 51%] Built target rtsd_interfaces__rosidl_typesupport_fastrtps_c
[0.758s] [ 61%] Built target rtsd_interfaces__rosidl_typesupport_introspection_cpp
[0.827s] [ 70%] Built target rtsd_interfaces__rosidl_typesupport_introspection_c
[0.895s] [ 70%] Built target rtsd_interfaces
[0.975s] [ 74%] Built target rtsd_interfaces__py
[1.114s] [ 80%] Built target rtsd_interfaces__python
[1.232s] [ 87%] Built target rtsd_interfaces__rosidl_typesupport_c__pyext
[1.345s] [ 93%] Built target rtsd_interfaces__rosidl_typesupport_introspection_c__pyext
[1.455s] [100%] Built target rtsd_interfaces__rosidl_typesupport_fastrtps_c__pyext
[1.518s] Invoked command in '/home/rtsd-user/Documents/assignment_3/ros2_nodes/build/rtsd_interfaces' returned '0': CMAKE_PREFIX_PATH=/opt/ros/galactic /usr/bin/cmake --build /home/rtsd-user/Documents/assignment_3/ros2_nodes/build/rtsd_interfaces -- -j1 -l1
[1.717s] Invoking command in '/home/rtsd-user/Documents/assignment_3/ros2_nodes/build/rtsd_interfaces': CMAKE_PREFIX_PATH=/opt/ros/galactic /usr/bin/cmake --install /home/rtsd-user/Documents/assignment_3/ros2_nodes/build/rtsd_interfaces
[1.734s] -- Install configuration: ""
[1.735s] -- Up-to-date: /home/rtsd-user/Documents/assignment_3/ros2_nodes/install/rtsd_interfaces/share/ament_index/resource_index/rosidl_interfaces/rtsd_interfaces
[1.736s] -- Up-to-date: /home/rtsd-user/Documents/assignment_3/ros2_nodes/install/rtsd_interfaces/include/rtsd_interfaces
[1.736s] -- Up-to-date: /home/rtsd-user/Documents/assignment_3/ros2_nodes/install/rtsd_interfaces/include/rtsd_interfaces/msg
[1.737s] -- Up-to-date: /home/rtsd-user/Documents/assignment_3/ros2_nodes/install/rtsd_interfaces/include/rtsd_interfaces/msg/rosidl_generator_c__visibility_control.h
[1.738s] -- Up-to-date: /home/rtsd-user/Documents/assignment_3/ros2_nodes/install/rtsd_interfaces/include/rtsd_interfaces/msg/point2.h
[1.738s] -- Up-to-date: /home/rtsd-user/Documents/assignment_3/ros2_nodes/install/rtsd_interfaces/include/rtsd_interfaces/msg/detail
[1.739s] -- Up-to-date: /home/rtsd-user/Documents/assignment_3/ros2_nodes/install/rtsd_interfaces/include/rtsd_interfaces/msg/detail/point2__type_support.h
[1.739s] -- Up-to-date: /home/rtsd-user/Documents/assignment_3/ros2_nodes/install/rtsd_interfaces/include/rtsd_interfaces/msg/detail/point2__functions.h
[1.740s] -- Up-to-date: /home/rtsd-user/Documents/assignment_3/ros2_nodes/install/rtsd_interfaces/include/rtsd_interfaces/msg/detail/point2__functions.c
[1.740s] -- Up-to-date: /home/rtsd-user/Documents/assignment_3/ros2_nodes/install/rtsd_interfaces/include/rtsd_interfaces/msg/detail/point2__struct.h
[1.741s] -- Up-to-date: /home/rtsd-user/Documents/assignment_3/ros2_nodes/install/rtsd_interfaces/share/rtsd_interfaces/environment/library_path.sh
[1.742s] -- Up-to-date: /home/rtsd-user/Documents/assignment_3/ros2_nodes/install/rtsd_interfaces/share/rtsd_interfaces/environment/library_path.dsv
[1.743s] -- Up-to-date: /home/rtsd-user/Documents/assignment_3/ros2_nodes/install/rtsd_interfaces/lib/librtsd_interfaces__rosidl_generator_c.so
[1.744s] -- Up-to-date: /home/rtsd-user/Documents/assignment_3/ros2_nodes/install/rtsd_interfaces/include/rtsd_interfaces
[1.745s] -- Up-to-date: /home/rtsd-user/Documents/assignment_3/ros2_nodes/install/rtsd_interfaces/include/rtsd_interfaces/msg
[1.745s] -- Up-to-date: /home/rtsd-user/Documents/assignment_3/ros2_nodes/install/rtsd_interfaces/include/rtsd_interfaces/msg/rosidl_typesupport_fastrtps_c__visibility_control.h
[1.746s] -- Up-to-date: /home/rtsd-user/Documents/assignment_3/ros2_nodes/install/rtsd_interfaces/include/rtsd_interfaces/msg/detail
[1.747s] -- Up-to-date: /home/rtsd-user/Documents/assignment_3/ros2_nodes/install/rtsd_interfaces/include/rtsd_interfaces/msg/detail/point2__rosidl_typesupport_fastrtps_c.h
[1.748s] -- Up-to-date: /home/rtsd-user/Documents/assignment_3/ros2_nodes/install/rtsd_interfaces/lib/librtsd_interfaces__rosidl_typesupport_fastrtps_c.so
[1.749s] -- Up-to-date: /home/rtsd-user/Documents/assignment_3/ros2_nodes/install/rtsd_interfaces/include/rtsd_interfaces
[1.750s] -- Up-to-date: /home/rtsd-user/Documents/assignment_3/ros2_nodes/install/rtsd_interfaces/include/rtsd_interfaces/msg
[1.750s] -- Up-to-date: /home/rtsd-user/Documents/assignment_3/ros2_nodes/install/rtsd_interfaces/include/rtsd_interfaces/msg/rosidl_typesupport_fastrtps_cpp__visibility_control.h
[1.751s] -- Up-to-date: /home/rtsd-user/Documents/assignment_3/ros2_nodes/install/rtsd_interfaces/include/rtsd_interfaces/msg/detail
[1.752s] -- Up-to-date: /home/rtsd-user/Documents/assignment_3/ros2_nodes/install/rtsd_interfaces/include/rtsd_interfaces/msg/detail/dds_fastrtps
[1.752s] -- Up-to-date: /home/rtsd-user/Documents/assignment_3/ros2_nodes/install/rtsd_interfaces/include/rtsd_interfaces/msg/detail/point2__rosidl_typesupport_fastrtps_cpp.hpp
[1.753s] -- Up-to-date: /home/rtsd-user/Documents/assignment_3/ros2_nodes/install/rtsd_interfaces/lib/librtsd_interfaces__rosidl_typesupport_fastrtps_cpp.so
[1.754s] -- Up-to-date: /home/rtsd-user/Documents/assignment_3/ros2_nodes/install/rtsd_interfaces/include/rtsd_interfaces
[1.754s] -- Up-to-date: /home/rtsd-user/Documents/assignment_3/ros2_nodes/install/rtsd_interfaces/include/rtsd_interfaces/msg
[1.755s] -- Up-to-date: /home/rtsd-user/Documents/assignment_3/ros2_nodes/install/rtsd_interfaces/include/rtsd_interfaces/msg/detail
[1.756s] -- Up-to-date: /home/rtsd-user/Documents/assignment_3/ros2_nodes/install/rtsd_interfaces/include/rtsd_interfaces/msg/detail/point2__rosidl_typesupport_introspection_c.h
[1.757s] -- Up-to-date: /home/rtsd-user/Documents/assignment_3/ros2_nodes/install/rtsd_interfaces/include/rtsd_interfaces/msg/detail/point2__type_support.c
[1.757s] -- Up-to-date: /home/rtsd-user/Documents/assignment_3/ros2_nodes/install/rtsd_interfaces/include/rtsd_interfaces/msg/rosidl_typesupport_introspection_c__visibility_control.h
[1.758s] -- Up-to-date: /home/rtsd-user/Documents/assignment_3/ros2_nodes/install/rtsd_interfaces/lib/librtsd_interfaces__rosidl_typesupport_introspection_c.so
[1.759s] -- Up-to-date: /home/rtsd-user/Documents/assignment_3/ros2_nodes/install/rtsd_interfaces/lib/librtsd_interfaces__rosidl_typesupport_c.so
[1.759s] -- Up-to-date: /home/rtsd-user/Documents/assignment_3/ros2_nodes/install/rtsd_interfaces/include/rtsd_interfaces
[1.761s] -- Up-to-date: /home/rtsd-user/Documents/assignment_3/ros2_nodes/install/rtsd_interfaces/include/rtsd_interfaces/msg
[1.761s] -- Up-to-date: /home/rtsd-user/Documents/assignment_3/ros2_nodes/install/rtsd_interfaces/include/rtsd_interfaces/msg/point2.hpp
[1.762s] -- Up-to-date: /home/rtsd-user/Documents/assignment_3/ros2_nodes/install/rtsd_interfaces/include/rtsd_interfaces/msg/detail
[1.763s] -- Up-to-date: /home/rtsd-user/Documents/assignment_3/ros2_nodes/install/rtsd_interfaces/include/rtsd_interfaces/msg/detail/point2__builder.hpp
[1.763s] -- Up-to-date: /home/rtsd-user/Documents/assignment_3/ros2_nodes/install/rtsd_interfaces/include/rtsd_interfaces/msg/detail/point2__struct.hpp
[1.764s] -- Up-to-date: /home/rtsd-user/Documents/assignment_3/ros2_nodes/install/rtsd_interfaces/include/rtsd_interfaces/msg/detail/point2__traits.hpp
[1.765s] -- Up-to-date: /home/rtsd-user/Documents/assignment_3/ros2_nodes/install/rtsd_interfaces/include/rtsd_interfaces
[1.766s] -- Up-to-date: /home/rtsd-user/Documents/assignment_3/ros2_nodes/install/rtsd_interfaces/include/rtsd_interfaces/msg
[1.767s] -- Up-to-date: /home/rtsd-user/Documents/assignment_3/ros2_nodes/install/rtsd_interfaces/include/rtsd_interfaces/msg/detail
[1.768s] -- Up-to-date: /home/rtsd-user/Documents/assignment_3/ros2_nodes/install/rtsd_interfaces/include/rtsd_interfaces/msg/detail/point2__type_support.cpp
[1.768s] -- Up-to-date: /home/rtsd-user/Documents/assignment_3/ros2_nodes/install/rtsd_interfaces/include/rtsd_interfaces/msg/detail/point2__rosidl_typesupport_introspection_cpp.hpp
[1.769s] -- Up-to-date: /home/rtsd-user/Documents/assignment_3/ros2_nodes/install/rtsd_interfaces/lib/librtsd_interfaces__rosidl_typesupport_introspection_cpp.so
[1.769s] -- Up-to-date: /home/rtsd-user/Documents/assignment_3/ros2_nodes/install/rtsd_interfaces/lib/librtsd_interfaces__rosidl_typesupport_cpp.so
[1.769s] -- Up-to-date: /home/rtsd-user/Documents/assignment_3/ros2_nodes/install/rtsd_interfaces/share/rtsd_interfaces/environment/pythonpath.sh
[1.770s] -- Up-to-date: /home/rtsd-user/Documents/assignment_3/ros2_nodes/install/rtsd_interfaces/share/rtsd_interfaces/environment/pythonpath.dsv
[1.771s] -- Up-to-date: /home/rtsd-user/Documents/assignment_3/ros2_nodes/install/rtsd_interfaces/lib/python3.8/site-packages/rtsd_interfaces/__init__.py
[1.865s] -- Up-to-date: /home/rtsd-user/Documents/assignment_3/ros2_nodes/install/rtsd_interfaces/lib/python3.8/site-packages/rtsd_interfaces/msg
[1.866s] -- Up-to-date: /home/rtsd-user/Documents/assignment_3/ros2_nodes/install/rtsd_interfaces/lib/python3.8/site-packages/rtsd_interfaces/msg/_point2.py
[1.867s] -- Up-to-date: /home/rtsd-user/Documents/assignment_3/ros2_nodes/install/rtsd_interfaces/lib/python3.8/site-packages/rtsd_interfaces/msg/__init__.py
[1.867s] -- Up-to-date: /home/rtsd-user/Documents/assignment_3/ros2_nodes/install/rtsd_interfaces/lib/python3.8/site-packages/rtsd_interfaces/msg/_point2_s.c
[1.869s] -- Up-to-date: /home/rtsd-user/Documents/assignment_3/ros2_nodes/install/rtsd_interfaces/lib/python3.8/site-packages/rtsd_interfaces/rtsd_interfaces_s__rosidl_typesupport_fastrtps_c.cpython-38-x86_64-linux-gnu.so
[1.869s] -- Up-to-date: /home/rtsd-user/Documents/assignment_3/ros2_nodes/install/rtsd_interfaces/lib/python3.8/site-packages/rtsd_interfaces/rtsd_interfaces_s__rosidl_typesupport_introspection_c.cpython-38-x86_64-linux-gnu.so
[1.872s] -- Up-to-date: /home/rtsd-user/Documents/assignment_3/ros2_nodes/install/rtsd_interfaces/lib/python3.8/site-packages/rtsd_interfaces/rtsd_interfaces_s__rosidl_typesupport_c.cpython-38-x86_64-linux-gnu.so
[1.873s] -- Up-to-date: /home/rtsd-user/Documents/assignment_3/ros2_nodes/install/rtsd_interfaces/lib/librtsd_interfaces__python.so
[1.874s] -- Up-to-date: /home/rtsd-user/Documents/assignment_3/ros2_nodes/install/rtsd_interfaces/share/rtsd_interfaces/msg/Point2.idl
[1.875s] -- Up-to-date: /home/rtsd-user/Documents/assignment_3/ros2_nodes/install/rtsd_interfaces/share/rtsd_interfaces/msg/Point2.msg
[1.876s] -- Up-to-date: /home/rtsd-user/Documents/assignment_3/ros2_nodes/install/rtsd_interfaces/share/ament_index/resource_index/package_run_dependencies/rtsd_interfaces
[1.877s] -- Up-to-date: /home/rtsd-user/Documents/assignment_3/ros2_nodes/install/rtsd_interfaces/share/ament_index/resource_index/parent_prefix_path/rtsd_interfaces
[1.878s] -- Up-to-date: /home/rtsd-user/Documents/assignment_3/ros2_nodes/install/rtsd_interfaces/share/rtsd_interfaces/environment/ament_prefix_path.sh
[1.878s] -- Up-to-date: /home/rtsd-user/Documents/assignment_3/ros2_nodes/install/rtsd_interfaces/share/rtsd_interfaces/environment/ament_prefix_path.dsv
[1.879s] -- Up-to-date: /home/rtsd-user/Documents/assignment_3/ros2_nodes/install/rtsd_interfaces/share/rtsd_interfaces/environment/path.sh
[1.880s] -- Up-to-date: /home/rtsd-user/Documents/assignment_3/ros2_nodes/install/rtsd_interfaces/share/rtsd_interfaces/environment/path.dsv
[1.881s] -- Up-to-date: /home/rtsd-user/Documents/assignment_3/ros2_nodes/install/rtsd_interfaces/share/rtsd_interfaces/local_setup.bash
[1.882s] -- Up-to-date: /home/rtsd-user/Documents/assignment_3/ros2_nodes/install/rtsd_interfaces/share/rtsd_interfaces/local_setup.sh
[1.883s] -- Up-to-date: /home/rtsd-user/Documents/assignment_3/ros2_nodes/install/rtsd_interfaces/share/rtsd_interfaces/local_setup.zsh
[1.884s] -- Up-to-date: /home/rtsd-user/Documents/assignment_3/ros2_nodes/install/rtsd_interfaces/share/rtsd_interfaces/local_setup.dsv
[1.885s] -- Installing: /home/rtsd-user/Documents/assignment_3/ros2_nodes/install/rtsd_interfaces/share/rtsd_interfaces/package.dsv
[1.886s] -- Up-to-date: /home/rtsd-user/Documents/assignment_3/ros2_nodes/install/rtsd_interfaces/share/ament_index/resource_index/packages/rtsd_interfaces
[1.887s] -- Up-to-date: /home/rtsd-user/Documents/assignment_3/ros2_nodes/install/rtsd_interfaces/share/rtsd_interfaces/cmake/rtsd_interfaces__rosidl_generator_cExport.cmake
[1.888s] -- Up-to-date: /home/rtsd-user/Documents/assignment_3/ros2_nodes/install/rtsd_interfaces/share/rtsd_interfaces/cmake/rtsd_interfaces__rosidl_generator_cExport-noconfig.cmake
[1.889s] -- Up-to-date: /home/rtsd-user/Documents/assignment_3/ros2_nodes/install/rtsd_interfaces/share/rtsd_interfaces/cmake/rtsd_interfaces__rosidl_typesupport_introspection_cExport.cmake
[1.890s] -- Up-to-date: /home/rtsd-user/Documents/assignment_3/ros2_nodes/install/rtsd_interfaces/share/rtsd_interfaces/cmake/rtsd_interfaces__rosidl_typesupport_introspection_cExport-noconfig.cmake
[1.890s] -- Up-to-date: /home/rtsd-user/Documents/assignment_3/ros2_nodes/install/rtsd_interfaces/share/rtsd_interfaces/cmake/rtsd_interfaces__rosidl_typesupport_cExport.cmake
[1.891s] -- Up-to-date: /home/rtsd-user/Documents/assignment_3/ros2_nodes/install/rtsd_interfaces/share/rtsd_interfaces/cmake/rtsd_interfaces__rosidl_typesupport_cExport-noconfig.cmake
[1.892s] -- Up-to-date: /home/rtsd-user/Documents/assignment_3/ros2_nodes/install/rtsd_interfaces/share/rtsd_interfaces/cmake/rtsd_interfaces__rosidl_generator_cppExport.cmake
[1.893s] -- Up-to-date: /home/rtsd-user/Documents/assignment_3/ros2_nodes/install/rtsd_interfaces/share/rtsd_interfaces/cmake/rtsd_interfaces__rosidl_typesupport_introspection_cppExport.cmake
[1.894s] -- Up-to-date: /home/rtsd-user/Documents/assignment_3/ros2_nodes/install/rtsd_interfaces/share/rtsd_interfaces/cmake/rtsd_interfaces__rosidl_typesupport_introspection_cppExport-noconfig.cmake
[1.894s] -- Up-to-date: /home/rtsd-user/Documents/assignment_3/ros2_nodes/install/rtsd_interfaces/share/rtsd_interfaces/cmake/rtsd_interfaces__rosidl_typesupport_cppExport.cmake
[1.895s] -- Up-to-date: /home/rtsd-user/Documents/assignment_3/ros2_nodes/install/rtsd_interfaces/share/rtsd_interfaces/cmake/rtsd_interfaces__rosidl_typesupport_cppExport-noconfig.cmake
[1.896s] -- Up-to-date: /home/rtsd-user/Documents/assignment_3/ros2_nodes/install/rtsd_interfaces/share/rtsd_interfaces/cmake/rosidl_cmake-extras.cmake
[1.896s] -- Up-to-date: /home/rtsd-user/Documents/assignment_3/ros2_nodes/install/rtsd_interfaces/share/rtsd_interfaces/cmake/ament_cmake_export_dependencies-extras.cmake
[1.897s] -- Up-to-date: /home/rtsd-user/Documents/assignment_3/ros2_nodes/install/rtsd_interfaces/share/rtsd_interfaces/cmake/ament_cmake_export_libraries-extras.cmake
[1.897s] -- Up-to-date: /home/rtsd-user/Documents/assignment_3/ros2_nodes/install/rtsd_interfaces/share/rtsd_interfaces/cmake/ament_cmake_export_targets-extras.cmake
[1.898s] -- Up-to-date: /home/rtsd-user/Documents/assignment_3/ros2_nodes/install/rtsd_interfaces/share/rtsd_interfaces/cmake/ament_cmake_export_include_directories-extras.cmake
[1.902s] -- Up-to-date: /home/rtsd-user/Documents/assignment_3/ros2_nodes/install/rtsd_interfaces/share/rtsd_interfaces/cmake/rosidl_cmake_export_typesupport_libraries-extras.cmake
[1.903s] -- Up-to-date: /home/rtsd-user/Documents/assignment_3/ros2_nodes/install/rtsd_interfaces/share/rtsd_interfaces/cmake/rosidl_cmake_export_typesupport_targets-extras.cmake
[1.920s] -- Up-to-date: /home/rtsd-user/Documents/assignment_3/ros2_nodes/install/rtsd_interfaces/share/rtsd_interfaces/cmake/rtsd_interfacesConfig.cmake
[1.921s] -- Up-to-date: /home/rtsd-user/Documents/assignment_3/ros2_nodes/install/rtsd_interfaces/share/rtsd_interfaces/cmake/rtsd_interfacesConfig-version.cmake
[1.921s] -- Up-to-date: /home/rtsd-user/Documents/assignment_3/ros2_nodes/install/rtsd_interfaces/share/rtsd_interfaces/package.xml
[1.922s] Invoked command in '/home/rtsd-user/Documents/assignment_3/ros2_nodes/build/rtsd_interfaces' returned '0': CMAKE_PREFIX_PATH=/opt/ros/galactic /usr/bin/cmake --install /home/rtsd-user/Documents/assignment_3/ros2_nodes/build/rtsd_interfaces
