[0.671s] DEBUG:colcon:Command line arguments: ['/usr/bin/colcon', 'build']
[0.672s] DEBUG:colcon:Parsed command line arguments: Namespace(ament_cmake_args=None, base_paths=['.'], build_base='build', catkin_cmake_args=None, catkin_skip_building_tests=False, cmake_args=None, cmake_clean_cache=False, cmake_clean_first=False, cmake_force_configure=False, cmake_target=None, cmake_target_skip_unavailable=False, continue_on_error=False, event_handlers=None, executor='parallel', ignore_user_meta=False, install_base='install', log_base=None, log_level=None, main=<bound method BuildVerb.main of <colcon_core.verb.build.BuildVerb object at 0x7fd3626e3e50>>, merge_install=False, metas=['./colcon.meta'], packages_above=None, packages_above_and_dependencies=None, packages_above_depth=None, packages_end=None, packages_ignore=None, packages_ignore_regex=None, packages_select=None, packages_select_build_failed=False, packages_select_by_dep=None, packages_select_regex=None, packages_select_test_failures=False, packages_skip=None, packages_skip_build_finished=False, packages_skip_by_dep=None, packages_skip_regex=None, packages_skip_test_passed=False, packages_skip_up_to=None, packages_start=None, packages_up_to=None, packages_up_to_regex=None, parallel_workers=1, paths=None, symlink_install=False, test_result_base=None, verb_extension=<colcon_core.verb.build.BuildVerb object at 0x7fd3626e3e50>, verb_name='build', verb_parser=<colcon_defaults.argument_parser.defaults.DefaultArgumentsDecorator object at 0x7fd3626f1400>)
[0.695s] Level 1:colcon.colcon_core.package_discovery:discover_packages(colcon_meta) check parameters
[0.696s] Level 1:colcon.colcon_core.package_discovery:discover_packages(recursive) check parameters
[0.697s] Level 1:colcon.colcon_core.package_discovery:discover_packages(ignore) check parameters
[0.698s] Level 1:colcon.colcon_core.package_discovery:discover_packages(path) check parameters
[0.698s] Level 1:colcon.colcon_core.package_discovery:discover_packages(colcon_meta) discover
[0.698s] Level 1:colcon.colcon_core.package_discovery:discover_packages(recursive) discover
[0.698s] INFO:colcon.colcon_core.package_discovery:Crawling recursively for packages in '/home/rtsd-user/Documents/assignment_3/ros2_nodes'
[0.698s] Level 1:colcon.colcon_core.package_identification:_identify(.) by extensions ['ignore', 'ignore_ament_install']
[0.699s] Level 1:colcon.colcon_core.package_identification:_identify(.) by extension 'ignore'
[0.699s] Level 1:colcon.colcon_core.package_identification:_identify(.) by extension 'ignore_ament_install'
[0.699s] Level 1:colcon.colcon_core.package_identification:_identify(.) by extensions ['colcon_pkg']
[0.699s] Level 1:colcon.colcon_core.package_identification:_identify(.) by extension 'colcon_pkg'
[0.699s] Level 1:colcon.colcon_core.package_identification:_identify(.) by extensions ['colcon_meta']
[0.700s] Level 1:colcon.colcon_core.package_identification:_identify(.) by extension 'colcon_meta'
[0.700s] Level 1:colcon.colcon_core.package_identification:_identify(.) by extensions ['ros']
[0.700s] Level 1:colcon.colcon_core.package_identification:_identify(.) by extension 'ros'
[0.727s] Level 1:colcon.colcon_core.package_identification:_identify(.) by extensions ['cmake', 'python']
[0.728s] Level 1:colcon.colcon_core.package_identification:_identify(.) by extension 'cmake'
[0.728s] Level 1:colcon.colcon_core.package_identification:_identify(.) by extension 'python'
[0.728s] Level 1:colcon.colcon_core.package_identification:_identify(.) by extensions ['python_setup_py']
[0.728s] Level 1:colcon.colcon_core.package_identification:_identify(.) by extension 'python_setup_py'
[0.728s] Level 1:colcon.colcon_core.package_identification:_identify(build) by extensions ['ignore', 'ignore_ament_install']
[0.729s] Level 1:colcon.colcon_core.package_identification:_identify(build) by extension 'ignore'
[0.729s] Level 1:colcon.colcon_core.package_identification:_identify(build) ignored
[0.729s] Level 1:colcon.colcon_core.package_identification:_identify(install) by extensions ['ignore', 'ignore_ament_install']
[0.729s] Level 1:colcon.colcon_core.package_identification:_identify(install) by extension 'ignore'
[0.729s] Level 1:colcon.colcon_core.package_identification:_identify(install) ignored
[0.730s] Level 1:colcon.colcon_core.package_identification:_identify(log) by extensions ['ignore', 'ignore_ament_install']
[0.730s] Level 1:colcon.colcon_core.package_identification:_identify(log) by extension 'ignore'
[0.730s] Level 1:colcon.colcon_core.package_identification:_identify(log) ignored
[0.730s] Level 1:colcon.colcon_core.package_identification:_identify(src) by extensions ['ignore', 'ignore_ament_install']
[0.731s] Level 1:colcon.colcon_core.package_identification:_identify(src) by extension 'ignore'
[0.731s] Level 1:colcon.colcon_core.package_identification:_identify(src) by extension 'ignore_ament_install'
[0.731s] Level 1:colcon.colcon_core.package_identification:_identify(src) by extensions ['colcon_pkg']
[0.731s] Level 1:colcon.colcon_core.package_identification:_identify(src) by extension 'colcon_pkg'
[0.731s] Level 1:colcon.colcon_core.package_identification:_identify(src) by extensions ['colcon_meta']
[0.731s] Level 1:colcon.colcon_core.package_identification:_identify(src) by extension 'colcon_meta'
[0.732s] Level 1:colcon.colcon_core.package_identification:_identify(src) by extensions ['ros']
[0.732s] Level 1:colcon.colcon_core.package_identification:_identify(src) by extension 'ros'
[0.732s] Level 1:colcon.colcon_core.package_identification:_identify(src) by extensions ['cmake', 'python']
[0.732s] Level 1:colcon.colcon_core.package_identification:_identify(src) by extension 'cmake'
[0.732s] Level 1:colcon.colcon_core.package_identification:_identify(src) by extension 'python'
[0.732s] Level 1:colcon.colcon_core.package_identification:_identify(src) by extensions ['python_setup_py']
[0.732s] Level 1:colcon.colcon_core.package_identification:_identify(src) by extension 'python_setup_py'
[0.733s] Level 1:colcon.colcon_core.package_identification:_identify(src/jiwy_simulator) by extensions ['ignore', 'ignore_ament_install']
[0.733s] Level 1:colcon.colcon_core.package_identification:_identify(src/jiwy_simulator) by extension 'ignore'
[0.733s] Level 1:colcon.colcon_core.package_identification:_identify(src/jiwy_simulator) by extension 'ignore_ament_install'
[0.733s] Level 1:colcon.colcon_core.package_identification:_identify(src/jiwy_simulator) by extensions ['colcon_pkg']
[0.733s] Level 1:colcon.colcon_core.package_identification:_identify(src/jiwy_simulator) by extension 'colcon_pkg'
[0.734s] Level 1:colcon.colcon_core.package_identification:_identify(src/jiwy_simulator) by extensions ['colcon_meta']
[0.734s] Level 1:colcon.colcon_core.package_identification:_identify(src/jiwy_simulator) by extension 'colcon_meta'
[0.734s] Level 1:colcon.colcon_core.package_identification:_identify(src/jiwy_simulator) by extensions ['ros']
[0.734s] Level 1:colcon.colcon_core.package_identification:_identify(src/jiwy_simulator) by extension 'ros'
[0.741s] DEBUG:colcon.colcon_core.package_identification:Package 'src/jiwy_simulator' with type 'ros.ament_cmake' and name 'jiwy_simulator'
[0.742s] Level 1:colcon.colcon_core.package_identification:_identify(src/light_detection_3) by extensions ['ignore', 'ignore_ament_install']
[0.742s] Level 1:colcon.colcon_core.package_identification:_identify(src/light_detection_3) by extension 'ignore'
[0.743s] Level 1:colcon.colcon_core.package_identification:_identify(src/light_detection_3) by extension 'ignore_ament_install'
[0.743s] Level 1:colcon.colcon_core.package_identification:_identify(src/light_detection_3) by extensions ['colcon_pkg']
[0.743s] Level 1:colcon.colcon_core.package_identification:_identify(src/light_detection_3) by extension 'colcon_pkg'
[0.743s] Level 1:colcon.colcon_core.package_identification:_identify(src/light_detection_3) by extensions ['colcon_meta']
[0.743s] Level 1:colcon.colcon_core.package_identification:_identify(src/light_detection_3) by extension 'colcon_meta'
[0.743s] Level 1:colcon.colcon_core.package_identification:_identify(src/light_detection_3) by extensions ['ros']
[0.744s] Level 1:colcon.colcon_core.package_identification:_identify(src/light_detection_3) by extension 'ros'
[0.746s] DEBUG:colcon.colcon_core.package_identification:Package 'src/light_detection_3' with type 'ros.ament_cmake' and name 'light_detection_3'
[0.753s] Level 1:colcon.colcon_core.package_identification:_identify(src/rtsd_interfaces) by extensions ['ignore', 'ignore_ament_install']
[0.753s] Level 1:colcon.colcon_core.package_identification:_identify(src/rtsd_interfaces) by extension 'ignore'
[0.753s] Level 1:colcon.colcon_core.package_identification:_identify(src/rtsd_interfaces) by extension 'ignore_ament_install'
[0.753s] Level 1:colcon.colcon_core.package_identification:_identify(src/rtsd_interfaces) by extensions ['colcon_pkg']
[0.753s] Level 1:colcon.colcon_core.package_identification:_identify(src/rtsd_interfaces) by extension 'colcon_pkg'
[0.754s] Level 1:colcon.colcon_core.package_identification:_identify(src/rtsd_interfaces) by extensions ['colcon_meta']
[0.754s] Level 1:colcon.colcon_core.package_identification:_identify(src/rtsd_interfaces) by extension 'colcon_meta'
[0.754s] Level 1:colcon.colcon_core.package_identification:_identify(src/rtsd_interfaces) by extensions ['ros']
[0.754s] Level 1:colcon.colcon_core.package_identification:_identify(src/rtsd_interfaces) by extension 'ros'
[0.756s] DEBUG:colcon.colcon_core.package_identification:Package 'src/rtsd_interfaces' with type 'ros.ament_cmake' and name 'rtsd_interfaces'
[0.756s] Level 1:colcon.colcon_core.package_discovery:discover_packages(recursive) using defaults
[0.756s] Level 1:colcon.colcon_core.package_discovery:discover_packages(ignore) discover
[0.757s] Level 1:colcon.colcon_core.package_discovery:discover_packages(ignore) using defaults
[0.757s] Level 1:colcon.colcon_core.package_discovery:discover_packages(path) discover
[0.757s] Level 1:colcon.colcon_core.package_discovery:discover_packages(path) using defaults
[0.802s] Level 5:colcon.colcon_core.verb:set package 'rtsd_interfaces' build argument 'cmake_args' from command line to 'None'
[0.802s] Level 5:colcon.colcon_core.verb:set package 'rtsd_interfaces' build argument 'cmake_target' from command line to 'None'
[0.802s] Level 5:colcon.colcon_core.verb:set package 'rtsd_interfaces' build argument 'cmake_target_skip_unavailable' from command line to 'False'
[0.802s] Level 5:colcon.colcon_core.verb:set package 'rtsd_interfaces' build argument 'cmake_clean_cache' from command line to 'False'
[0.803s] Level 5:colcon.colcon_core.verb:set package 'rtsd_interfaces' build argument 'cmake_clean_first' from command line to 'False'
[0.803s] Level 5:colcon.colcon_core.verb:set package 'rtsd_interfaces' build argument 'cmake_force_configure' from command line to 'False'
[0.803s] Level 5:colcon.colcon_core.verb:set package 'rtsd_interfaces' build argument 'ament_cmake_args' from command line to 'None'
[0.803s] Level 5:colcon.colcon_core.verb:set package 'rtsd_interfaces' build argument 'catkin_cmake_args' from command line to 'None'
[0.803s] Level 5:colcon.colcon_core.verb:set package 'rtsd_interfaces' build argument 'catkin_skip_building_tests' from command line to 'False'
[0.803s] DEBUG:colcon.colcon_core.verb:Building package 'rtsd_interfaces' with the following arguments: {'ament_cmake_args': None, 'build_base': '/home/rtsd-user/Documents/assignment_3/ros2_nodes/build/rtsd_interfaces', 'catkin_cmake_args': None, 'catkin_skip_building_tests': False, 'cmake_args': None, 'cmake_clean_cache': False, 'cmake_clean_first': False, 'cmake_force_configure': False, 'cmake_target': None, 'cmake_target_skip_unavailable': False, 'install_base': '/home/rtsd-user/Documents/assignment_3/ros2_nodes/install/rtsd_interfaces', 'merge_install': False, 'path': '/home/rtsd-user/Documents/assignment_3/ros2_nodes/src/rtsd_interfaces', 'symlink_install': False, 'test_result_base': None}
[0.811s] Level 5:colcon.colcon_core.verb:set package 'jiwy_simulator' build argument 'cmake_args' from command line to 'None'
[0.811s] Level 5:colcon.colcon_core.verb:set package 'jiwy_simulator' build argument 'cmake_target' from command line to 'None'
[0.811s] Level 5:colcon.colcon_core.verb:set package 'jiwy_simulator' build argument 'cmake_target_skip_unavailable' from command line to 'False'
[0.811s] Level 5:colcon.colcon_core.verb:set package 'jiwy_simulator' build argument 'cmake_clean_cache' from command line to 'False'
[0.811s] Level 5:colcon.colcon_core.verb:set package 'jiwy_simulator' build argument 'cmake_clean_first' from command line to 'False'
[0.812s] Level 5:colcon.colcon_core.verb:set package 'jiwy_simulator' build argument 'cmake_force_configure' from command line to 'False'
[0.812s] Level 5:colcon.colcon_core.verb:set package 'jiwy_simulator' build argument 'ament_cmake_args' from command line to 'None'
[0.812s] Level 5:colcon.colcon_core.verb:set package 'jiwy_simulator' build argument 'catkin_cmake_args' from command line to 'None'
[0.812s] Level 5:colcon.colcon_core.verb:set package 'jiwy_simulator' build argument 'catkin_skip_building_tests' from command line to 'False'
[0.812s] DEBUG:colcon.colcon_core.verb:Building package 'jiwy_simulator' with the following arguments: {'ament_cmake_args': None, 'build_base': '/home/rtsd-user/Documents/assignment_3/ros2_nodes/build/jiwy_simulator', 'catkin_cmake_args': None, 'catkin_skip_building_tests': False, 'cmake_args': None, 'cmake_clean_cache': False, 'cmake_clean_first': False, 'cmake_force_configure': False, 'cmake_target': None, 'cmake_target_skip_unavailable': False, 'install_base': '/home/rtsd-user/Documents/assignment_3/ros2_nodes/install/jiwy_simulator', 'merge_install': False, 'path': '/home/rtsd-user/Documents/assignment_3/ros2_nodes/src/jiwy_simulator', 'symlink_install': False, 'test_result_base': None}
[0.818s] Level 5:colcon.colcon_core.verb:set package 'light_detection_3' build argument 'cmake_args' from command line to 'None'
[0.819s] Level 5:colcon.colcon_core.verb:set package 'light_detection_3' build argument 'cmake_target' from command line to 'None'
[0.819s] Level 5:colcon.colcon_core.verb:set package 'light_detection_3' build argument 'cmake_target_skip_unavailable' from command line to 'False'
[0.819s] Level 5:colcon.colcon_core.verb:set package 'light_detection_3' build argument 'cmake_clean_cache' from command line to 'False'
[0.819s] Level 5:colcon.colcon_core.verb:set package 'light_detection_3' build argument 'cmake_clean_first' from command line to 'False'
[0.819s] Level 5:colcon.colcon_core.verb:set package 'light_detection_3' build argument 'cmake_force_configure' from command line to 'False'
[0.819s] Level 5:colcon.colcon_core.verb:set package 'light_detection_3' build argument 'ament_cmake_args' from command line to 'None'
[0.819s] Level 5:colcon.colcon_core.verb:set package 'light_detection_3' build argument 'catkin_cmake_args' from command line to 'None'
[0.819s] Level 5:colcon.colcon_core.verb:set package 'light_detection_3' build argument 'catkin_skip_building_tests' from command line to 'False'
[0.820s] DEBUG:colcon.colcon_core.verb:Building package 'light_detection_3' with the following arguments: {'ament_cmake_args': None, 'build_base': '/home/rtsd-user/Documents/assignment_3/ros2_nodes/build/light_detection_3', 'catkin_cmake_args': None, 'catkin_skip_building_tests': False, 'cmake_args': None, 'cmake_clean_cache': False, 'cmake_clean_first': False, 'cmake_force_configure': False, 'cmake_target': None, 'cmake_target_skip_unavailable': False, 'install_base': '/home/rtsd-user/Documents/assignment_3/ros2_nodes/install/light_detection_3', 'merge_install': False, 'path': '/home/rtsd-user/Documents/assignment_3/ros2_nodes/src/light_detection_3', 'symlink_install': False, 'test_result_base': None}
[0.820s] INFO:colcon.colcon_core.executor:Executing jobs using 'parallel' executor
[0.825s] DEBUG:colcon.colcon_parallel_executor.executor.parallel:run_until_complete
[0.825s] INFO:colcon.colcon_ros.task.ament_cmake.build:Building ROS package in '/home/rtsd-user/Documents/assignment_3/ros2_nodes/src/rtsd_interfaces' with build type 'ament_cmake'
[0.826s] INFO:colcon.colcon_cmake.task.cmake.build:Building CMake package in '/home/rtsd-user/Documents/assignment_3/ros2_nodes/src/rtsd_interfaces'
[0.834s] INFO:colcon.colcon_core.plugin_system:Skipping extension 'colcon_core.shell.bat': Not used on non-Windows systems
[0.835s] INFO:colcon.colcon_core.shell:Skip shell extension 'powershell' for command environment: Not usable outside of PowerShell
[0.835s] DEBUG:colcon.colcon_core.shell:Skip shell extension 'dsv' for command environment
[0.840s] DEBUG:colcon.colcon_core.shell:Ignoring prefix path '/opt/ros/galactic'
[0.870s] DEBUG:colcon.colcon_core.event_handler.log_command:Invoking command in '/home/rtsd-user/Documents/assignment_3/ros2_nodes/build/rtsd_interfaces': CMAKE_PREFIX_PATH=/opt/ros/galactic /usr/bin/cmake --build /home/rtsd-user/Documents/assignment_3/ros2_nodes/build/rtsd_interfaces -- -j1 -l1
[2.551s] DEBUG:colcon.colcon_core.event_handler.log_command:Invoked command in '/home/rtsd-user/Documents/assignment_3/ros2_nodes/build/rtsd_interfaces' returned '0': CMAKE_PREFIX_PATH=/opt/ros/galactic /usr/bin/cmake --build /home/rtsd-user/Documents/assignment_3/ros2_nodes/build/rtsd_interfaces -- -j1 -l1
[2.901s] DEBUG:colcon.colcon_core.event_handler.log_command:Invoking command in '/home/rtsd-user/Documents/assignment_3/ros2_nodes/build/rtsd_interfaces': CMAKE_PREFIX_PATH=/opt/ros/galactic /usr/bin/cmake --install /home/rtsd-user/Documents/assignment_3/ros2_nodes/build/rtsd_interfaces
[3.284s] Level 1:colcon.colcon_core.environment:create_environment_scripts_only(rtsd_interfaces)
[3.305s] DEBUG:colcon.colcon_core.event_handler.log_command:Invoked command in '/home/rtsd-user/Documents/assignment_3/ros2_nodes/build/rtsd_interfaces' returned '0': CMAKE_PREFIX_PATH=/opt/ros/galactic /usr/bin/cmake --install /home/rtsd-user/Documents/assignment_3/ros2_nodes/build/rtsd_interfaces
[3.317s] Level 1:colcon.colcon_core.environment:checking '/home/rtsd-user/Documents/assignment_3/ros2_nodes/install/rtsd_interfaces' for CMake module files
[3.319s] Level 1:colcon.colcon_core.environment:checking '/home/rtsd-user/Documents/assignment_3/ros2_nodes/install/rtsd_interfaces' for CMake config files
[3.330s] Level 1:colcon.colcon_core.shell:create_environment_hook('rtsd_interfaces', 'cmake_prefix_path')
[3.337s] INFO:colcon.colcon_core.shell:Creating environment hook '/home/rtsd-user/Documents/assignment_3/ros2_nodes/install/rtsd_interfaces/share/rtsd_interfaces/hook/cmake_prefix_path.ps1'
[3.352s] INFO:colcon.colcon_core.shell:Creating environment descriptor '/home/rtsd-user/Documents/assignment_3/ros2_nodes/install/rtsd_interfaces/share/rtsd_interfaces/hook/cmake_prefix_path.dsv'
[3.356s] INFO:colcon.colcon_core.shell:Creating environment hook '/home/rtsd-user/Documents/assignment_3/ros2_nodes/install/rtsd_interfaces/share/rtsd_interfaces/hook/cmake_prefix_path.sh'
[3.378s] Level 1:colcon.colcon_core.environment:checking '/home/rtsd-user/Documents/assignment_3/ros2_nodes/install/rtsd_interfaces/lib'
[3.398s] Level 1:colcon.colcon_core.shell:create_environment_hook('rtsd_interfaces', 'ld_library_path_lib')
[3.408s] INFO:colcon.colcon_core.shell:Creating environment hook '/home/rtsd-user/Documents/assignment_3/ros2_nodes/install/rtsd_interfaces/share/rtsd_interfaces/hook/ld_library_path_lib.ps1'
[3.409s] INFO:colcon.colcon_core.shell:Creating environment descriptor '/home/rtsd-user/Documents/assignment_3/ros2_nodes/install/rtsd_interfaces/share/rtsd_interfaces/hook/ld_library_path_lib.dsv'
[3.420s] INFO:colcon.colcon_core.shell:Creating environment hook '/home/rtsd-user/Documents/assignment_3/ros2_nodes/install/rtsd_interfaces/share/rtsd_interfaces/hook/ld_library_path_lib.sh'
[3.422s] Level 1:colcon.colcon_core.environment:checking '/home/rtsd-user/Documents/assignment_3/ros2_nodes/install/rtsd_interfaces/bin'
[3.422s] Level 1:colcon.colcon_core.environment:checking '/home/rtsd-user/Documents/assignment_3/ros2_nodes/install/rtsd_interfaces/lib/pkgconfig/rtsd_interfaces.pc'
[3.423s] Level 1:colcon.colcon_core.environment:checking '/home/rtsd-user/Documents/assignment_3/ros2_nodes/install/rtsd_interfaces/lib/python3.8/site-packages'
[3.423s] Level 1:colcon.colcon_core.shell:create_environment_hook('rtsd_interfaces', 'pythonpath')
[3.428s] INFO:colcon.colcon_core.shell:Creating environment hook '/home/rtsd-user/Documents/assignment_3/ros2_nodes/install/rtsd_interfaces/share/rtsd_interfaces/hook/pythonpath.ps1'
[3.436s] INFO:colcon.colcon_core.shell:Creating environment descriptor '/home/rtsd-user/Documents/assignment_3/ros2_nodes/install/rtsd_interfaces/share/rtsd_interfaces/hook/pythonpath.dsv'
[3.445s] INFO:colcon.colcon_core.shell:Creating environment hook '/home/rtsd-user/Documents/assignment_3/ros2_nodes/install/rtsd_interfaces/share/rtsd_interfaces/hook/pythonpath.sh'
[3.453s] INFO:colcon.colcon_core.shell:Creating package script '/home/rtsd-user/Documents/assignment_3/ros2_nodes/install/rtsd_interfaces/share/rtsd_interfaces/package.ps1'
[3.472s] INFO:colcon.colcon_core.shell:Creating package descriptor '/home/rtsd-user/Documents/assignment_3/ros2_nodes/install/rtsd_interfaces/share/rtsd_interfaces/package.dsv'
[3.482s] INFO:colcon.colcon_core.shell:Creating package script '/home/rtsd-user/Documents/assignment_3/ros2_nodes/install/rtsd_interfaces/share/rtsd_interfaces/package.sh'
[3.495s] INFO:colcon.colcon_core.shell:Creating package script '/home/rtsd-user/Documents/assignment_3/ros2_nodes/install/rtsd_interfaces/share/rtsd_interfaces/package.bash'
[3.519s] INFO:colcon.colcon_core.shell:Creating package script '/home/rtsd-user/Documents/assignment_3/ros2_nodes/install/rtsd_interfaces/share/rtsd_interfaces/package.zsh'
[3.524s] Level 1:colcon.colcon_core.environment:create_file_with_runtime_dependencies(/home/rtsd-user/Documents/assignment_3/ros2_nodes/install/rtsd_interfaces/share/colcon-core/packages/rtsd_interfaces)
[3.982s] Level 1:colcon.colcon_core.environment:create_environment_scripts_only(rtsd_interfaces)
[3.997s] Level 1:colcon.colcon_core.environment:checking '/home/rtsd-user/Documents/assignment_3/ros2_nodes/install/rtsd_interfaces' for CMake module files
[3.998s] Level 1:colcon.colcon_core.environment:checking '/home/rtsd-user/Documents/assignment_3/ros2_nodes/install/rtsd_interfaces' for CMake config files
[4.009s] Level 1:colcon.colcon_core.shell:create_environment_hook('rtsd_interfaces', 'cmake_prefix_path')
[4.010s] INFO:colcon.colcon_core.shell:Creating environment hook '/home/rtsd-user/Documents/assignment_3/ros2_nodes/install/rtsd_interfaces/share/rtsd_interfaces/hook/cmake_prefix_path.ps1'
[4.015s] INFO:colcon.colcon_core.shell:Creating environment descriptor '/home/rtsd-user/Documents/assignment_3/ros2_nodes/install/rtsd_interfaces/share/rtsd_interfaces/hook/cmake_prefix_path.dsv'
[4.018s] INFO:colcon.colcon_core.shell:Creating environment hook '/home/rtsd-user/Documents/assignment_3/ros2_nodes/install/rtsd_interfaces/share/rtsd_interfaces/hook/cmake_prefix_path.sh'
[4.024s] Level 1:colcon.colcon_core.environment:checking '/home/rtsd-user/Documents/assignment_3/ros2_nodes/install/rtsd_interfaces/lib'
[4.024s] Level 1:colcon.colcon_core.shell:create_environment_hook('rtsd_interfaces', 'ld_library_path_lib')
[4.032s] INFO:colcon.colcon_core.shell:Creating environment hook '/home/rtsd-user/Documents/assignment_3/ros2_nodes/install/rtsd_interfaces/share/rtsd_interfaces/hook/ld_library_path_lib.ps1'
[4.036s] INFO:colcon.colcon_core.shell:Creating environment descriptor '/home/rtsd-user/Documents/assignment_3/ros2_nodes/install/rtsd_interfaces/share/rtsd_interfaces/hook/ld_library_path_lib.dsv'
[4.037s] INFO:colcon.colcon_core.shell:Creating environment hook '/home/rtsd-user/Documents/assignment_3/ros2_nodes/install/rtsd_interfaces/share/rtsd_interfaces/hook/ld_library_path_lib.sh'
[4.039s] Level 1:colcon.colcon_core.environment:checking '/home/rtsd-user/Documents/assignment_3/ros2_nodes/install/rtsd_interfaces/bin'
[4.040s] Level 1:colcon.colcon_core.environment:checking '/home/rtsd-user/Documents/assignment_3/ros2_nodes/install/rtsd_interfaces/lib/pkgconfig/rtsd_interfaces.pc'
[4.040s] Level 1:colcon.colcon_core.environment:checking '/home/rtsd-user/Documents/assignment_3/ros2_nodes/install/rtsd_interfaces/lib/python3.8/site-packages'
[4.040s] Level 1:colcon.colcon_core.shell:create_environment_hook('rtsd_interfaces', 'pythonpath')
[4.048s] INFO:colcon.colcon_core.shell:Creating environment hook '/home/rtsd-user/Documents/assignment_3/ros2_nodes/install/rtsd_interfaces/share/rtsd_interfaces/hook/pythonpath.ps1'
[4.051s] INFO:colcon.colcon_core.shell:Creating environment descriptor '/home/rtsd-user/Documents/assignment_3/ros2_nodes/install/rtsd_interfaces/share/rtsd_interfaces/hook/pythonpath.dsv'
[4.052s] INFO:colcon.colcon_core.shell:Creating environment hook '/home/rtsd-user/Documents/assignment_3/ros2_nodes/install/rtsd_interfaces/share/rtsd_interfaces/hook/pythonpath.sh'
[4.055s] INFO:colcon.colcon_core.shell:Creating package script '/home/rtsd-user/Documents/assignment_3/ros2_nodes/install/rtsd_interfaces/share/rtsd_interfaces/package.ps1'
[4.067s] INFO:colcon.colcon_core.shell:Creating package descriptor '/home/rtsd-user/Documents/assignment_3/ros2_nodes/install/rtsd_interfaces/share/rtsd_interfaces/package.dsv'
[4.073s] INFO:colcon.colcon_core.shell:Creating package script '/home/rtsd-user/Documents/assignment_3/ros2_nodes/install/rtsd_interfaces/share/rtsd_interfaces/package.sh'
[4.075s] INFO:colcon.colcon_core.shell:Creating package script '/home/rtsd-user/Documents/assignment_3/ros2_nodes/install/rtsd_interfaces/share/rtsd_interfaces/package.bash'
[4.084s] INFO:colcon.colcon_core.shell:Creating package script '/home/rtsd-user/Documents/assignment_3/ros2_nodes/install/rtsd_interfaces/share/rtsd_interfaces/package.zsh'
[4.085s] Level 1:colcon.colcon_core.environment:create_file_with_runtime_dependencies(/home/rtsd-user/Documents/assignment_3/ros2_nodes/install/rtsd_interfaces/share/colcon-core/packages/rtsd_interfaces)
[4.087s] INFO:colcon.colcon_ros.task.ament_cmake.build:Building ROS package in '/home/rtsd-user/Documents/assignment_3/ros2_nodes/src/jiwy_simulator' with build type 'ament_cmake'
[4.096s] INFO:colcon.colcon_cmake.task.cmake.build:Building CMake package in '/home/rtsd-user/Documents/assignment_3/ros2_nodes/src/jiwy_simulator'
[4.104s] INFO:colcon.colcon_core.shell:Skip shell extension 'powershell' for command environment: Not usable outside of PowerShell
[4.105s] DEBUG:colcon.colcon_core.shell:Skip shell extension 'dsv' for command environment
[4.128s] DEBUG:colcon.colcon_core.shell:Ignoring prefix path '/opt/ros/galactic'
[4.190s] DEBUG:colcon.colcon_core.event_handler.log_command:Invoking command in '/home/rtsd-user/Documents/assignment_3/ros2_nodes/build/jiwy_simulator': AMENT_PREFIX_PATH=/home/rtsd-user/Documents/assignment_3/ros2_nodes/install/rtsd_interfaces:${AMENT_PREFIX_PATH} CMAKE_PREFIX_PATH=/home/rtsd-user/Documents/assignment_3/ros2_nodes/install/rtsd_interfaces:/opt/ros/galactic LD_LIBRARY_PATH=/home/rtsd-user/Documents/assignment_3/ros2_nodes/install/rtsd_interfaces/lib:${LD_LIBRARY_PATH} PYTHONPATH=/home/rtsd-user/Documents/assignment_3/ros2_nodes/install/rtsd_interfaces/lib/python3.8/site-packages:${PYTHONPATH} /usr/bin/cmake --build /home/rtsd-user/Documents/assignment_3/ros2_nodes/build/jiwy_simulator -- -j1 -l1
[4.822s] DEBUG:colcon.colcon_core.event_handler.log_command:Invoked command in '/home/rtsd-user/Documents/assignment_3/ros2_nodes/build/jiwy_simulator' returned '0': AMENT_PREFIX_PATH=/home/rtsd-user/Documents/assignment_3/ros2_nodes/install/rtsd_interfaces:${AMENT_PREFIX_PATH} CMAKE_PREFIX_PATH=/home/rtsd-user/Documents/assignment_3/ros2_nodes/install/rtsd_interfaces:/opt/ros/galactic LD_LIBRARY_PATH=/home/rtsd-user/Documents/assignment_3/ros2_nodes/install/rtsd_interfaces/lib:${LD_LIBRARY_PATH} PYTHONPATH=/home/rtsd-user/Documents/assignment_3/ros2_nodes/install/rtsd_interfaces/lib/python3.8/site-packages:${PYTHONPATH} /usr/bin/cmake --build /home/rtsd-user/Documents/assignment_3/ros2_nodes/build/jiwy_simulator -- -j1 -l1
[5.028s] DEBUG:colcon.colcon_core.event_handler.log_command:Invoking command in '/home/rtsd-user/Documents/assignment_3/ros2_nodes/build/jiwy_simulator': AMENT_PREFIX_PATH=/home/rtsd-user/Documents/assignment_3/ros2_nodes/install/rtsd_interfaces:${AMENT_PREFIX_PATH} CMAKE_PREFIX_PATH=/home/rtsd-user/Documents/assignment_3/ros2_nodes/install/rtsd_interfaces:/opt/ros/galactic LD_LIBRARY_PATH=/home/rtsd-user/Documents/assignment_3/ros2_nodes/install/rtsd_interfaces/lib:${LD_LIBRARY_PATH} PYTHONPATH=/home/rtsd-user/Documents/assignment_3/ros2_nodes/install/rtsd_interfaces/lib/python3.8/site-packages:${PYTHONPATH} /usr/bin/cmake --install /home/rtsd-user/Documents/assignment_3/ros2_nodes/build/jiwy_simulator
[5.157s] Level 1:colcon.colcon_core.environment:create_environment_scripts_only(jiwy_simulator)
[5.159s] Level 1:colcon.colcon_core.environment:checking '/home/rtsd-user/Documents/assignment_3/ros2_nodes/install/jiwy_simulator' for CMake module files
[5.176s] DEBUG:colcon.colcon_core.event_handler.log_command:Invoked command in '/home/rtsd-user/Documents/assignment_3/ros2_nodes/build/jiwy_simulator' returned '0': AMENT_PREFIX_PATH=/home/rtsd-user/Documents/assignment_3/ros2_nodes/install/rtsd_interfaces:${AMENT_PREFIX_PATH} CMAKE_PREFIX_PATH=/home/rtsd-user/Documents/assignment_3/ros2_nodes/install/rtsd_interfaces:/opt/ros/galactic LD_LIBRARY_PATH=/home/rtsd-user/Documents/assignment_3/ros2_nodes/install/rtsd_interfaces/lib:${LD_LIBRARY_PATH} PYTHONPATH=/home/rtsd-user/Documents/assignment_3/ros2_nodes/install/rtsd_interfaces/lib/python3.8/site-packages:${PYTHONPATH} /usr/bin/cmake --install /home/rtsd-user/Documents/assignment_3/ros2_nodes/build/jiwy_simulator
[5.177s] Level 1:colcon.colcon_core.environment:checking '/home/rtsd-user/Documents/assignment_3/ros2_nodes/install/jiwy_simulator' for CMake config files
[5.178s] Level 1:colcon.colcon_core.shell:create_environment_hook('jiwy_simulator', 'cmake_prefix_path')
[5.179s] INFO:colcon.colcon_core.shell:Creating environment hook '/home/rtsd-user/Documents/assignment_3/ros2_nodes/install/jiwy_simulator/share/jiwy_simulator/hook/cmake_prefix_path.ps1'
[5.184s] INFO:colcon.colcon_core.shell:Creating environment descriptor '/home/rtsd-user/Documents/assignment_3/ros2_nodes/install/jiwy_simulator/share/jiwy_simulator/hook/cmake_prefix_path.dsv'
[5.188s] INFO:colcon.colcon_core.shell:Creating environment hook '/home/rtsd-user/Documents/assignment_3/ros2_nodes/install/jiwy_simulator/share/jiwy_simulator/hook/cmake_prefix_path.sh'
[5.193s] Level 1:colcon.colcon_core.environment:checking '/home/rtsd-user/Documents/assignment_3/ros2_nodes/install/jiwy_simulator/lib'
[5.193s] Level 1:colcon.colcon_core.environment:checking '/home/rtsd-user/Documents/assignment_3/ros2_nodes/install/jiwy_simulator/bin'
[5.193s] Level 1:colcon.colcon_core.environment:checking '/home/rtsd-user/Documents/assignment_3/ros2_nodes/install/jiwy_simulator/lib/pkgconfig/jiwy_simulator.pc'
[5.193s] Level 1:colcon.colcon_core.environment:checking '/home/rtsd-user/Documents/assignment_3/ros2_nodes/install/jiwy_simulator/lib/python3.8/site-packages'
[5.195s] INFO:colcon.colcon_core.shell:Creating package script '/home/rtsd-user/Documents/assignment_3/ros2_nodes/install/jiwy_simulator/share/jiwy_simulator/package.ps1'
[5.204s] INFO:colcon.colcon_core.shell:Creating package descriptor '/home/rtsd-user/Documents/assignment_3/ros2_nodes/install/jiwy_simulator/share/jiwy_simulator/package.dsv'
[5.208s] INFO:colcon.colcon_core.shell:Creating package script '/home/rtsd-user/Documents/assignment_3/ros2_nodes/install/jiwy_simulator/share/jiwy_simulator/package.sh'
[5.212s] INFO:colcon.colcon_core.shell:Creating package script '/home/rtsd-user/Documents/assignment_3/ros2_nodes/install/jiwy_simulator/share/jiwy_simulator/package.bash'
[5.220s] INFO:colcon.colcon_core.shell:Creating package script '/home/rtsd-user/Documents/assignment_3/ros2_nodes/install/jiwy_simulator/share/jiwy_simulator/package.zsh'
[5.221s] Level 1:colcon.colcon_core.environment:create_file_with_runtime_dependencies(/home/rtsd-user/Documents/assignment_3/ros2_nodes/install/jiwy_simulator/share/colcon-core/packages/jiwy_simulator)
[5.405s] Level 1:colcon.colcon_core.environment:create_environment_scripts_only(jiwy_simulator)
[5.407s] Level 1:colcon.colcon_core.environment:checking '/home/rtsd-user/Documents/assignment_3/ros2_nodes/install/jiwy_simulator' for CMake module files
[5.421s] Level 1:colcon.colcon_core.environment:checking '/home/rtsd-user/Documents/assignment_3/ros2_nodes/install/jiwy_simulator' for CMake config files
[5.422s] Level 1:colcon.colcon_core.shell:create_environment_hook('jiwy_simulator', 'cmake_prefix_path')
[5.436s] INFO:colcon.colcon_core.shell:Creating environment hook '/home/rtsd-user/Documents/assignment_3/ros2_nodes/install/jiwy_simulator/share/jiwy_simulator/hook/cmake_prefix_path.ps1'
[5.441s] INFO:colcon.colcon_core.shell:Creating environment descriptor '/home/rtsd-user/Documents/assignment_3/ros2_nodes/install/jiwy_simulator/share/jiwy_simulator/hook/cmake_prefix_path.dsv'
[5.442s] INFO:colcon.colcon_core.shell:Creating environment hook '/home/rtsd-user/Documents/assignment_3/ros2_nodes/install/jiwy_simulator/share/jiwy_simulator/hook/cmake_prefix_path.sh'
[5.452s] Level 1:colcon.colcon_core.environment:checking '/home/rtsd-user/Documents/assignment_3/ros2_nodes/install/jiwy_simulator/lib'
[5.452s] Level 1:colcon.colcon_core.environment:checking '/home/rtsd-user/Documents/assignment_3/ros2_nodes/install/jiwy_simulator/bin'
[5.452s] Level 1:colcon.colcon_core.environment:checking '/home/rtsd-user/Documents/assignment_3/ros2_nodes/install/jiwy_simulator/lib/pkgconfig/jiwy_simulator.pc'
[5.452s] Level 1:colcon.colcon_core.environment:checking '/home/rtsd-user/Documents/assignment_3/ros2_nodes/install/jiwy_simulator/lib/python3.8/site-packages'
[5.454s] INFO:colcon.colcon_core.shell:Creating package script '/home/rtsd-user/Documents/assignment_3/ros2_nodes/install/jiwy_simulator/share/jiwy_simulator/package.ps1'
[5.454s] INFO:colcon.colcon_core.shell:Creating package descriptor '/home/rtsd-user/Documents/assignment_3/ros2_nodes/install/jiwy_simulator/share/jiwy_simulator/package.dsv'
[5.471s] INFO:colcon.colcon_core.shell:Creating package script '/home/rtsd-user/Documents/assignment_3/ros2_nodes/install/jiwy_simulator/share/jiwy_simulator/package.sh'
[5.472s] INFO:colcon.colcon_core.shell:Creating package script '/home/rtsd-user/Documents/assignment_3/ros2_nodes/install/jiwy_simulator/share/jiwy_simulator/package.bash'
[5.473s] INFO:colcon.colcon_core.shell:Creating package script '/home/rtsd-user/Documents/assignment_3/ros2_nodes/install/jiwy_simulator/share/jiwy_simulator/package.zsh'
[5.474s] Level 1:colcon.colcon_core.environment:create_file_with_runtime_dependencies(/home/rtsd-user/Documents/assignment_3/ros2_nodes/install/jiwy_simulator/share/colcon-core/packages/jiwy_simulator)
[5.479s] INFO:colcon.colcon_ros.task.ament_cmake.build:Building ROS package in '/home/rtsd-user/Documents/assignment_3/ros2_nodes/src/light_detection_3' with build type 'ament_cmake'
[5.484s] INFO:colcon.colcon_cmake.task.cmake.build:Building CMake package in '/home/rtsd-user/Documents/assignment_3/ros2_nodes/src/light_detection_3'
[5.486s] INFO:colcon.colcon_core.shell:Skip shell extension 'powershell' for command environment: Not usable outside of PowerShell
[5.486s] DEBUG:colcon.colcon_core.shell:Skip shell extension 'dsv' for command environment
[5.524s] DEBUG:colcon.colcon_core.shell:Ignoring prefix path '/opt/ros/galactic'
[5.603s] DEBUG:colcon.colcon_core.event_handler.log_command:Invoking command in '/home/rtsd-user/Documents/assignment_3/ros2_nodes/build/light_detection_3': AMENT_PREFIX_PATH=/home/rtsd-user/Documents/assignment_3/ros2_nodes/install/rtsd_interfaces:${AMENT_PREFIX_PATH} CMAKE_PREFIX_PATH=/home/rtsd-user/Documents/assignment_3/ros2_nodes/install/rtsd_interfaces:/opt/ros/galactic LD_LIBRARY_PATH=/home/rtsd-user/Documents/assignment_3/ros2_nodes/install/rtsd_interfaces/lib:${LD_LIBRARY_PATH} PYTHONPATH=/home/rtsd-user/Documents/assignment_3/ros2_nodes/install/rtsd_interfaces/lib/python3.8/site-packages:${PYTHONPATH} /usr/bin/cmake --build /home/rtsd-user/Documents/assignment_3/ros2_nodes/build/light_detection_3 -- -j1 -l1
[21.226s] DEBUG:colcon.colcon_core.event_handler.log_command:Invoked command in '/home/rtsd-user/Documents/assignment_3/ros2_nodes/build/light_detection_3' returned '2': AMENT_PREFIX_PATH=/home/rtsd-user/Documents/assignment_3/ros2_nodes/install/rtsd_interfaces:${AMENT_PREFIX_PATH} CMAKE_PREFIX_PATH=/home/rtsd-user/Documents/assignment_3/ros2_nodes/install/rtsd_interfaces:/opt/ros/galactic LD_LIBRARY_PATH=/home/rtsd-user/Documents/assignment_3/ros2_nodes/install/rtsd_interfaces/lib:${LD_LIBRARY_PATH} PYTHONPATH=/home/rtsd-user/Documents/assignment_3/ros2_nodes/install/rtsd_interfaces/lib/python3.8/site-packages:${PYTHONPATH} /usr/bin/cmake --build /home/rtsd-user/Documents/assignment_3/ros2_nodes/build/light_detection_3 -- -j1 -l1
[21.413s] Level 1:colcon.colcon_core.environment:create_environment_scripts_only(light_detection_3)
[21.415s] Level 1:colcon.colcon_core.environment:checking '/home/rtsd-user/Documents/assignment_3/ros2_nodes/install/light_detection_3' for CMake module files
[21.424s] Level 1:colcon.colcon_core.environment:checking '/home/rtsd-user/Documents/assignment_3/ros2_nodes/install/light_detection_3' for CMake config files
[21.433s] Level 1:colcon.colcon_core.environment:checking '/home/rtsd-user/Documents/assignment_3/ros2_nodes/install/light_detection_3/bin'
[21.433s] Level 1:colcon.colcon_core.environment:checking '/home/rtsd-user/Documents/assignment_3/ros2_nodes/install/light_detection_3/lib/pkgconfig/light_detection_3.pc'
[21.433s] Level 1:colcon.colcon_core.environment:checking '/home/rtsd-user/Documents/assignment_3/ros2_nodes/install/light_detection_3/lib/python3.8/site-packages'
[21.434s] INFO:colcon.colcon_core.shell:Creating package script '/home/rtsd-user/Documents/assignment_3/ros2_nodes/install/light_detection_3/share/light_detection_3/package.ps1'
[21.442s] INFO:colcon.colcon_core.shell:Creating package descriptor '/home/rtsd-user/Documents/assignment_3/ros2_nodes/install/light_detection_3/share/light_detection_3/package.dsv'
[21.448s] INFO:colcon.colcon_core.shell:Creating package script '/home/rtsd-user/Documents/assignment_3/ros2_nodes/install/light_detection_3/share/light_detection_3/package.sh'
[21.452s] INFO:colcon.colcon_core.shell:Creating package script '/home/rtsd-user/Documents/assignment_3/ros2_nodes/install/light_detection_3/share/light_detection_3/package.bash'
[21.455s] INFO:colcon.colcon_core.shell:Creating package script '/home/rtsd-user/Documents/assignment_3/ros2_nodes/install/light_detection_3/share/light_detection_3/package.zsh'
[21.458s] Level 1:colcon.colcon_core.environment:create_file_with_runtime_dependencies(/home/rtsd-user/Documents/assignment_3/ros2_nodes/install/light_detection_3/share/colcon-core/packages/light_detection_3)
[21.476s] DEBUG:colcon.colcon_parallel_executor.executor.parallel:closing loop
[21.477s] DEBUG:colcon.colcon_parallel_executor.executor.parallel:loop closed
[21.478s] DEBUG:colcon.colcon_parallel_executor.executor.parallel:run_until_complete finished with '2'
[21.478s] DEBUG:colcon.colcon_core.event_reactor:joining thread
[21.533s] INFO:colcon.colcon_core.plugin_system:Skipping extension 'colcon_notification.desktop_notification.terminal_notifier': Not used on non-Darwin systems
[21.533s] INFO:colcon.colcon_core.plugin_system:Skipping extension 'colcon_notification.desktop_notification.win32': Not used on non-Windows systems
[21.533s] INFO:colcon.colcon_notification.desktop_notification:Sending desktop notification using 'notify2'
[21.622s] DEBUG:colcon.colcon_core.event_reactor:joined thread
[21.624s] INFO:colcon.colcon_core.shell:Creating prefix script '/home/rtsd-user/Documents/assignment_3/ros2_nodes/install/local_setup.ps1'
[21.631s] INFO:colcon.colcon_core.shell:Creating prefix util module '/home/rtsd-user/Documents/assignment_3/ros2_nodes/install/_local_setup_util_ps1.py'
[21.651s] INFO:colcon.colcon_core.shell:Creating prefix chain script '/home/rtsd-user/Documents/assignment_3/ros2_nodes/install/setup.ps1'
[21.680s] INFO:colcon.colcon_core.shell:Creating prefix script '/home/rtsd-user/Documents/assignment_3/ros2_nodes/install/local_setup.sh'
[21.692s] INFO:colcon.colcon_core.shell:Creating prefix util module '/home/rtsd-user/Documents/assignment_3/ros2_nodes/install/_local_setup_util_sh.py'
[21.698s] INFO:colcon.colcon_core.shell:Creating prefix chain script '/home/rtsd-user/Documents/assignment_3/ros2_nodes/install/setup.sh'
[21.736s] INFO:colcon.colcon_core.shell:Creating prefix script '/home/rtsd-user/Documents/assignment_3/ros2_nodes/install/local_setup.bash'
[21.739s] INFO:colcon.colcon_core.shell:Creating prefix chain script '/home/rtsd-user/Documents/assignment_3/ros2_nodes/install/setup.bash'
[21.776s] INFO:colcon.colcon_core.shell:Creating prefix script '/home/rtsd-user/Documents/assignment_3/ros2_nodes/install/local_setup.zsh'
[21.783s] INFO:colcon.colcon_core.shell:Creating prefix chain script '/home/rtsd-user/Documents/assignment_3/ros2_nodes/install/setup.zsh'
