[0.713s] Invoking command in '/home/rtsd_group_01/code/rtsd_assignment_3/ros2_nodes/build/rtsd_interfaces': CMAKE_PREFIX_PATH=${CMAKE_PREFIX_PATH}:/home/pi/ros2_galactic/install/ros2bag:/home/pi/ros2_galactic/install/tracetools_launch:/home/pi/ros2_galactic/install/topic_monitor:/home/pi/ros2_galactic/install/tf2_tools:/home/pi/ros2_galactic/install/examples_tf2_py:/home/pi/ros2_galactic/install/tf2_ros_py:/home/pi/ros2_galactic/install/sros2:/home/pi/ros2_galactic/install/rqt_gui_py:/home/pi/ros2_galactic/install/rqt_gui:/home/pi/ros2_galactic/install/ros2trace:/home/pi/ros2_galactic/install/ros2topic:/home/pi/ros2_galactic/install/ros2test:/home/pi/ros2_galactic/install/ros2component:/home/pi/ros2_galactic/install/ros2param:/home/pi/ros2_galactic/install/ros2lifecycle:/home/pi/ros2_galactic/install/ros2service:/home/pi/ros2_galactic/install/ros2run:/home/pi/ros2_galactic/install/ros2launch:/home/pi/ros2_galactic/install/ros2pkg:/home/pi/ros2_galactic/install/ros2node:/home/pi/ros2_galactic/install/ros2multicast:/home/pi/ros2_galactic/install/ros2interface:/home/pi/ros2_galactic/install/ros2doctor:/home/pi/ros2_galactic/install/ros2action:/home/pi/ros2_galactic/install/ros2cli:/home/pi/ros2_galactic/install/quality_of_service_demo_py:/home/pi/ros2_galactic/install/launch_testing_ros:/home/pi/ros2_galactic/install/launch_ros:/home/pi/ros2_galactic/install/examples_rclpy_pointcloud_publisher:/home/pi/ros2_galactic/install/examples_rclpy_minimal_subscriber:/home/pi/ros2_galactic/install/examples_rclpy_minimal_service:/home/pi/ros2_galactic/install/examples_rclpy_minimal_publisher:/home/pi/ros2_galactic/install/examples_rclpy_minimal_client:/home/pi/ros2_galactic/install/examples_rclpy_minimal_action_server:/home/pi/ros2_galactic/install/examples_rclpy_minimal_action_client:/home/pi/ros2_galactic/install/examples_rclpy_guard_conditions:/home/pi/ros2_galactic/install/examples_rclpy_executors:/home/pi/ros2_galactic/install/demo_nodes_py:/home/pi/ros2_galactic/install/action_tutorials_py:/home/pi/ros2_galactic/install/ament_uncrustify:/home/pi/ros2_galactic/install/tracetools_trace:/home/pi/ros2_galactic/install/tracetools_read:/home/pi/ros2_galactic/install/test_launch_ros:/home/pi/ros2_galactic/install/sensor_msgs_py:/home/pi/ros2_galactic/install/rpyutils:/home/pi/ros2_galactic/install/rosidl_runtime_py:/home/pi/ros2_galactic/install/rosidl_cli:/home/pi/ros2_galactic/install/launch_yaml:/home/pi/ros2_galactic/install/launch_xml:/home/pi/ros2_galactic/install/launch_testing:/home/pi/ros2_galactic/install/launch:/home/pi/ros2_galactic/install/osrf_pycommon:/home/pi/ros2_galactic/install/domain_coordinator:/home/pi/ros2_galactic/install/ament_xmllint:/home/pi/ros2_galactic/install/ament_pyflakes:/home/pi/ros2_galactic/install/ament_pycodestyle:/home/pi/ros2_galactic/install/ament_pep257:/home/pi/ros2_galactic/install/ament_pclint:/home/pi/ros2_galactic/install/ament_package:/home/pi/ros2_galactic/install/ament_mypy:/home/pi/ros2_galactic/install/ament_lint_cmake:/home/pi/ros2_galactic/install/ament_flake8:/home/pi/ros2_galactic/install/ament_copyright:/home/pi/ros2_galactic/install/ament_lint:/home/pi/ros2_galactic/install/ament_index_python:/home/pi/ros2_galactic/install/ament_cpplint:/home/pi/ros2_galactic/install/ament_cppcheck:/home/pi/ros2_galactic/install/ament_clang_tidy:/home/pi/ros2_galactic/install/ament_clang_format /usr/bin/cmake /home/rtsd_group_01/code/rtsd_assignment_3/ros2_nodes/src/rtsd_interfaces -DCMAKE_INSTALL_PREFIX=/home/rtsd_group_01/code/rtsd_assignment_3/ros2_nodes/install/rtsd_interfaces
[3.071s] -- The C compiler identification is GNU 8.3.0
[5.233s] -- The CXX compiler identification is GNU 8.3.0
[5.478s] -- Check for working C compiler: /usr/bin/cc
[8.550s] -- Check for working C compiler: /usr/bin/cc -- works
[8.561s] -- Detecting C compiler ABI info
[11.670s] -- Detecting C compiler ABI info - done
[11.809s] -- Detecting C compile features
[11.814s] -- Detecting C compile features - done
[11.847s] -- Check for working CXX compiler: /usr/bin/c++
[15.271s] -- Check for working CXX compiler: /usr/bin/c++ -- works
[15.284s] -- Detecting CXX compiler ABI info
[18.746s] -- Detecting CXX compiler ABI info - done
[18.886s] -- Detecting CXX compile features
[18.894s] -- Detecting CXX compile features - done
[19.201s] -- Found ament_cmake: 1.1.4 (/home/pi/ros2_galactic/install/ament_cmake/share/ament_cmake/cmake)
[21.007s] -- Found PythonInterp: /usr/bin/python3 (found suitable version "3.7.3", minimum required is "3") 
[21.011s] -- Using PYTHON_EXECUTABLE: /usr/bin/python3
[28.135s] -- Found rosidl_default_generators: 1.1.1 (/home/pi/ros2_galactic/install/rosidl_default_generators/share/rosidl_default_generators/cmake)
[29.749s] -- Using all available rosidl_typesupport_c: rosidl_typesupport_introspection_c;rosidl_typesupport_fastrtps_c
[30.441s] -- Found rosidl_adapter: 2.2.1 (/home/pi/ros2_galactic/install/rosidl_adapter/share/rosidl_adapter/cmake)
[37.137s] -- Found OpenSSL: /usr/lib/arm-linux-gnueabihf/libcrypto.so (found version "1.1.1d")  
[38.142s] -- Found FastRTPS: /home/pi/ros2_galactic/install/fastrtps/include  
[41.440s] -- Using all available rosidl_typesupport_cpp: rosidl_typesupport_introspection_cpp;rosidl_typesupport_fastrtps_cpp
[43.518s] -- Found PythonInterp: /usr/bin/python3 (found version "3.7.3") 
[48.752s] -- Found ament_cmake_ros: 0.9.2 (/home/pi/ros2_galactic/install/ament_cmake_ros/share/ament_cmake_ros/cmake)
[55.200s] -- Using all available rosidl_typesupport_c: rosidl_typesupport_introspection_c;rosidl_typesupport_fastrtps_c
[56.908s] -- Using all available rosidl_typesupport_cpp: rosidl_typesupport_introspection_cpp;rosidl_typesupport_fastrtps_cpp
[58.762s] -- Found PythonInterp: /usr/bin/python3 (found suitable version "3.7.3", minimum required is "3.5") 
[59.019s] -- Found python_cmake_module: 0.8.1 (/home/pi/ros2_galactic/install/python_cmake_module/share/python_cmake_module/cmake)
[60.433s] -- Found PythonLibs: /usr/lib/arm-linux-gnueabihf/libpython3.7m.so (found suitable version "3.7.3", minimum required is "3.5") 
[60.437s] -- Using PYTHON_EXECUTABLE: /usr/bin/python3
[60.441s] -- Using PYTHON_INCLUDE_DIRS: /usr/include/python3.7m
[60.446s] -- Using PYTHON_LIBRARIES: /usr/lib/arm-linux-gnueabihf/libpython3.7m.so
[61.600s] -- Found PythonExtra: .so  
[67.665s] -- Found ament_lint_auto: 0.10.6 (/home/pi/ros2_galactic/install/ament_lint_auto/share/ament_lint_auto/cmake)
[70.032s] -- Added test 'copyright' to check source files copyright and LICENSE
[70.130s] -- Added test 'lint_cmake' to check CMake code style
[70.215s] -- Added test 'xmllint' to check XML markup files
[70.439s] -- Configuring done
[71.227s] -- Generating done
[71.322s] -- Build files have been written to: /home/rtsd_group_01/code/rtsd_assignment_3/ros2_nodes/build/rtsd_interfaces
[71.409s] Invoked command in '/home/rtsd_group_01/code/rtsd_assignment_3/ros2_nodes/build/rtsd_interfaces' returned '0': CMAKE_PREFIX_PATH=${CMAKE_PREFIX_PATH}:/home/pi/ros2_galactic/install/ros2bag:/home/pi/ros2_galactic/install/tracetools_launch:/home/pi/ros2_galactic/install/topic_monitor:/home/pi/ros2_galactic/install/tf2_tools:/home/pi/ros2_galactic/install/examples_tf2_py:/home/pi/ros2_galactic/install/tf2_ros_py:/home/pi/ros2_galactic/install/sros2:/home/pi/ros2_galactic/install/rqt_gui_py:/home/pi/ros2_galactic/install/rqt_gui:/home/pi/ros2_galactic/install/ros2trace:/home/pi/ros2_galactic/install/ros2topic:/home/pi/ros2_galactic/install/ros2test:/home/pi/ros2_galactic/install/ros2component:/home/pi/ros2_galactic/install/ros2param:/home/pi/ros2_galactic/install/ros2lifecycle:/home/pi/ros2_galactic/install/ros2service:/home/pi/ros2_galactic/install/ros2run:/home/pi/ros2_galactic/install/ros2launch:/home/pi/ros2_galactic/install/ros2pkg:/home/pi/ros2_galactic/install/ros2node:/home/pi/ros2_galactic/install/ros2multicast:/home/pi/ros2_galactic/install/ros2interface:/home/pi/ros2_galactic/install/ros2doctor:/home/pi/ros2_galactic/install/ros2action:/home/pi/ros2_galactic/install/ros2cli:/home/pi/ros2_galactic/install/quality_of_service_demo_py:/home/pi/ros2_galactic/install/launch_testing_ros:/home/pi/ros2_galactic/install/launch_ros:/home/pi/ros2_galactic/install/examples_rclpy_pointcloud_publisher:/home/pi/ros2_galactic/install/examples_rclpy_minimal_subscriber:/home/pi/ros2_galactic/install/examples_rclpy_minimal_service:/home/pi/ros2_galactic/install/examples_rclpy_minimal_publisher:/home/pi/ros2_galactic/install/examples_rclpy_minimal_client:/home/pi/ros2_galactic/install/examples_rclpy_minimal_action_server:/home/pi/ros2_galactic/install/examples_rclpy_minimal_action_client:/home/pi/ros2_galactic/install/examples_rclpy_guard_conditions:/home/pi/ros2_galactic/install/examples_rclpy_executors:/home/pi/ros2_galactic/install/demo_nodes_py:/home/pi/ros2_galactic/install/action_tutorials_py:/home/pi/ros2_galactic/install/ament_uncrustify:/home/pi/ros2_galactic/install/tracetools_trace:/home/pi/ros2_galactic/install/tracetools_read:/home/pi/ros2_galactic/install/test_launch_ros:/home/pi/ros2_galactic/install/sensor_msgs_py:/home/pi/ros2_galactic/install/rpyutils:/home/pi/ros2_galactic/install/rosidl_runtime_py:/home/pi/ros2_galactic/install/rosidl_cli:/home/pi/ros2_galactic/install/launch_yaml:/home/pi/ros2_galactic/install/launch_xml:/home/pi/ros2_galactic/install/launch_testing:/home/pi/ros2_galactic/install/launch:/home/pi/ros2_galactic/install/osrf_pycommon:/home/pi/ros2_galactic/install/domain_coordinator:/home/pi/ros2_galactic/install/ament_xmllint:/home/pi/ros2_galactic/install/ament_pyflakes:/home/pi/ros2_galactic/install/ament_pycodestyle:/home/pi/ros2_galactic/install/ament_pep257:/home/pi/ros2_galactic/install/ament_pclint:/home/pi/ros2_galactic/install/ament_package:/home/pi/ros2_galactic/install/ament_mypy:/home/pi/ros2_galactic/install/ament_lint_cmake:/home/pi/ros2_galactic/install/ament_flake8:/home/pi/ros2_galactic/install/ament_copyright:/home/pi/ros2_galactic/install/ament_lint:/home/pi/ros2_galactic/install/ament_index_python:/home/pi/ros2_galactic/install/ament_cpplint:/home/pi/ros2_galactic/install/ament_cppcheck:/home/pi/ros2_galactic/install/ament_clang_tidy:/home/pi/ros2_galactic/install/ament_clang_format /usr/bin/cmake /home/rtsd_group_01/code/rtsd_assignment_3/ros2_nodes/src/rtsd_interfaces -DCMAKE_INSTALL_PREFIX=/home/rtsd_group_01/code/rtsd_assignment_3/ros2_nodes/install/rtsd_interfaces
[71.462s] Invoking command in '/home/rtsd_group_01/code/rtsd_assignment_3/ros2_nodes/build/rtsd_interfaces': CMAKE_PREFIX_PATH=${CMAKE_PREFIX_PATH}:/home/pi/ros2_galactic/install/ros2bag:/home/pi/ros2_galactic/install/tracetools_launch:/home/pi/ros2_galactic/install/topic_monitor:/home/pi/ros2_galactic/install/tf2_tools:/home/pi/ros2_galactic/install/examples_tf2_py:/home/pi/ros2_galactic/install/tf2_ros_py:/home/pi/ros2_galactic/install/sros2:/home/pi/ros2_galactic/install/rqt_gui_py:/home/pi/ros2_galactic/install/rqt_gui:/home/pi/ros2_galactic/install/ros2trace:/home/pi/ros2_galactic/install/ros2topic:/home/pi/ros2_galactic/install/ros2test:/home/pi/ros2_galactic/install/ros2component:/home/pi/ros2_galactic/install/ros2param:/home/pi/ros2_galactic/install/ros2lifecycle:/home/pi/ros2_galactic/install/ros2service:/home/pi/ros2_galactic/install/ros2run:/home/pi/ros2_galactic/install/ros2launch:/home/pi/ros2_galactic/install/ros2pkg:/home/pi/ros2_galactic/install/ros2node:/home/pi/ros2_galactic/install/ros2multicast:/home/pi/ros2_galactic/install/ros2interface:/home/pi/ros2_galactic/install/ros2doctor:/home/pi/ros2_galactic/install/ros2action:/home/pi/ros2_galactic/install/ros2cli:/home/pi/ros2_galactic/install/quality_of_service_demo_py:/home/pi/ros2_galactic/install/launch_testing_ros:/home/pi/ros2_galactic/install/launch_ros:/home/pi/ros2_galactic/install/examples_rclpy_pointcloud_publisher:/home/pi/ros2_galactic/install/examples_rclpy_minimal_subscriber:/home/pi/ros2_galactic/install/examples_rclpy_minimal_service:/home/pi/ros2_galactic/install/examples_rclpy_minimal_publisher:/home/pi/ros2_galactic/install/examples_rclpy_minimal_client:/home/pi/ros2_galactic/install/examples_rclpy_minimal_action_server:/home/pi/ros2_galactic/install/examples_rclpy_minimal_action_client:/home/pi/ros2_galactic/install/examples_rclpy_guard_conditions:/home/pi/ros2_galactic/install/examples_rclpy_executors:/home/pi/ros2_galactic/install/demo_nodes_py:/home/pi/ros2_galactic/install/action_tutorials_py:/home/pi/ros2_galactic/install/ament_uncrustify:/home/pi/ros2_galactic/install/tracetools_trace:/home/pi/ros2_galactic/install/tracetools_read:/home/pi/ros2_galactic/install/test_launch_ros:/home/pi/ros2_galactic/install/sensor_msgs_py:/home/pi/ros2_galactic/install/rpyutils:/home/pi/ros2_galactic/install/rosidl_runtime_py:/home/pi/ros2_galactic/install/rosidl_cli:/home/pi/ros2_galactic/install/launch_yaml:/home/pi/ros2_galactic/install/launch_xml:/home/pi/ros2_galactic/install/launch_testing:/home/pi/ros2_galactic/install/launch:/home/pi/ros2_galactic/install/osrf_pycommon:/home/pi/ros2_galactic/install/domain_coordinator:/home/pi/ros2_galactic/install/ament_xmllint:/home/pi/ros2_galactic/install/ament_pyflakes:/home/pi/ros2_galactic/install/ament_pycodestyle:/home/pi/ros2_galactic/install/ament_pep257:/home/pi/ros2_galactic/install/ament_pclint:/home/pi/ros2_galactic/install/ament_package:/home/pi/ros2_galactic/install/ament_mypy:/home/pi/ros2_galactic/install/ament_lint_cmake:/home/pi/ros2_galactic/install/ament_flake8:/home/pi/ros2_galactic/install/ament_copyright:/home/pi/ros2_galactic/install/ament_lint:/home/pi/ros2_galactic/install/ament_index_python:/home/pi/ros2_galactic/install/ament_cpplint:/home/pi/ros2_galactic/install/ament_cppcheck:/home/pi/ros2_galactic/install/ament_clang_tidy:/home/pi/ros2_galactic/install/ament_clang_format /usr/bin/cmake --build /home/rtsd_group_01/code/rtsd_assignment_3/ros2_nodes/build/rtsd_interfaces -- -j4 -l4
[73.717s] [35m[1mScanning dependencies of target rtsd_interfaces__cpp[0m
[73.730s] [  3%] [34m[1mGenerating C code for ROS interfaces[0m
[74.400s] [  6%] [34m[1mGenerating C++ code for ROS interfaces[0m
[79.806s] [35m[1mScanning dependencies of target rtsd_interfaces__rosidl_generator_c[0m
[80.148s] [  6%] Built target rtsd_interfaces__cpp
[80.520s] [  9%] [32mBuilding C object CMakeFiles/rtsd_interfaces__rosidl_generator_c.dir/rosidl_generator_c/rtsd_interfaces/msg/detail/point2__functions.c.o[0m
[80.943s] [ 12%] [34m[1mGenerating C++ type support for eProsima Fast-RTPS[0m
[80.991s] [ 16%] [34m[1mGenerating C++ type support dispatch for ROS interfaces[0m
[81.001s] [ 19%] [34m[1mGenerating C++ introspection for ROS interfaces[0m
[82.022s] [ 22%] [32m[1mLinking C shared library librtsd_interfaces__rosidl_generator_c.so[0m
[83.898s] [ 22%] Built target rtsd_interfaces__rosidl_generator_c
[84.702s] [ 25%] [34m[1mGenerating C introspection for ROS interfaces[0m
[86.598s] [35m[1mScanning dependencies of target rtsd_interfaces__rosidl_typesupport_cpp[0m
[87.313s] [35m[1mScanning dependencies of target rtsd_interfaces__rosidl_typesupport_fastrtps_cpp[0m
[87.529s] [ 29%] [32mBuilding CXX object CMakeFiles/rtsd_interfaces__rosidl_typesupport_cpp.dir/rosidl_typesupport_cpp/rtsd_interfaces/msg/point2__type_support.cpp.o[0m
[87.707s] [35m[1mScanning dependencies of target rtsd_interfaces__rosidl_typesupport_introspection_cpp[0m
[88.393s] [ 32%] [32mBuilding CXX object CMakeFiles/rtsd_interfaces__rosidl_typesupport_fastrtps_cpp.dir/rosidl_typesupport_fastrtps_cpp/rtsd_interfaces/msg/detail/dds_fastrtps/point2__type_support.cpp.o[0m
[88.588s] [ 35%] [32mBuilding CXX object CMakeFiles/rtsd_interfaces__rosidl_typesupport_introspection_cpp.dir/rosidl_typesupport_introspection_cpp/rtsd_interfaces/msg/detail/point2__type_support.cpp.o[0m
[91.344s] [35m[1mScanning dependencies of target rtsd_interfaces__rosidl_typesupport_introspection_c[0m
[92.807s] [ 38%] [32mBuilding C object CMakeFiles/rtsd_interfaces__rosidl_typesupport_introspection_c.dir/rosidl_typesupport_introspection_c/rtsd_interfaces/msg/detail/point2__type_support.c.o[0m
[93.332s] [ 41%] [32m[1mLinking CXX shared library librtsd_interfaces__rosidl_typesupport_cpp.so[0m
[94.419s] [ 45%] [32m[1mLinking CXX shared library librtsd_interfaces__rosidl_typesupport_introspection_cpp.so[0m
[94.976s] [ 48%] [32m[1mLinking C shared library librtsd_interfaces__rosidl_typesupport_introspection_c.so[0m
[96.199s] [ 51%] [32m[1mLinking CXX shared library librtsd_interfaces__rosidl_typesupport_fastrtps_cpp.so[0m
[96.670s] [ 51%] Built target rtsd_interfaces__rosidl_typesupport_cpp
[97.188s] [ 51%] Built target rtsd_interfaces__rosidl_typesupport_introspection_cpp
[97.273s] [ 51%] Built target rtsd_interfaces__rosidl_typesupport_introspection_c
[97.399s] [ 54%] [34m[1mGenerating C type support dispatch for ROS interfaces[0m
[99.171s] [ 54%] Built target rtsd_interfaces__rosidl_typesupport_fastrtps_cpp
[99.853s] [ 58%] [34m[1mGenerating C type support for eProsima Fast-RTPS[0m
[102.465s] [35m[1mScanning dependencies of target rtsd_interfaces__rosidl_typesupport_c[0m
[103.192s] [ 61%] [32mBuilding CXX object CMakeFiles/rtsd_interfaces__rosidl_typesupport_c.dir/rosidl_typesupport_c/rtsd_interfaces/msg/point2__type_support.cpp.o[0m
[104.438s] [ 64%] [32m[1mLinking CXX shared library librtsd_interfaces__rosidl_typesupport_c.so[0m
[105.459s] [35m[1mScanning dependencies of target rtsd_interfaces__rosidl_typesupport_fastrtps_c[0m
[106.309s] [ 67%] [32mBuilding CXX object CMakeFiles/rtsd_interfaces__rosidl_typesupport_fastrtps_c.dir/rosidl_typesupport_fastrtps_c/rtsd_interfaces/msg/detail/point2__type_support_c.cpp.o[0m
[106.472s] [ 67%] Built target rtsd_interfaces__rosidl_typesupport_c
[110.880s] [ 70%] [32m[1mLinking CXX shared library librtsd_interfaces__rosidl_typesupport_fastrtps_c.so[0m
[113.425s] [ 70%] Built target rtsd_interfaces__rosidl_typesupport_fastrtps_c
[114.072s] [35m[1mScanning dependencies of target rtsd_interfaces[0m
[114.724s] [ 70%] Built target rtsd_interfaces
[115.375s] [35m[1mScanning dependencies of target rtsd_interfaces__py[0m
[116.072s] [ 74%] [34m[1mGenerating Python code for ROS interfaces[0m
[123.926s] [ 74%] Built target rtsd_interfaces__py
[124.580s] [35m[1mScanning dependencies of target rtsd_interfaces__python[0m
[125.624s] [ 77%] [32mBuilding C object CMakeFiles/rtsd_interfaces__python.dir/rosidl_generator_py/rtsd_interfaces/msg/_point2_s.c.o[0m
[127.614s] [ 80%] [32m[1mLinking C shared library rosidl_generator_py/rtsd_interfaces/librtsd_interfaces__python.so[0m
[129.199s] [ 80%] Built target rtsd_interfaces__python
[129.876s] [35m[1mScanning dependencies of target rtsd_interfaces__rosidl_typesupport_c__pyext[0m
[129.888s] [35m[1mScanning dependencies of target rtsd_interfaces__rosidl_typesupport_fastrtps_c__pyext[0m
[129.895s] [35m[1mScanning dependencies of target rtsd_interfaces__rosidl_typesupport_introspection_c__pyext[0m
[130.956s] [ 83%] [32mBuilding C object CMakeFiles/rtsd_interfaces__rosidl_typesupport_c__pyext.dir/rosidl_generator_py/rtsd_interfaces/_rtsd_interfaces_s.ep.rosidl_typesupport_c.c.o[0m
[130.972s] [ 87%] [32mBuilding C object CMakeFiles/rtsd_interfaces__rosidl_typesupport_introspection_c__pyext.dir/rosidl_generator_py/rtsd_interfaces/_rtsd_interfaces_s.ep.rosidl_typesupport_introspection_c.c.o[0m
[131.021s] [ 90%] [32mBuilding C object CMakeFiles/rtsd_interfaces__rosidl_typesupport_fastrtps_c__pyext.dir/rosidl_generator_py/rtsd_interfaces/_rtsd_interfaces_s.ep.rosidl_typesupport_fastrtps_c.c.o[0m
[132.911s] [ 93%] [32m[1mLinking C shared library rosidl_generator_py/rtsd_interfaces/rtsd_interfaces_s__rosidl_typesupport_c.cpython-37m-arm-linux-gnueabihf.so[0m
[132.987s] [ 96%] [32m[1mLinking C shared library rosidl_generator_py/rtsd_interfaces/rtsd_interfaces_s__rosidl_typesupport_introspection_c.cpython-37m-arm-linux-gnueabihf.so[0m
[133.166s] [100%] [32m[1mLinking CXX shared library rosidl_generator_py/rtsd_interfaces/rtsd_interfaces_s__rosidl_typesupport_fastrtps_c.cpython-37m-arm-linux-gnueabihf.so[0m
[134.679s] [100%] Built target rtsd_interfaces__rosidl_typesupport_c__pyext
[134.789s] [100%] Built target rtsd_interfaces__rosidl_typesupport_introspection_c__pyext
[135.868s] [100%] Built target rtsd_interfaces__rosidl_typesupport_fastrtps_c__pyext
[136.392s] Invoked command in '/home/rtsd_group_01/code/rtsd_assignment_3/ros2_nodes/build/rtsd_interfaces' returned '0': CMAKE_PREFIX_PATH=${CMAKE_PREFIX_PATH}:/home/pi/ros2_galactic/install/ros2bag:/home/pi/ros2_galactic/install/tracetools_launch:/home/pi/ros2_galactic/install/topic_monitor:/home/pi/ros2_galactic/install/tf2_tools:/home/pi/ros2_galactic/install/examples_tf2_py:/home/pi/ros2_galactic/install/tf2_ros_py:/home/pi/ros2_galactic/install/sros2:/home/pi/ros2_galactic/install/rqt_gui_py:/home/pi/ros2_galactic/install/rqt_gui:/home/pi/ros2_galactic/install/ros2trace:/home/pi/ros2_galactic/install/ros2topic:/home/pi/ros2_galactic/install/ros2test:/home/pi/ros2_galactic/install/ros2component:/home/pi/ros2_galactic/install/ros2param:/home/pi/ros2_galactic/install/ros2lifecycle:/home/pi/ros2_galactic/install/ros2service:/home/pi/ros2_galactic/install/ros2run:/home/pi/ros2_galactic/install/ros2launch:/home/pi/ros2_galactic/install/ros2pkg:/home/pi/ros2_galactic/install/ros2node:/home/pi/ros2_galactic/install/ros2multicast:/home/pi/ros2_galactic/install/ros2interface:/home/pi/ros2_galactic/install/ros2doctor:/home/pi/ros2_galactic/install/ros2action:/home/pi/ros2_galactic/install/ros2cli:/home/pi/ros2_galactic/install/quality_of_service_demo_py:/home/pi/ros2_galactic/install/launch_testing_ros:/home/pi/ros2_galactic/install/launch_ros:/home/pi/ros2_galactic/install/examples_rclpy_pointcloud_publisher:/home/pi/ros2_galactic/install/examples_rclpy_minimal_subscriber:/home/pi/ros2_galactic/install/examples_rclpy_minimal_service:/home/pi/ros2_galactic/install/examples_rclpy_minimal_publisher:/home/pi/ros2_galactic/install/examples_rclpy_minimal_client:/home/pi/ros2_galactic/install/examples_rclpy_minimal_action_server:/home/pi/ros2_galactic/install/examples_rclpy_minimal_action_client:/home/pi/ros2_galactic/install/examples_rclpy_guard_conditions:/home/pi/ros2_galactic/install/examples_rclpy_executors:/home/pi/ros2_galactic/install/demo_nodes_py:/home/pi/ros2_galactic/install/action_tutorials_py:/home/pi/ros2_galactic/install/ament_uncrustify:/home/pi/ros2_galactic/install/tracetools_trace:/home/pi/ros2_galactic/install/tracetools_read:/home/pi/ros2_galactic/install/test_launch_ros:/home/pi/ros2_galactic/install/sensor_msgs_py:/home/pi/ros2_galactic/install/rpyutils:/home/pi/ros2_galactic/install/rosidl_runtime_py:/home/pi/ros2_galactic/install/rosidl_cli:/home/pi/ros2_galactic/install/launch_yaml:/home/pi/ros2_galactic/install/launch_xml:/home/pi/ros2_galactic/install/launch_testing:/home/pi/ros2_galactic/install/launch:/home/pi/ros2_galactic/install/osrf_pycommon:/home/pi/ros2_galactic/install/domain_coordinator:/home/pi/ros2_galactic/install/ament_xmllint:/home/pi/ros2_galactic/install/ament_pyflakes:/home/pi/ros2_galactic/install/ament_pycodestyle:/home/pi/ros2_galactic/install/ament_pep257:/home/pi/ros2_galactic/install/ament_pclint:/home/pi/ros2_galactic/install/ament_package:/home/pi/ros2_galactic/install/ament_mypy:/home/pi/ros2_galactic/install/ament_lint_cmake:/home/pi/ros2_galactic/install/ament_flake8:/home/pi/ros2_galactic/install/ament_copyright:/home/pi/ros2_galactic/install/ament_lint:/home/pi/ros2_galactic/install/ament_index_python:/home/pi/ros2_galactic/install/ament_cpplint:/home/pi/ros2_galactic/install/ament_cppcheck:/home/pi/ros2_galactic/install/ament_clang_tidy:/home/pi/ros2_galactic/install/ament_clang_format /usr/bin/cmake --build /home/rtsd_group_01/code/rtsd_assignment_3/ros2_nodes/build/rtsd_interfaces -- -j4 -l4
[143.566s] Invoking command in '/home/rtsd_group_01/code/rtsd_assignment_3/ros2_nodes/build/rtsd_interfaces': CMAKE_PREFIX_PATH=${CMAKE_PREFIX_PATH}:/home/pi/ros2_galactic/install/ros2bag:/home/pi/ros2_galactic/install/tracetools_launch:/home/pi/ros2_galactic/install/topic_monitor:/home/pi/ros2_galactic/install/tf2_tools:/home/pi/ros2_galactic/install/examples_tf2_py:/home/pi/ros2_galactic/install/tf2_ros_py:/home/pi/ros2_galactic/install/sros2:/home/pi/ros2_galactic/install/rqt_gui_py:/home/pi/ros2_galactic/install/rqt_gui:/home/pi/ros2_galactic/install/ros2trace:/home/pi/ros2_galactic/install/ros2topic:/home/pi/ros2_galactic/install/ros2test:/home/pi/ros2_galactic/install/ros2component:/home/pi/ros2_galactic/install/ros2param:/home/pi/ros2_galactic/install/ros2lifecycle:/home/pi/ros2_galactic/install/ros2service:/home/pi/ros2_galactic/install/ros2run:/home/pi/ros2_galactic/install/ros2launch:/home/pi/ros2_galactic/install/ros2pkg:/home/pi/ros2_galactic/install/ros2node:/home/pi/ros2_galactic/install/ros2multicast:/home/pi/ros2_galactic/install/ros2interface:/home/pi/ros2_galactic/install/ros2doctor:/home/pi/ros2_galactic/install/ros2action:/home/pi/ros2_galactic/install/ros2cli:/home/pi/ros2_galactic/install/quality_of_service_demo_py:/home/pi/ros2_galactic/install/launch_testing_ros:/home/pi/ros2_galactic/install/launch_ros:/home/pi/ros2_galactic/install/examples_rclpy_pointcloud_publisher:/home/pi/ros2_galactic/install/examples_rclpy_minimal_subscriber:/home/pi/ros2_galactic/install/examples_rclpy_minimal_service:/home/pi/ros2_galactic/install/examples_rclpy_minimal_publisher:/home/pi/ros2_galactic/install/examples_rclpy_minimal_client:/home/pi/ros2_galactic/install/examples_rclpy_minimal_action_server:/home/pi/ros2_galactic/install/examples_rclpy_minimal_action_client:/home/pi/ros2_galactic/install/examples_rclpy_guard_conditions:/home/pi/ros2_galactic/install/examples_rclpy_executors:/home/pi/ros2_galactic/install/demo_nodes_py:/home/pi/ros2_galactic/install/action_tutorials_py:/home/pi/ros2_galactic/install/ament_uncrustify:/home/pi/ros2_galactic/install/tracetools_trace:/home/pi/ros2_galactic/install/tracetools_read:/home/pi/ros2_galactic/install/test_launch_ros:/home/pi/ros2_galactic/install/sensor_msgs_py:/home/pi/ros2_galactic/install/rpyutils:/home/pi/ros2_galactic/install/rosidl_runtime_py:/home/pi/ros2_galactic/install/rosidl_cli:/home/pi/ros2_galactic/install/launch_yaml:/home/pi/ros2_galactic/install/launch_xml:/home/pi/ros2_galactic/install/launch_testing:/home/pi/ros2_galactic/install/launch:/home/pi/ros2_galactic/install/osrf_pycommon:/home/pi/ros2_galactic/install/domain_coordinator:/home/pi/ros2_galactic/install/ament_xmllint:/home/pi/ros2_galactic/install/ament_pyflakes:/home/pi/ros2_galactic/install/ament_pycodestyle:/home/pi/ros2_galactic/install/ament_pep257:/home/pi/ros2_galactic/install/ament_pclint:/home/pi/ros2_galactic/install/ament_package:/home/pi/ros2_galactic/install/ament_mypy:/home/pi/ros2_galactic/install/ament_lint_cmake:/home/pi/ros2_galactic/install/ament_flake8:/home/pi/ros2_galactic/install/ament_copyright:/home/pi/ros2_galactic/install/ament_lint:/home/pi/ros2_galactic/install/ament_index_python:/home/pi/ros2_galactic/install/ament_cpplint:/home/pi/ros2_galactic/install/ament_cppcheck:/home/pi/ros2_galactic/install/ament_clang_tidy:/home/pi/ros2_galactic/install/ament_clang_format /usr/bin/cmake --install /home/rtsd_group_01/code/rtsd_assignment_3/ros2_nodes/build/rtsd_interfaces
[143.993s] -- Install configuration: ""
[143.997s] -- Installing: /home/rtsd_group_01/code/rtsd_assignment_3/ros2_nodes/install/rtsd_interfaces/share/ament_index/resource_index/rosidl_interfaces/rtsd_interfaces
[144.005s] -- Installing: /home/rtsd_group_01/code/rtsd_assignment_3/ros2_nodes/install/rtsd_interfaces/include/rtsd_interfaces
[144.013s] -- Installing: /home/rtsd_group_01/code/rtsd_assignment_3/ros2_nodes/install/rtsd_interfaces/include/rtsd_interfaces/msg
[144.022s] -- Installing: /home/rtsd_group_01/code/rtsd_assignment_3/ros2_nodes/install/rtsd_interfaces/include/rtsd_interfaces/msg/rosidl_generator_c__visibility_control.h
[144.025s] -- Installing: /home/rtsd_group_01/code/rtsd_assignment_3/ros2_nodes/install/rtsd_interfaces/include/rtsd_interfaces/msg/detail
[144.028s] -- Installing: /home/rtsd_group_01/code/rtsd_assignment_3/ros2_nodes/install/rtsd_interfaces/include/rtsd_interfaces/msg/detail/point2__type_support.h
[144.032s] -- Installing: /home/rtsd_group_01/code/rtsd_assignment_3/ros2_nodes/install/rtsd_interfaces/include/rtsd_interfaces/msg/detail/point2__struct.h
[144.035s] -- Installing: /home/rtsd_group_01/code/rtsd_assignment_3/ros2_nodes/install/rtsd_interfaces/include/rtsd_interfaces/msg/detail/point2__functions.h
[144.038s] -- Installing: /home/rtsd_group_01/code/rtsd_assignment_3/ros2_nodes/install/rtsd_interfaces/include/rtsd_interfaces/msg/detail/point2__functions.c
[144.041s] -- Installing: /home/rtsd_group_01/code/rtsd_assignment_3/ros2_nodes/install/rtsd_interfaces/include/rtsd_interfaces/msg/point2.h
[144.044s] -- Installing: /home/rtsd_group_01/code/rtsd_assignment_3/ros2_nodes/install/rtsd_interfaces/share/rtsd_interfaces/environment/library_path.sh
[144.047s] -- Installing: /home/rtsd_group_01/code/rtsd_assignment_3/ros2_nodes/install/rtsd_interfaces/share/rtsd_interfaces/environment/library_path.dsv
[144.052s] -- Installing: /home/rtsd_group_01/code/rtsd_assignment_3/ros2_nodes/install/rtsd_interfaces/lib/librtsd_interfaces__rosidl_generator_c.so
[144.062s] -- Set runtime path of "/home/rtsd_group_01/code/rtsd_assignment_3/ros2_nodes/install/rtsd_interfaces/lib/librtsd_interfaces__rosidl_generator_c.so" to ""
[144.065s] -- Up-to-date: /home/rtsd_group_01/code/rtsd_assignment_3/ros2_nodes/install/rtsd_interfaces/include/rtsd_interfaces
[144.068s] -- Up-to-date: /home/rtsd_group_01/code/rtsd_assignment_3/ros2_nodes/install/rtsd_interfaces/include/rtsd_interfaces/msg
[144.071s] -- Installing: /home/rtsd_group_01/code/rtsd_assignment_3/ros2_nodes/install/rtsd_interfaces/include/rtsd_interfaces/msg/rosidl_typesupport_introspection_c__visibility_control.h
[144.073s] -- Up-to-date: /home/rtsd_group_01/code/rtsd_assignment_3/ros2_nodes/install/rtsd_interfaces/include/rtsd_interfaces/msg/detail
[144.077s] -- Installing: /home/rtsd_group_01/code/rtsd_assignment_3/ros2_nodes/install/rtsd_interfaces/include/rtsd_interfaces/msg/detail/point2__rosidl_typesupport_introspection_c.h
[144.079s] -- Installing: /home/rtsd_group_01/code/rtsd_assignment_3/ros2_nodes/install/rtsd_interfaces/include/rtsd_interfaces/msg/detail/point2__type_support.c
[144.082s] -- Installing: /home/rtsd_group_01/code/rtsd_assignment_3/ros2_nodes/install/rtsd_interfaces/lib/librtsd_interfaces__rosidl_typesupport_introspection_c.so
[144.090s] -- Set runtime path of "/home/rtsd_group_01/code/rtsd_assignment_3/ros2_nodes/install/rtsd_interfaces/lib/librtsd_interfaces__rosidl_typesupport_introspection_c.so" to ""
[144.093s] -- Up-to-date: /home/rtsd_group_01/code/rtsd_assignment_3/ros2_nodes/install/rtsd_interfaces/include/rtsd_interfaces
[144.096s] -- Up-to-date: /home/rtsd_group_01/code/rtsd_assignment_3/ros2_nodes/install/rtsd_interfaces/include/rtsd_interfaces/msg
[144.099s] -- Up-to-date: /home/rtsd_group_01/code/rtsd_assignment_3/ros2_nodes/install/rtsd_interfaces/include/rtsd_interfaces/msg/detail
[144.103s] -- Installing: /home/rtsd_group_01/code/rtsd_assignment_3/ros2_nodes/install/rtsd_interfaces/include/rtsd_interfaces/msg/detail/point2__rosidl_typesupport_fastrtps_c.h
[144.106s] -- Installing: /home/rtsd_group_01/code/rtsd_assignment_3/ros2_nodes/install/rtsd_interfaces/include/rtsd_interfaces/msg/rosidl_typesupport_fastrtps_c__visibility_control.h
[144.109s] -- Installing: /home/rtsd_group_01/code/rtsd_assignment_3/ros2_nodes/install/rtsd_interfaces/lib/librtsd_interfaces__rosidl_typesupport_fastrtps_c.so
[144.121s] -- Set runtime path of "/home/rtsd_group_01/code/rtsd_assignment_3/ros2_nodes/install/rtsd_interfaces/lib/librtsd_interfaces__rosidl_typesupport_fastrtps_c.so" to ""
[144.124s] -- Up-to-date: /home/rtsd_group_01/code/rtsd_assignment_3/ros2_nodes/install/rtsd_interfaces/include/rtsd_interfaces
[144.127s] -- Up-to-date: /home/rtsd_group_01/code/rtsd_assignment_3/ros2_nodes/install/rtsd_interfaces/include/rtsd_interfaces/msg
[144.130s] -- Up-to-date: /home/rtsd_group_01/code/rtsd_assignment_3/ros2_nodes/install/rtsd_interfaces/include/rtsd_interfaces/msg/detail
[144.133s] -- Installing: /home/rtsd_group_01/code/rtsd_assignment_3/ros2_nodes/install/rtsd_interfaces/include/rtsd_interfaces/msg/detail/point2__rosidl_typesupport_fastrtps_cpp.hpp
[144.136s] -- Installing: /home/rtsd_group_01/code/rtsd_assignment_3/ros2_nodes/install/rtsd_interfaces/include/rtsd_interfaces/msg/detail/dds_fastrtps
[144.139s] -- Installing: /home/rtsd_group_01/code/rtsd_assignment_3/ros2_nodes/install/rtsd_interfaces/include/rtsd_interfaces/msg/rosidl_typesupport_fastrtps_cpp__visibility_control.h
[144.142s] -- Installing: /home/rtsd_group_01/code/rtsd_assignment_3/ros2_nodes/install/rtsd_interfaces/lib/librtsd_interfaces__rosidl_typesupport_fastrtps_cpp.so
[144.151s] -- Set runtime path of "/home/rtsd_group_01/code/rtsd_assignment_3/ros2_nodes/install/rtsd_interfaces/lib/librtsd_interfaces__rosidl_typesupport_fastrtps_cpp.so" to ""
[144.154s] -- Installing: /home/rtsd_group_01/code/rtsd_assignment_3/ros2_nodes/install/rtsd_interfaces/lib/librtsd_interfaces__rosidl_typesupport_c.so
[144.165s] -- Set runtime path of "/home/rtsd_group_01/code/rtsd_assignment_3/ros2_nodes/install/rtsd_interfaces/lib/librtsd_interfaces__rosidl_typesupport_c.so" to ""
[144.168s] -- Up-to-date: /home/rtsd_group_01/code/rtsd_assignment_3/ros2_nodes/install/rtsd_interfaces/include/rtsd_interfaces
[144.171s] -- Up-to-date: /home/rtsd_group_01/code/rtsd_assignment_3/ros2_nodes/install/rtsd_interfaces/include/rtsd_interfaces/msg
[144.173s] -- Up-to-date: /home/rtsd_group_01/code/rtsd_assignment_3/ros2_nodes/install/rtsd_interfaces/include/rtsd_interfaces/msg/detail
[144.176s] -- Installing: /home/rtsd_group_01/code/rtsd_assignment_3/ros2_nodes/install/rtsd_interfaces/include/rtsd_interfaces/msg/detail/point2__builder.hpp
[144.179s] -- Installing: /home/rtsd_group_01/code/rtsd_assignment_3/ros2_nodes/install/rtsd_interfaces/include/rtsd_interfaces/msg/detail/point2__traits.hpp
[144.182s] -- Installing: /home/rtsd_group_01/code/rtsd_assignment_3/ros2_nodes/install/rtsd_interfaces/include/rtsd_interfaces/msg/detail/point2__struct.hpp
[144.185s] -- Installing: /home/rtsd_group_01/code/rtsd_assignment_3/ros2_nodes/install/rtsd_interfaces/include/rtsd_interfaces/msg/point2.hpp
[144.188s] -- Up-to-date: /home/rtsd_group_01/code/rtsd_assignment_3/ros2_nodes/install/rtsd_interfaces/include/rtsd_interfaces
[144.191s] -- Up-to-date: /home/rtsd_group_01/code/rtsd_assignment_3/ros2_nodes/install/rtsd_interfaces/include/rtsd_interfaces/msg
[144.194s] -- Up-to-date: /home/rtsd_group_01/code/rtsd_assignment_3/ros2_nodes/install/rtsd_interfaces/include/rtsd_interfaces/msg/detail
[144.197s] -- Installing: /home/rtsd_group_01/code/rtsd_assignment_3/ros2_nodes/install/rtsd_interfaces/include/rtsd_interfaces/msg/detail/point2__rosidl_typesupport_introspection_cpp.hpp
[144.199s] -- Installing: /home/rtsd_group_01/code/rtsd_assignment_3/ros2_nodes/install/rtsd_interfaces/include/rtsd_interfaces/msg/detail/point2__type_support.cpp
[144.202s] -- Installing: /home/rtsd_group_01/code/rtsd_assignment_3/ros2_nodes/install/rtsd_interfaces/lib/librtsd_interfaces__rosidl_typesupport_introspection_cpp.so
[144.214s] -- Set runtime path of "/home/rtsd_group_01/code/rtsd_assignment_3/ros2_nodes/install/rtsd_interfaces/lib/librtsd_interfaces__rosidl_typesupport_introspection_cpp.so" to ""
[144.219s] -- Installing: /home/rtsd_group_01/code/rtsd_assignment_3/ros2_nodes/install/rtsd_interfaces/lib/librtsd_interfaces__rosidl_typesupport_cpp.so
[144.228s] -- Set runtime path of "/home/rtsd_group_01/code/rtsd_assignment_3/ros2_nodes/install/rtsd_interfaces/lib/librtsd_interfaces__rosidl_typesupport_cpp.so" to ""
[144.232s] -- Installing: /home/rtsd_group_01/code/rtsd_assignment_3/ros2_nodes/install/rtsd_interfaces/share/rtsd_interfaces/environment/pythonpath.sh
[144.236s] -- Installing: /home/rtsd_group_01/code/rtsd_assignment_3/ros2_nodes/install/rtsd_interfaces/share/rtsd_interfaces/environment/pythonpath.dsv
[144.244s] -- Installing: /home/rtsd_group_01/code/rtsd_assignment_3/ros2_nodes/install/rtsd_interfaces/lib/python3.7/site-packages/rtsd_interfaces/__init__.py
[145.937s] Compiling '/home/rtsd_group_01/code/rtsd_assignment_3/ros2_nodes/install/rtsd_interfaces/lib/python3.7/site-packages/rtsd_interfaces/__init__.py'...
[145.984s] -- Installing: /home/rtsd_group_01/code/rtsd_assignment_3/ros2_nodes/install/rtsd_interfaces/lib/python3.7/site-packages/rtsd_interfaces/msg
[145.987s] -- Installing: /home/rtsd_group_01/code/rtsd_assignment_3/ros2_nodes/install/rtsd_interfaces/lib/python3.7/site-packages/rtsd_interfaces/msg/_point2_s.c
[145.991s] -- Installing: /home/rtsd_group_01/code/rtsd_assignment_3/ros2_nodes/install/rtsd_interfaces/lib/python3.7/site-packages/rtsd_interfaces/msg/_point2.py
[145.997s] -- Installing: /home/rtsd_group_01/code/rtsd_assignment_3/ros2_nodes/install/rtsd_interfaces/lib/python3.7/site-packages/rtsd_interfaces/msg/__init__.py
[146.004s] -- Installing: /home/rtsd_group_01/code/rtsd_assignment_3/ros2_nodes/install/rtsd_interfaces/lib/python3.7/site-packages/rtsd_interfaces/rtsd_interfaces_s__rosidl_typesupport_introspection_c.cpython-37m-arm-linux-gnueabihf.so
[146.018s] -- Set runtime path of "/home/rtsd_group_01/code/rtsd_assignment_3/ros2_nodes/install/rtsd_interfaces/lib/python3.7/site-packages/rtsd_interfaces/rtsd_interfaces_s__rosidl_typesupport_introspection_c.cpython-37m-arm-linux-gnueabihf.so" to ""
[146.022s] -- Installing: /home/rtsd_group_01/code/rtsd_assignment_3/ros2_nodes/install/rtsd_interfaces/lib/python3.7/site-packages/rtsd_interfaces/rtsd_interfaces_s__rosidl_typesupport_fastrtps_c.cpython-37m-arm-linux-gnueabihf.so
[146.036s] -- Set runtime path of "/home/rtsd_group_01/code/rtsd_assignment_3/ros2_nodes/install/rtsd_interfaces/lib/python3.7/site-packages/rtsd_interfaces/rtsd_interfaces_s__rosidl_typesupport_fastrtps_c.cpython-37m-arm-linux-gnueabihf.so" to ""
[146.039s] -- Installing: /home/rtsd_group_01/code/rtsd_assignment_3/ros2_nodes/install/rtsd_interfaces/lib/python3.7/site-packages/rtsd_interfaces/rtsd_interfaces_s__rosidl_typesupport_c.cpython-37m-arm-linux-gnueabihf.so
[146.053s] -- Set runtime path of "/home/rtsd_group_01/code/rtsd_assignment_3/ros2_nodes/install/rtsd_interfaces/lib/python3.7/site-packages/rtsd_interfaces/rtsd_interfaces_s__rosidl_typesupport_c.cpython-37m-arm-linux-gnueabihf.so" to ""
[146.059s] -- Installing: /home/rtsd_group_01/code/rtsd_assignment_3/ros2_nodes/install/rtsd_interfaces/lib/librtsd_interfaces__python.so
[146.072s] -- Set runtime path of "/home/rtsd_group_01/code/rtsd_assignment_3/ros2_nodes/install/rtsd_interfaces/lib/librtsd_interfaces__python.so" to ""
[146.086s] -- Installing: /home/rtsd_group_01/code/rtsd_assignment_3/ros2_nodes/install/rtsd_interfaces/share/rtsd_interfaces/msg/Point2.idl
[146.089s] -- Installing: /home/rtsd_group_01/code/rtsd_assignment_3/ros2_nodes/install/rtsd_interfaces/share/rtsd_interfaces/msg/Point2.msg
[146.092s] -- Installing: /home/rtsd_group_01/code/rtsd_assignment_3/ros2_nodes/install/rtsd_interfaces/share/ament_index/resource_index/package_run_dependencies/rtsd_interfaces
[146.096s] -- Installing: /home/rtsd_group_01/code/rtsd_assignment_3/ros2_nodes/install/rtsd_interfaces/share/ament_index/resource_index/parent_prefix_path/rtsd_interfaces
[146.101s] -- Installing: /home/rtsd_group_01/code/rtsd_assignment_3/ros2_nodes/install/rtsd_interfaces/share/rtsd_interfaces/environment/ament_prefix_path.sh
[146.104s] -- Installing: /home/rtsd_group_01/code/rtsd_assignment_3/ros2_nodes/install/rtsd_interfaces/share/rtsd_interfaces/environment/ament_prefix_path.dsv
[146.110s] -- Installing: /home/rtsd_group_01/code/rtsd_assignment_3/ros2_nodes/install/rtsd_interfaces/share/rtsd_interfaces/environment/path.sh
[146.114s] -- Installing: /home/rtsd_group_01/code/rtsd_assignment_3/ros2_nodes/install/rtsd_interfaces/share/rtsd_interfaces/environment/path.dsv
[146.118s] -- Installing: /home/rtsd_group_01/code/rtsd_assignment_3/ros2_nodes/install/rtsd_interfaces/share/rtsd_interfaces/local_setup.bash
[146.123s] -- Installing: /home/rtsd_group_01/code/rtsd_assignment_3/ros2_nodes/install/rtsd_interfaces/share/rtsd_interfaces/local_setup.sh
[146.127s] -- Installing: /home/rtsd_group_01/code/rtsd_assignment_3/ros2_nodes/install/rtsd_interfaces/share/rtsd_interfaces/local_setup.zsh
[146.132s] -- Installing: /home/rtsd_group_01/code/rtsd_assignment_3/ros2_nodes/install/rtsd_interfaces/share/rtsd_interfaces/local_setup.dsv
[146.137s] -- Installing: /home/rtsd_group_01/code/rtsd_assignment_3/ros2_nodes/install/rtsd_interfaces/share/rtsd_interfaces/package.dsv
[146.143s] -- Installing: /home/rtsd_group_01/code/rtsd_assignment_3/ros2_nodes/install/rtsd_interfaces/share/ament_index/resource_index/packages/rtsd_interfaces
[146.152s] -- Installing: /home/rtsd_group_01/code/rtsd_assignment_3/ros2_nodes/install/rtsd_interfaces/share/rtsd_interfaces/cmake/rtsd_interfaces__rosidl_generator_cExport.cmake
[146.158s] -- Installing: /home/rtsd_group_01/code/rtsd_assignment_3/ros2_nodes/install/rtsd_interfaces/share/rtsd_interfaces/cmake/rtsd_interfaces__rosidl_generator_cExport-noconfig.cmake
[146.164s] -- Installing: /home/rtsd_group_01/code/rtsd_assignment_3/ros2_nodes/install/rtsd_interfaces/share/rtsd_interfaces/cmake/rtsd_interfaces__rosidl_typesupport_introspection_cExport.cmake
[146.170s] -- Installing: /home/rtsd_group_01/code/rtsd_assignment_3/ros2_nodes/install/rtsd_interfaces/share/rtsd_interfaces/cmake/rtsd_interfaces__rosidl_typesupport_introspection_cExport-noconfig.cmake
[146.176s] -- Installing: /home/rtsd_group_01/code/rtsd_assignment_3/ros2_nodes/install/rtsd_interfaces/share/rtsd_interfaces/cmake/rtsd_interfaces__rosidl_typesupport_cExport.cmake
[146.180s] -- Installing: /home/rtsd_group_01/code/rtsd_assignment_3/ros2_nodes/install/rtsd_interfaces/share/rtsd_interfaces/cmake/rtsd_interfaces__rosidl_typesupport_cExport-noconfig.cmake
[146.186s] -- Installing: /home/rtsd_group_01/code/rtsd_assignment_3/ros2_nodes/install/rtsd_interfaces/share/rtsd_interfaces/cmake/rtsd_interfaces__rosidl_generator_cppExport.cmake
[146.195s] -- Installing: /home/rtsd_group_01/code/rtsd_assignment_3/ros2_nodes/install/rtsd_interfaces/share/rtsd_interfaces/cmake/rtsd_interfaces__rosidl_typesupport_introspection_cppExport.cmake
[146.200s] -- Installing: /home/rtsd_group_01/code/rtsd_assignment_3/ros2_nodes/install/rtsd_interfaces/share/rtsd_interfaces/cmake/rtsd_interfaces__rosidl_typesupport_introspection_cppExport-noconfig.cmake
[146.206s] -- Installing: /home/rtsd_group_01/code/rtsd_assignment_3/ros2_nodes/install/rtsd_interfaces/share/rtsd_interfaces/cmake/rtsd_interfaces__rosidl_typesupport_cppExport.cmake
[146.211s] -- Installing: /home/rtsd_group_01/code/rtsd_assignment_3/ros2_nodes/install/rtsd_interfaces/share/rtsd_interfaces/cmake/rtsd_interfaces__rosidl_typesupport_cppExport-noconfig.cmake
[146.216s] -- Installing: /home/rtsd_group_01/code/rtsd_assignment_3/ros2_nodes/install/rtsd_interfaces/share/rtsd_interfaces/cmake/rosidl_cmake-extras.cmake
[146.220s] -- Installing: /home/rtsd_group_01/code/rtsd_assignment_3/ros2_nodes/install/rtsd_interfaces/share/rtsd_interfaces/cmake/ament_cmake_export_dependencies-extras.cmake
[146.225s] -- Installing: /home/rtsd_group_01/code/rtsd_assignment_3/ros2_nodes/install/rtsd_interfaces/share/rtsd_interfaces/cmake/ament_cmake_export_libraries-extras.cmake
[146.230s] -- Installing: /home/rtsd_group_01/code/rtsd_assignment_3/ros2_nodes/install/rtsd_interfaces/share/rtsd_interfaces/cmake/ament_cmake_export_targets-extras.cmake
[146.235s] -- Installing: /home/rtsd_group_01/code/rtsd_assignment_3/ros2_nodes/install/rtsd_interfaces/share/rtsd_interfaces/cmake/ament_cmake_export_include_directories-extras.cmake
[146.240s] -- Installing: /home/rtsd_group_01/code/rtsd_assignment_3/ros2_nodes/install/rtsd_interfaces/share/rtsd_interfaces/cmake/rosidl_cmake_export_typesupport_targets-extras.cmake
[146.245s] -- Installing: /home/rtsd_group_01/code/rtsd_assignment_3/ros2_nodes/install/rtsd_interfaces/share/rtsd_interfaces/cmake/rosidl_cmake_export_typesupport_libraries-extras.cmake
[146.253s] -- Installing: /home/rtsd_group_01/code/rtsd_assignment_3/ros2_nodes/install/rtsd_interfaces/share/rtsd_interfaces/cmake/rtsd_interfacesConfig.cmake
[146.256s] -- Installing: /home/rtsd_group_01/code/rtsd_assignment_3/ros2_nodes/install/rtsd_interfaces/share/rtsd_interfaces/cmake/rtsd_interfacesConfig-version.cmake
[146.259s] -- Installing: /home/rtsd_group_01/code/rtsd_assignment_3/ros2_nodes/install/rtsd_interfaces/share/rtsd_interfaces/package.xml
[146.305s] Invoked command in '/home/rtsd_group_01/code/rtsd_assignment_3/ros2_nodes/build/rtsd_interfaces' returned '0': CMAKE_PREFIX_PATH=${CMAKE_PREFIX_PATH}:/home/pi/ros2_galactic/install/ros2bag:/home/pi/ros2_galactic/install/tracetools_launch:/home/pi/ros2_galactic/install/topic_monitor:/home/pi/ros2_galactic/install/tf2_tools:/home/pi/ros2_galactic/install/examples_tf2_py:/home/pi/ros2_galactic/install/tf2_ros_py:/home/pi/ros2_galactic/install/sros2:/home/pi/ros2_galactic/install/rqt_gui_py:/home/pi/ros2_galactic/install/rqt_gui:/home/pi/ros2_galactic/install/ros2trace:/home/pi/ros2_galactic/install/ros2topic:/home/pi/ros2_galactic/install/ros2test:/home/pi/ros2_galactic/install/ros2component:/home/pi/ros2_galactic/install/ros2param:/home/pi/ros2_galactic/install/ros2lifecycle:/home/pi/ros2_galactic/install/ros2service:/home/pi/ros2_galactic/install/ros2run:/home/pi/ros2_galactic/install/ros2launch:/home/pi/ros2_galactic/install/ros2pkg:/home/pi/ros2_galactic/install/ros2node:/home/pi/ros2_galactic/install/ros2multicast:/home/pi/ros2_galactic/install/ros2interface:/home/pi/ros2_galactic/install/ros2doctor:/home/pi/ros2_galactic/install/ros2action:/home/pi/ros2_galactic/install/ros2cli:/home/pi/ros2_galactic/install/quality_of_service_demo_py:/home/pi/ros2_galactic/install/launch_testing_ros:/home/pi/ros2_galactic/install/launch_ros:/home/pi/ros2_galactic/install/examples_rclpy_pointcloud_publisher:/home/pi/ros2_galactic/install/examples_rclpy_minimal_subscriber:/home/pi/ros2_galactic/install/examples_rclpy_minimal_service:/home/pi/ros2_galactic/install/examples_rclpy_minimal_publisher:/home/pi/ros2_galactic/install/examples_rclpy_minimal_client:/home/pi/ros2_galactic/install/examples_rclpy_minimal_action_server:/home/pi/ros2_galactic/install/examples_rclpy_minimal_action_client:/home/pi/ros2_galactic/install/examples_rclpy_guard_conditions:/home/pi/ros2_galactic/install/examples_rclpy_executors:/home/pi/ros2_galactic/install/demo_nodes_py:/home/pi/ros2_galactic/install/action_tutorials_py:/home/pi/ros2_galactic/install/ament_uncrustify:/home/pi/ros2_galactic/install/tracetools_trace:/home/pi/ros2_galactic/install/tracetools_read:/home/pi/ros2_galactic/install/test_launch_ros:/home/pi/ros2_galactic/install/sensor_msgs_py:/home/pi/ros2_galactic/install/rpyutils:/home/pi/ros2_galactic/install/rosidl_runtime_py:/home/pi/ros2_galactic/install/rosidl_cli:/home/pi/ros2_galactic/install/launch_yaml:/home/pi/ros2_galactic/install/launch_xml:/home/pi/ros2_galactic/install/launch_testing:/home/pi/ros2_galactic/install/launch:/home/pi/ros2_galactic/install/osrf_pycommon:/home/pi/ros2_galactic/install/domain_coordinator:/home/pi/ros2_galactic/install/ament_xmllint:/home/pi/ros2_galactic/install/ament_pyflakes:/home/pi/ros2_galactic/install/ament_pycodestyle:/home/pi/ros2_galactic/install/ament_pep257:/home/pi/ros2_galactic/install/ament_pclint:/home/pi/ros2_galactic/install/ament_package:/home/pi/ros2_galactic/install/ament_mypy:/home/pi/ros2_galactic/install/ament_lint_cmake:/home/pi/ros2_galactic/install/ament_flake8:/home/pi/ros2_galactic/install/ament_copyright:/home/pi/ros2_galactic/install/ament_lint:/home/pi/ros2_galactic/install/ament_index_python:/home/pi/ros2_galactic/install/ament_cpplint:/home/pi/ros2_galactic/install/ament_cppcheck:/home/pi/ros2_galactic/install/ament_clang_tidy:/home/pi/ros2_galactic/install/ament_clang_format /usr/bin/cmake --install /home/rtsd_group_01/code/rtsd_assignment_3/ros2_nodes/build/rtsd_interfaces
