[0.101s] Invoking command in '/home/rtsd-user/Documents/assignment_3/ros2_nodes/build/jiwy_simulator': AMENT_PREFIX_PATH=/home/rtsd-user/Documents/assignment_3/ros2_nodes/install/rtsd_interfaces:${AMENT_PREFIX_PATH} CMAKE_PREFIX_PATH=/home/rtsd-user/Documents/assignment_3/ros2_nodes/install/rtsd_interfaces:/opt/ros/galactic LD_LIBRARY_PATH=/home/rtsd-user/Documents/assignment_3/ros2_nodes/install/rtsd_interfaces/lib:${LD_LIBRARY_PATH} PYTHONPATH=/home/rtsd-user/Documents/assignment_3/ros2_nodes/install/rtsd_interfaces/lib/python3.8/site-packages:${PYTHONPATH} /usr/bin/cmake --build /home/rtsd-user/Documents/assignment_3/ros2_nodes/build/jiwy_simulator -- -j1 -l1
[0.462s] [ 50%] Built target setpoint_simulator
[0.639s] [100%] Built target jiwy_simulator
[0.713s] Invoked command in '/home/rtsd-user/Documents/assignment_3/ros2_nodes/build/jiwy_simulator' returned '0': AMENT_PREFIX_PATH=/home/rtsd-user/Documents/assignment_3/ros2_nodes/install/rtsd_interfaces:${AMENT_PREFIX_PATH} CMAKE_PREFIX_PATH=/home/rtsd-user/Documents/assignment_3/ros2_nodes/install/rtsd_interfaces:/opt/ros/galactic LD_LIBRARY_PATH=/home/rtsd-user/Documents/assignment_3/ros2_nodes/install/rtsd_interfaces/lib:${LD_LIBRARY_PATH} PYTHONPATH=/home/rtsd-user/Documents/assignment_3/ros2_nodes/install/rtsd_interfaces/lib/python3.8/site-packages:${PYTHONPATH} /usr/bin/cmake --build /home/rtsd-user/Documents/assignment_3/ros2_nodes/build/jiwy_simulator -- -j1 -l1
[0.870s] Invoking command in '/home/rtsd-user/Documents/assignment_3/ros2_nodes/build/jiwy_simulator': AMENT_PREFIX_PATH=/home/rtsd-user/Documents/assignment_3/ros2_nodes/install/rtsd_interfaces:${AMENT_PREFIX_PATH} CMAKE_PREFIX_PATH=/home/rtsd-user/Documents/assignment_3/ros2_nodes/install/rtsd_interfaces:/opt/ros/galactic LD_LIBRARY_PATH=/home/rtsd-user/Documents/assignment_3/ros2_nodes/install/rtsd_interfaces/lib:${LD_LIBRARY_PATH} PYTHONPATH=/home/rtsd-user/Documents/assignment_3/ros2_nodes/install/rtsd_interfaces/lib/python3.8/site-packages:${PYTHONPATH} /usr/bin/cmake --install /home/rtsd-user/Documents/assignment_3/ros2_nodes/build/jiwy_simulator
[0.929s] -- Install configuration: ""
[0.935s] -- Up-to-date: /home/rtsd-user/Documents/assignment_3/ros2_nodes/install/jiwy_simulator/lib/jiwy_simulator/jiwy_simulator
[0.937s] -- Up-to-date: /home/rtsd-user/Documents/assignment_3/ros2_nodes/install/jiwy_simulator/lib/jiwy_simulator/setpoint_simulator
[0.940s] -- Up-to-date: /home/rtsd-user/Documents/assignment_3/ros2_nodes/install/jiwy_simulator/share/ament_index/resource_index/package_run_dependencies/jiwy_simulator
[0.940s] -- Up-to-date: /home/rtsd-user/Documents/assignment_3/ros2_nodes/install/jiwy_simulator/share/ament_index/resource_index/parent_prefix_path/jiwy_simulator
[0.944s] -- Up-to-date: /home/rtsd-user/Documents/assignment_3/ros2_nodes/install/jiwy_simulator/share/jiwy_simulator/environment/ament_prefix_path.sh
[0.952s] -- Up-to-date: /home/rtsd-user/Documents/assignment_3/ros2_nodes/install/jiwy_simulator/share/jiwy_simulator/environment/ament_prefix_path.dsv
[0.955s] -- Up-to-date: /home/rtsd-user/Documents/assignment_3/ros2_nodes/install/jiwy_simulator/share/jiwy_simulator/environment/path.sh
[0.960s] -- Up-to-date: /home/rtsd-user/Documents/assignment_3/ros2_nodes/install/jiwy_simulator/share/jiwy_simulator/environment/path.dsv
[0.962s] -- Up-to-date: /home/rtsd-user/Documents/assignment_3/ros2_nodes/install/jiwy_simulator/share/jiwy_simulator/local_setup.bash
[0.963s] -- Up-to-date: /home/rtsd-user/Documents/assignment_3/ros2_nodes/install/jiwy_simulator/share/jiwy_simulator/local_setup.sh
[0.966s] -- Up-to-date: /home/rtsd-user/Documents/assignment_3/ros2_nodes/install/jiwy_simulator/share/jiwy_simulator/local_setup.zsh
[0.968s] -- Up-to-date: /home/rtsd-user/Documents/assignment_3/ros2_nodes/install/jiwy_simulator/share/jiwy_simulator/local_setup.dsv
[0.970s] -- Installing: /home/rtsd-user/Documents/assignment_3/ros2_nodes/install/jiwy_simulator/share/jiwy_simulator/package.dsv
[0.981s] -- Up-to-date: /home/rtsd-user/Documents/assignment_3/ros2_nodes/install/jiwy_simulator/share/ament_index/resource_index/packages/jiwy_simulator
[0.983s] -- Up-to-date: /home/rtsd-user/Documents/assignment_3/ros2_nodes/install/jiwy_simulator/share/jiwy_simulator/cmake/jiwy_simulatorConfig.cmake
[0.984s] -- Up-to-date: /home/rtsd-user/Documents/assignment_3/ros2_nodes/install/jiwy_simulator/share/jiwy_simulator/cmake/jiwy_simulatorConfig-version.cmake
[0.987s] -- Up-to-date: /home/rtsd-user/Documents/assignment_3/ros2_nodes/install/jiwy_simulator/share/jiwy_simulator/package.xml
[1.025s] Invoked command in '/home/rtsd-user/Documents/assignment_3/ros2_nodes/build/jiwy_simulator' returned '0': AMENT_PREFIX_PATH=/home/rtsd-user/Documents/assignment_3/ros2_nodes/install/rtsd_interfaces:${AMENT_PREFIX_PATH} CMAKE_PREFIX_PATH=/home/rtsd-user/Documents/assignment_3/ros2_nodes/install/rtsd_interfaces:/opt/ros/galactic LD_LIBRARY_PATH=/home/rtsd-user/Documents/assignment_3/ros2_nodes/install/rtsd_interfaces/lib:${LD_LIBRARY_PATH} PYTHONPATH=/home/rtsd-user/Documents/assignment_3/ros2_nodes/install/rtsd_interfaces/lib/python3.8/site-packages:${PYTHONPATH} /usr/bin/cmake --install /home/rtsd-user/Documents/assignment_3/ros2_nodes/build/jiwy_simulator
