[0.665s] DEBUG:colcon:Command line arguments: ['/usr/bin/colcon', 'build']
[0.665s] DEBUG:colcon:Parsed command line arguments: Namespace(ament_cmake_args=None, base_paths=['.'], build_base='build', catkin_cmake_args=None, catkin_skip_building_tests=False, cmake_args=None, cmake_clean_cache=False, cmake_clean_first=False, cmake_force_configure=False, cmake_target=None, cmake_target_skip_unavailable=False, continue_on_error=False, event_handlers=None, executor='parallel', ignore_user_meta=False, install_base='install', log_base=None, log_level=None, main=<bound method BuildVerb.main of <colcon_core.verb.build.BuildVerb object at 0x7f2b5ac12d90>>, merge_install=False, metas=['./colcon.meta'], packages_above=None, packages_above_and_dependencies=None, packages_above_depth=None, packages_end=None, packages_ignore=None, packages_ignore_regex=None, packages_select=None, packages_select_build_failed=False, packages_select_by_dep=None, packages_select_regex=None, packages_select_test_failures=False, packages_skip=None, packages_skip_build_finished=False, packages_skip_by_dep=None, packages_skip_regex=None, packages_skip_test_passed=False, packages_skip_up_to=None, packages_start=None, packages_up_to=None, packages_up_to_regex=None, parallel_workers=1, paths=None, symlink_install=False, test_result_base=None, verb_extension=<colcon_core.verb.build.BuildVerb object at 0x7f2b5ac12d90>, verb_name='build', verb_parser=<colcon_defaults.argument_parser.defaults.DefaultArgumentsDecorator object at 0x7f2b5ac1f340>)
[0.723s] Level 1:colcon.colcon_core.package_discovery:discover_packages(colcon_meta) check parameters
[0.723s] Level 1:colcon.colcon_core.package_discovery:discover_packages(recursive) check parameters
[0.723s] Level 1:colcon.colcon_core.package_discovery:discover_packages(ignore) check parameters
[0.723s] Level 1:colcon.colcon_core.package_discovery:discover_packages(path) check parameters
[0.723s] Level 1:colcon.colcon_core.package_discovery:discover_packages(colcon_meta) discover
[0.724s] Level 1:colcon.colcon_core.package_discovery:discover_packages(recursive) discover
[0.724s] INFO:colcon.colcon_core.package_discovery:Crawling recursively for packages in '/home/rtsd-user/Documents/assignment_3/ros2_nodes'
[0.724s] Level 1:colcon.colcon_core.package_identification:_identify(.) by extensions ['ignore', 'ignore_ament_install']
[0.724s] Level 1:colcon.colcon_core.package_identification:_identify(.) by extension 'ignore'
[0.724s] Level 1:colcon.colcon_core.package_identification:_identify(.) by extension 'ignore_ament_install'
[0.724s] Level 1:colcon.colcon_core.package_identification:_identify(.) by extensions ['colcon_pkg']
[0.724s] Level 1:colcon.colcon_core.package_identification:_identify(.) by extension 'colcon_pkg'
[0.725s] Level 1:colcon.colcon_core.package_identification:_identify(.) by extensions ['colcon_meta']
[0.725s] Level 1:colcon.colcon_core.package_identification:_identify(.) by extension 'colcon_meta'
[0.725s] Level 1:colcon.colcon_core.package_identification:_identify(.) by extensions ['ros']
[0.725s] Level 1:colcon.colcon_core.package_identification:_identify(.) by extension 'ros'
[0.781s] Level 1:colcon.colcon_core.package_identification:_identify(.) by extensions ['cmake', 'python']
[0.782s] Level 1:colcon.colcon_core.package_identification:_identify(.) by extension 'cmake'
[0.782s] Level 1:colcon.colcon_core.package_identification:_identify(.) by extension 'python'
[0.782s] Level 1:colcon.colcon_core.package_identification:_identify(.) by extensions ['python_setup_py']
[0.782s] Level 1:colcon.colcon_core.package_identification:_identify(.) by extension 'python_setup_py'
[0.782s] Level 1:colcon.colcon_core.package_identification:_identify(build) by extensions ['ignore', 'ignore_ament_install']
[0.783s] Level 1:colcon.colcon_core.package_identification:_identify(build) by extension 'ignore'
[0.783s] Level 1:colcon.colcon_core.package_identification:_identify(build) ignored
[0.783s] Level 1:colcon.colcon_core.package_identification:_identify(install) by extensions ['ignore', 'ignore_ament_install']
[0.783s] Level 1:colcon.colcon_core.package_identification:_identify(install) by extension 'ignore'
[0.783s] Level 1:colcon.colcon_core.package_identification:_identify(install) ignored
[0.783s] Level 1:colcon.colcon_core.package_identification:_identify(log) by extensions ['ignore', 'ignore_ament_install']
[0.783s] Level 1:colcon.colcon_core.package_identification:_identify(log) by extension 'ignore'
[0.784s] Level 1:colcon.colcon_core.package_identification:_identify(log) ignored
[0.784s] Level 1:colcon.colcon_core.package_identification:_identify(src) by extensions ['ignore', 'ignore_ament_install']
[0.784s] Level 1:colcon.colcon_core.package_identification:_identify(src) by extension 'ignore'
[0.784s] Level 1:colcon.colcon_core.package_identification:_identify(src) by extension 'ignore_ament_install'
[0.784s] Level 1:colcon.colcon_core.package_identification:_identify(src) by extensions ['colcon_pkg']
[0.784s] Level 1:colcon.colcon_core.package_identification:_identify(src) by extension 'colcon_pkg'
[0.784s] Level 1:colcon.colcon_core.package_identification:_identify(src) by extensions ['colcon_meta']
[0.784s] Level 1:colcon.colcon_core.package_identification:_identify(src) by extension 'colcon_meta'
[0.784s] Level 1:colcon.colcon_core.package_identification:_identify(src) by extensions ['ros']
[0.785s] Level 1:colcon.colcon_core.package_identification:_identify(src) by extension 'ros'
[0.785s] Level 1:colcon.colcon_core.package_identification:_identify(src) by extensions ['cmake', 'python']
[0.785s] Level 1:colcon.colcon_core.package_identification:_identify(src) by extension 'cmake'
[0.785s] Level 1:colcon.colcon_core.package_identification:_identify(src) by extension 'python'
[0.785s] Level 1:colcon.colcon_core.package_identification:_identify(src) by extensions ['python_setup_py']
[0.796s] Level 1:colcon.colcon_core.package_identification:_identify(src) by extension 'python_setup_py'
[0.796s] Level 1:colcon.colcon_core.package_identification:_identify(src/jiwy_simulator) by extensions ['ignore', 'ignore_ament_install']
[0.796s] Level 1:colcon.colcon_core.package_identification:_identify(src/jiwy_simulator) by extension 'ignore'
[0.796s] Level 1:colcon.colcon_core.package_identification:_identify(src/jiwy_simulator) by extension 'ignore_ament_install'
[0.796s] Level 1:colcon.colcon_core.package_identification:_identify(src/jiwy_simulator) by extensions ['colcon_pkg']
[0.796s] Level 1:colcon.colcon_core.package_identification:_identify(src/jiwy_simulator) by extension 'colcon_pkg'
[0.796s] Level 1:colcon.colcon_core.package_identification:_identify(src/jiwy_simulator) by extensions ['colcon_meta']
[0.796s] Level 1:colcon.colcon_core.package_identification:_identify(src/jiwy_simulator) by extension 'colcon_meta'
[0.797s] Level 1:colcon.colcon_core.package_identification:_identify(src/jiwy_simulator) by extensions ['ros']
[0.797s] Level 1:colcon.colcon_core.package_identification:_identify(src/jiwy_simulator) by extension 'ros'
[0.809s] DEBUG:colcon.colcon_core.package_identification:Package 'src/jiwy_simulator' with type 'ros.ament_cmake' and name 'jiwy_simulator'
[0.814s] Level 1:colcon.colcon_core.package_identification:_identify(src/light_detection_3) by extensions ['ignore', 'ignore_ament_install']
[0.815s] Level 1:colcon.colcon_core.package_identification:_identify(src/light_detection_3) by extension 'ignore'
[0.815s] Level 1:colcon.colcon_core.package_identification:_identify(src/light_detection_3) by extension 'ignore_ament_install'
[0.815s] Level 1:colcon.colcon_core.package_identification:_identify(src/light_detection_3) by extensions ['colcon_pkg']
[0.815s] Level 1:colcon.colcon_core.package_identification:_identify(src/light_detection_3) by extension 'colcon_pkg'
[0.815s] Level 1:colcon.colcon_core.package_identification:_identify(src/light_detection_3) by extensions ['colcon_meta']
[0.815s] Level 1:colcon.colcon_core.package_identification:_identify(src/light_detection_3) by extension 'colcon_meta'
[0.815s] Level 1:colcon.colcon_core.package_identification:_identify(src/light_detection_3) by extensions ['ros']
[0.815s] Level 1:colcon.colcon_core.package_identification:_identify(src/light_detection_3) by extension 'ros'
[0.817s] DEBUG:colcon.colcon_core.package_identification:Package 'src/light_detection_3' with type 'ros.ament_cmake' and name 'light_detection_3'
[0.818s] Level 1:colcon.colcon_core.package_identification:_identify(src/rtsd_interfaces) by extensions ['ignore', 'ignore_ament_install']
[0.818s] Level 1:colcon.colcon_core.package_identification:_identify(src/rtsd_interfaces) by extension 'ignore'
[0.822s] Level 1:colcon.colcon_core.package_identification:_identify(src/rtsd_interfaces) by extension 'ignore_ament_install'
[0.822s] Level 1:colcon.colcon_core.package_identification:_identify(src/rtsd_interfaces) by extensions ['colcon_pkg']
[0.822s] Level 1:colcon.colcon_core.package_identification:_identify(src/rtsd_interfaces) by extension 'colcon_pkg'
[0.822s] Level 1:colcon.colcon_core.package_identification:_identify(src/rtsd_interfaces) by extensions ['colcon_meta']
[0.822s] Level 1:colcon.colcon_core.package_identification:_identify(src/rtsd_interfaces) by extension 'colcon_meta'
[0.822s] Level 1:colcon.colcon_core.package_identification:_identify(src/rtsd_interfaces) by extensions ['ros']
[0.822s] Level 1:colcon.colcon_core.package_identification:_identify(src/rtsd_interfaces) by extension 'ros'
[0.824s] DEBUG:colcon.colcon_core.package_identification:Package 'src/rtsd_interfaces' with type 'ros.ament_cmake' and name 'rtsd_interfaces'
[0.824s] Level 1:colcon.colcon_core.package_discovery:discover_packages(recursive) using defaults
[0.824s] Level 1:colcon.colcon_core.package_discovery:discover_packages(ignore) discover
[0.824s] Level 1:colcon.colcon_core.package_discovery:discover_packages(ignore) using defaults
[0.824s] Level 1:colcon.colcon_core.package_discovery:discover_packages(path) discover
[0.824s] Level 1:colcon.colcon_core.package_discovery:discover_packages(path) using defaults
[0.904s] Level 5:colcon.colcon_core.verb:set package 'rtsd_interfaces' build argument 'cmake_args' from command line to 'None'
[0.910s] Level 5:colcon.colcon_core.verb:set package 'rtsd_interfaces' build argument 'cmake_target' from command line to 'None'
[0.910s] Level 5:colcon.colcon_core.verb:set package 'rtsd_interfaces' build argument 'cmake_target_skip_unavailable' from command line to 'False'
[0.910s] Level 5:colcon.colcon_core.verb:set package 'rtsd_interfaces' build argument 'cmake_clean_cache' from command line to 'False'
[0.910s] Level 5:colcon.colcon_core.verb:set package 'rtsd_interfaces' build argument 'cmake_clean_first' from command line to 'False'
[0.910s] Level 5:colcon.colcon_core.verb:set package 'rtsd_interfaces' build argument 'cmake_force_configure' from command line to 'False'
[0.910s] Level 5:colcon.colcon_core.verb:set package 'rtsd_interfaces' build argument 'ament_cmake_args' from command line to 'None'
[0.910s] Level 5:colcon.colcon_core.verb:set package 'rtsd_interfaces' build argument 'catkin_cmake_args' from command line to 'None'
[0.910s] Level 5:colcon.colcon_core.verb:set package 'rtsd_interfaces' build argument 'catkin_skip_building_tests' from command line to 'False'
[0.910s] DEBUG:colcon.colcon_core.verb:Building package 'rtsd_interfaces' with the following arguments: {'ament_cmake_args': None, 'build_base': '/home/rtsd-user/Documents/assignment_3/ros2_nodes/build/rtsd_interfaces', 'catkin_cmake_args': None, 'catkin_skip_building_tests': False, 'cmake_args': None, 'cmake_clean_cache': False, 'cmake_clean_first': False, 'cmake_force_configure': False, 'cmake_target': None, 'cmake_target_skip_unavailable': False, 'install_base': '/home/rtsd-user/Documents/assignment_3/ros2_nodes/install/rtsd_interfaces', 'merge_install': False, 'path': '/home/rtsd-user/Documents/assignment_3/ros2_nodes/src/rtsd_interfaces', 'symlink_install': False, 'test_result_base': None}
[0.936s] Level 5:colcon.colcon_core.verb:set package 'jiwy_simulator' build argument 'cmake_args' from command line to 'None'
[0.936s] Level 5:colcon.colcon_core.verb:set package 'jiwy_simulator' build argument 'cmake_target' from command line to 'None'
[0.936s] Level 5:colcon.colcon_core.verb:set package 'jiwy_simulator' build argument 'cmake_target_skip_unavailable' from command line to 'False'
[0.936s] Level 5:colcon.colcon_core.verb:set package 'jiwy_simulator' build argument 'cmake_clean_cache' from command line to 'False'
[0.936s] Level 5:colcon.colcon_core.verb:set package 'jiwy_simulator' build argument 'cmake_clean_first' from command line to 'False'
[0.936s] Level 5:colcon.colcon_core.verb:set package 'jiwy_simulator' build argument 'cmake_force_configure' from command line to 'False'
[0.936s] Level 5:colcon.colcon_core.verb:set package 'jiwy_simulator' build argument 'ament_cmake_args' from command line to 'None'
[0.936s] Level 5:colcon.colcon_core.verb:set package 'jiwy_simulator' build argument 'catkin_cmake_args' from command line to 'None'
[0.936s] Level 5:colcon.colcon_core.verb:set package 'jiwy_simulator' build argument 'catkin_skip_building_tests' from command line to 'False'
[0.937s] DEBUG:colcon.colcon_core.verb:Building package 'jiwy_simulator' with the following arguments: {'ament_cmake_args': None, 'build_base': '/home/rtsd-user/Documents/assignment_3/ros2_nodes/build/jiwy_simulator', 'catkin_cmake_args': None, 'catkin_skip_building_tests': False, 'cmake_args': None, 'cmake_clean_cache': False, 'cmake_clean_first': False, 'cmake_force_configure': False, 'cmake_target': None, 'cmake_target_skip_unavailable': False, 'install_base': '/home/rtsd-user/Documents/assignment_3/ros2_nodes/install/jiwy_simulator', 'merge_install': False, 'path': '/home/rtsd-user/Documents/assignment_3/ros2_nodes/src/jiwy_simulator', 'symlink_install': False, 'test_result_base': None}
[0.965s] Level 5:colcon.colcon_core.verb:set package 'light_detection_3' build argument 'cmake_args' from command line to 'None'
[0.965s] Level 5:colcon.colcon_core.verb:set package 'light_detection_3' build argument 'cmake_target' from command line to 'None'
[0.966s] Level 5:colcon.colcon_core.verb:set package 'light_detection_3' build argument 'cmake_target_skip_unavailable' from command line to 'False'
[0.966s] Level 5:colcon.colcon_core.verb:set package 'light_detection_3' build argument 'cmake_clean_cache' from command line to 'False'
[0.966s] Level 5:colcon.colcon_core.verb:set package 'light_detection_3' build argument 'cmake_clean_first' from command line to 'False'
[0.966s] Level 5:colcon.colcon_core.verb:set package 'light_detection_3' build argument 'cmake_force_configure' from command line to 'False'
[0.966s] Level 5:colcon.colcon_core.verb:set package 'light_detection_3' build argument 'ament_cmake_args' from command line to 'None'
[0.966s] Level 5:colcon.colcon_core.verb:set package 'light_detection_3' build argument 'catkin_cmake_args' from command line to 'None'
[0.966s] Level 5:colcon.colcon_core.verb:set package 'light_detection_3' build argument 'catkin_skip_building_tests' from command line to 'False'
[0.966s] DEBUG:colcon.colcon_core.verb:Building package 'light_detection_3' with the following arguments: {'ament_cmake_args': None, 'build_base': '/home/rtsd-user/Documents/assignment_3/ros2_nodes/build/light_detection_3', 'catkin_cmake_args': None, 'catkin_skip_building_tests': False, 'cmake_args': None, 'cmake_clean_cache': False, 'cmake_clean_first': False, 'cmake_force_configure': False, 'cmake_target': None, 'cmake_target_skip_unavailable': False, 'install_base': '/home/rtsd-user/Documents/assignment_3/ros2_nodes/install/light_detection_3', 'merge_install': False, 'path': '/home/rtsd-user/Documents/assignment_3/ros2_nodes/src/light_detection_3', 'symlink_install': False, 'test_result_base': None}
[0.967s] INFO:colcon.colcon_core.executor:Executing jobs using 'parallel' executor
[0.986s] DEBUG:colcon.colcon_parallel_executor.executor.parallel:run_until_complete
[0.986s] INFO:colcon.colcon_ros.task.ament_cmake.build:Building ROS package in '/home/rtsd-user/Documents/assignment_3/ros2_nodes/src/rtsd_interfaces' with build type 'ament_cmake'
[0.986s] INFO:colcon.colcon_cmake.task.cmake.build:Building CMake package in '/home/rtsd-user/Documents/assignment_3/ros2_nodes/src/rtsd_interfaces'
[1.015s] INFO:colcon.colcon_core.plugin_system:Skipping extension 'colcon_core.shell.bat': Not used on non-Windows systems
[1.015s] INFO:colcon.colcon_core.shell:Skip shell extension 'powershell' for command environment: Not usable outside of PowerShell
[1.015s] DEBUG:colcon.colcon_core.shell:Skip shell extension 'dsv' for command environment
[1.033s] DEBUG:colcon.colcon_core.shell:Ignoring prefix path '/opt/ros/galactic'
[1.113s] DEBUG:colcon.colcon_core.event_handler.log_command:Invoking command in '/home/rtsd-user/Documents/assignment_3/ros2_nodes/build/rtsd_interfaces': CMAKE_PREFIX_PATH=/opt/ros/galactic /usr/bin/cmake --build /home/rtsd-user/Documents/assignment_3/ros2_nodes/build/rtsd_interfaces -- -j1 -l1
[3.077s] DEBUG:colcon.colcon_core.event_handler.log_command:Invoked command in '/home/rtsd-user/Documents/assignment_3/ros2_nodes/build/rtsd_interfaces' returned '0': CMAKE_PREFIX_PATH=/opt/ros/galactic /usr/bin/cmake --build /home/rtsd-user/Documents/assignment_3/ros2_nodes/build/rtsd_interfaces -- -j1 -l1
[3.226s] DEBUG:colcon.colcon_core.event_handler.log_command:Invoking command in '/home/rtsd-user/Documents/assignment_3/ros2_nodes/build/rtsd_interfaces': CMAKE_PREFIX_PATH=/opt/ros/galactic /usr/bin/cmake --install /home/rtsd-user/Documents/assignment_3/ros2_nodes/build/rtsd_interfaces
[3.780s] Level 1:colcon.colcon_core.environment:create_environment_scripts_only(rtsd_interfaces)
[3.793s] DEBUG:colcon.colcon_core.event_handler.log_command:Invoked command in '/home/rtsd-user/Documents/assignment_3/ros2_nodes/build/rtsd_interfaces' returned '0': CMAKE_PREFIX_PATH=/opt/ros/galactic /usr/bin/cmake --install /home/rtsd-user/Documents/assignment_3/ros2_nodes/build/rtsd_interfaces
[3.827s] Level 1:colcon.colcon_core.environment:checking '/home/rtsd-user/Documents/assignment_3/ros2_nodes/install/rtsd_interfaces' for CMake module files
[3.831s] Level 1:colcon.colcon_core.environment:checking '/home/rtsd-user/Documents/assignment_3/ros2_nodes/install/rtsd_interfaces' for CMake config files
[3.832s] Level 1:colcon.colcon_core.shell:create_environment_hook('rtsd_interfaces', 'cmake_prefix_path')
[3.843s] INFO:colcon.colcon_core.shell:Creating environment hook '/home/rtsd-user/Documents/assignment_3/ros2_nodes/install/rtsd_interfaces/share/rtsd_interfaces/hook/cmake_prefix_path.ps1'
[3.856s] INFO:colcon.colcon_core.shell:Creating environment descriptor '/home/rtsd-user/Documents/assignment_3/ros2_nodes/install/rtsd_interfaces/share/rtsd_interfaces/hook/cmake_prefix_path.dsv'
[3.875s] INFO:colcon.colcon_core.shell:Creating environment hook '/home/rtsd-user/Documents/assignment_3/ros2_nodes/install/rtsd_interfaces/share/rtsd_interfaces/hook/cmake_prefix_path.sh'
[3.881s] Level 1:colcon.colcon_core.environment:checking '/home/rtsd-user/Documents/assignment_3/ros2_nodes/install/rtsd_interfaces/lib'
[3.881s] Level 1:colcon.colcon_core.shell:create_environment_hook('rtsd_interfaces', 'ld_library_path_lib')
[3.882s] INFO:colcon.colcon_core.shell:Creating environment hook '/home/rtsd-user/Documents/assignment_3/ros2_nodes/install/rtsd_interfaces/share/rtsd_interfaces/hook/ld_library_path_lib.ps1'
[3.883s] INFO:colcon.colcon_core.shell:Creating environment descriptor '/home/rtsd-user/Documents/assignment_3/ros2_nodes/install/rtsd_interfaces/share/rtsd_interfaces/hook/ld_library_path_lib.dsv'
[3.891s] INFO:colcon.colcon_core.shell:Creating environment hook '/home/rtsd-user/Documents/assignment_3/ros2_nodes/install/rtsd_interfaces/share/rtsd_interfaces/hook/ld_library_path_lib.sh'
[3.894s] Level 1:colcon.colcon_core.environment:checking '/home/rtsd-user/Documents/assignment_3/ros2_nodes/install/rtsd_interfaces/bin'
[3.894s] Level 1:colcon.colcon_core.environment:checking '/home/rtsd-user/Documents/assignment_3/ros2_nodes/install/rtsd_interfaces/lib/pkgconfig/rtsd_interfaces.pc'
[3.894s] Level 1:colcon.colcon_core.environment:checking '/home/rtsd-user/Documents/assignment_3/ros2_nodes/install/rtsd_interfaces/lib/python3.8/site-packages'
[3.894s] Level 1:colcon.colcon_core.shell:create_environment_hook('rtsd_interfaces', 'pythonpath')
[3.895s] INFO:colcon.colcon_core.shell:Creating environment hook '/home/rtsd-user/Documents/assignment_3/ros2_nodes/install/rtsd_interfaces/share/rtsd_interfaces/hook/pythonpath.ps1'
[3.897s] INFO:colcon.colcon_core.shell:Creating environment descriptor '/home/rtsd-user/Documents/assignment_3/ros2_nodes/install/rtsd_interfaces/share/rtsd_interfaces/hook/pythonpath.dsv'
[3.898s] INFO:colcon.colcon_core.shell:Creating environment hook '/home/rtsd-user/Documents/assignment_3/ros2_nodes/install/rtsd_interfaces/share/rtsd_interfaces/hook/pythonpath.sh'
[3.903s] INFO:colcon.colcon_core.shell:Creating package script '/home/rtsd-user/Documents/assignment_3/ros2_nodes/install/rtsd_interfaces/share/rtsd_interfaces/package.ps1'
[3.910s] INFO:colcon.colcon_core.shell:Creating package descriptor '/home/rtsd-user/Documents/assignment_3/ros2_nodes/install/rtsd_interfaces/share/rtsd_interfaces/package.dsv'
[3.911s] INFO:colcon.colcon_core.shell:Creating package script '/home/rtsd-user/Documents/assignment_3/ros2_nodes/install/rtsd_interfaces/share/rtsd_interfaces/package.sh'
[3.916s] INFO:colcon.colcon_core.shell:Creating package script '/home/rtsd-user/Documents/assignment_3/ros2_nodes/install/rtsd_interfaces/share/rtsd_interfaces/package.bash'
[3.927s] INFO:colcon.colcon_core.shell:Creating package script '/home/rtsd-user/Documents/assignment_3/ros2_nodes/install/rtsd_interfaces/share/rtsd_interfaces/package.zsh'
[3.930s] Level 1:colcon.colcon_core.environment:create_file_with_runtime_dependencies(/home/rtsd-user/Documents/assignment_3/ros2_nodes/install/rtsd_interfaces/share/colcon-core/packages/rtsd_interfaces)
[4.261s] Level 1:colcon.colcon_core.environment:create_environment_scripts_only(rtsd_interfaces)
[4.275s] Level 1:colcon.colcon_core.environment:checking '/home/rtsd-user/Documents/assignment_3/ros2_nodes/install/rtsd_interfaces' for CMake module files
[4.277s] Level 1:colcon.colcon_core.environment:checking '/home/rtsd-user/Documents/assignment_3/ros2_nodes/install/rtsd_interfaces' for CMake config files
[4.278s] Level 1:colcon.colcon_core.shell:create_environment_hook('rtsd_interfaces', 'cmake_prefix_path')
[4.279s] INFO:colcon.colcon_core.shell:Creating environment hook '/home/rtsd-user/Documents/assignment_3/ros2_nodes/install/rtsd_interfaces/share/rtsd_interfaces/hook/cmake_prefix_path.ps1'
[4.280s] INFO:colcon.colcon_core.shell:Creating environment descriptor '/home/rtsd-user/Documents/assignment_3/ros2_nodes/install/rtsd_interfaces/share/rtsd_interfaces/hook/cmake_prefix_path.dsv'
[4.281s] INFO:colcon.colcon_core.shell:Creating environment hook '/home/rtsd-user/Documents/assignment_3/ros2_nodes/install/rtsd_interfaces/share/rtsd_interfaces/hook/cmake_prefix_path.sh'
[4.282s] Level 1:colcon.colcon_core.environment:checking '/home/rtsd-user/Documents/assignment_3/ros2_nodes/install/rtsd_interfaces/lib'
[4.282s] Level 1:colcon.colcon_core.shell:create_environment_hook('rtsd_interfaces', 'ld_library_path_lib')
[4.283s] INFO:colcon.colcon_core.shell:Creating environment hook '/home/rtsd-user/Documents/assignment_3/ros2_nodes/install/rtsd_interfaces/share/rtsd_interfaces/hook/ld_library_path_lib.ps1'
[4.284s] INFO:colcon.colcon_core.shell:Creating environment descriptor '/home/rtsd-user/Documents/assignment_3/ros2_nodes/install/rtsd_interfaces/share/rtsd_interfaces/hook/ld_library_path_lib.dsv'
[4.285s] INFO:colcon.colcon_core.shell:Creating environment hook '/home/rtsd-user/Documents/assignment_3/ros2_nodes/install/rtsd_interfaces/share/rtsd_interfaces/hook/ld_library_path_lib.sh'
[4.289s] Level 1:colcon.colcon_core.environment:checking '/home/rtsd-user/Documents/assignment_3/ros2_nodes/install/rtsd_interfaces/bin'
[4.290s] Level 1:colcon.colcon_core.environment:checking '/home/rtsd-user/Documents/assignment_3/ros2_nodes/install/rtsd_interfaces/lib/pkgconfig/rtsd_interfaces.pc'
[4.290s] Level 1:colcon.colcon_core.environment:checking '/home/rtsd-user/Documents/assignment_3/ros2_nodes/install/rtsd_interfaces/lib/python3.8/site-packages'
[4.290s] Level 1:colcon.colcon_core.shell:create_environment_hook('rtsd_interfaces', 'pythonpath')
[4.291s] INFO:colcon.colcon_core.shell:Creating environment hook '/home/rtsd-user/Documents/assignment_3/ros2_nodes/install/rtsd_interfaces/share/rtsd_interfaces/hook/pythonpath.ps1'
[4.292s] INFO:colcon.colcon_core.shell:Creating environment descriptor '/home/rtsd-user/Documents/assignment_3/ros2_nodes/install/rtsd_interfaces/share/rtsd_interfaces/hook/pythonpath.dsv'
[4.294s] INFO:colcon.colcon_core.shell:Creating environment hook '/home/rtsd-user/Documents/assignment_3/ros2_nodes/install/rtsd_interfaces/share/rtsd_interfaces/hook/pythonpath.sh'
[4.296s] INFO:colcon.colcon_core.shell:Creating package script '/home/rtsd-user/Documents/assignment_3/ros2_nodes/install/rtsd_interfaces/share/rtsd_interfaces/package.ps1'
[4.305s] INFO:colcon.colcon_core.shell:Creating package descriptor '/home/rtsd-user/Documents/assignment_3/ros2_nodes/install/rtsd_interfaces/share/rtsd_interfaces/package.dsv'
[4.306s] INFO:colcon.colcon_core.shell:Creating package script '/home/rtsd-user/Documents/assignment_3/ros2_nodes/install/rtsd_interfaces/share/rtsd_interfaces/package.sh'
[4.311s] INFO:colcon.colcon_core.shell:Creating package script '/home/rtsd-user/Documents/assignment_3/ros2_nodes/install/rtsd_interfaces/share/rtsd_interfaces/package.bash'
[4.312s] INFO:colcon.colcon_core.shell:Creating package script '/home/rtsd-user/Documents/assignment_3/ros2_nodes/install/rtsd_interfaces/share/rtsd_interfaces/package.zsh'
[4.312s] Level 1:colcon.colcon_core.environment:create_file_with_runtime_dependencies(/home/rtsd-user/Documents/assignment_3/ros2_nodes/install/rtsd_interfaces/share/colcon-core/packages/rtsd_interfaces)
[4.315s] INFO:colcon.colcon_ros.task.ament_cmake.build:Building ROS package in '/home/rtsd-user/Documents/assignment_3/ros2_nodes/src/jiwy_simulator' with build type 'ament_cmake'
[4.318s] INFO:colcon.colcon_cmake.task.cmake.build:Building CMake package in '/home/rtsd-user/Documents/assignment_3/ros2_nodes/src/jiwy_simulator'
[4.319s] INFO:colcon.colcon_core.shell:Skip shell extension 'powershell' for command environment: Not usable outside of PowerShell
[4.320s] DEBUG:colcon.colcon_core.shell:Skip shell extension 'dsv' for command environment
[4.326s] DEBUG:colcon.colcon_core.shell:Ignoring prefix path '/opt/ros/galactic'
[4.384s] DEBUG:colcon.colcon_core.event_handler.log_command:Invoking command in '/home/rtsd-user/Documents/assignment_3/ros2_nodes/build/jiwy_simulator': AMENT_PREFIX_PATH=/home/rtsd-user/Documents/assignment_3/ros2_nodes/install/rtsd_interfaces:${AMENT_PREFIX_PATH} CMAKE_PREFIX_PATH=/home/rtsd-user/Documents/assignment_3/ros2_nodes/install/rtsd_interfaces:/opt/ros/galactic LD_LIBRARY_PATH=/home/rtsd-user/Documents/assignment_3/ros2_nodes/install/rtsd_interfaces/lib:${LD_LIBRARY_PATH} PYTHONPATH=/home/rtsd-user/Documents/assignment_3/ros2_nodes/install/rtsd_interfaces/lib/python3.8/site-packages:${PYTHONPATH} /usr/bin/cmake --build /home/rtsd-user/Documents/assignment_3/ros2_nodes/build/jiwy_simulator -- -j1 -l1
[4.998s] DEBUG:colcon.colcon_core.event_handler.log_command:Invoked command in '/home/rtsd-user/Documents/assignment_3/ros2_nodes/build/jiwy_simulator' returned '0': AMENT_PREFIX_PATH=/home/rtsd-user/Documents/assignment_3/ros2_nodes/install/rtsd_interfaces:${AMENT_PREFIX_PATH} CMAKE_PREFIX_PATH=/home/rtsd-user/Documents/assignment_3/ros2_nodes/install/rtsd_interfaces:/opt/ros/galactic LD_LIBRARY_PATH=/home/rtsd-user/Documents/assignment_3/ros2_nodes/install/rtsd_interfaces/lib:${LD_LIBRARY_PATH} PYTHONPATH=/home/rtsd-user/Documents/assignment_3/ros2_nodes/install/rtsd_interfaces/lib/python3.8/site-packages:${PYTHONPATH} /usr/bin/cmake --build /home/rtsd-user/Documents/assignment_3/ros2_nodes/build/jiwy_simulator -- -j1 -l1
[5.250s] DEBUG:colcon.colcon_core.event_handler.log_command:Invoking command in '/home/rtsd-user/Documents/assignment_3/ros2_nodes/build/jiwy_simulator': AMENT_PREFIX_PATH=/home/rtsd-user/Documents/assignment_3/ros2_nodes/install/rtsd_interfaces:${AMENT_PREFIX_PATH} CMAKE_PREFIX_PATH=/home/rtsd-user/Documents/assignment_3/ros2_nodes/install/rtsd_interfaces:/opt/ros/galactic LD_LIBRARY_PATH=/home/rtsd-user/Documents/assignment_3/ros2_nodes/install/rtsd_interfaces/lib:${LD_LIBRARY_PATH} PYTHONPATH=/home/rtsd-user/Documents/assignment_3/ros2_nodes/install/rtsd_interfaces/lib/python3.8/site-packages:${PYTHONPATH} /usr/bin/cmake --install /home/rtsd-user/Documents/assignment_3/ros2_nodes/build/jiwy_simulator
[5.359s] Level 1:colcon.colcon_core.environment:create_environment_scripts_only(jiwy_simulator)
[5.374s] DEBUG:colcon.colcon_core.event_handler.log_command:Invoked command in '/home/rtsd-user/Documents/assignment_3/ros2_nodes/build/jiwy_simulator' returned '0': AMENT_PREFIX_PATH=/home/rtsd-user/Documents/assignment_3/ros2_nodes/install/rtsd_interfaces:${AMENT_PREFIX_PATH} CMAKE_PREFIX_PATH=/home/rtsd-user/Documents/assignment_3/ros2_nodes/install/rtsd_interfaces:/opt/ros/galactic LD_LIBRARY_PATH=/home/rtsd-user/Documents/assignment_3/ros2_nodes/install/rtsd_interfaces/lib:${LD_LIBRARY_PATH} PYTHONPATH=/home/rtsd-user/Documents/assignment_3/ros2_nodes/install/rtsd_interfaces/lib/python3.8/site-packages:${PYTHONPATH} /usr/bin/cmake --install /home/rtsd-user/Documents/assignment_3/ros2_nodes/build/jiwy_simulator
[5.374s] Level 1:colcon.colcon_core.environment:checking '/home/rtsd-user/Documents/assignment_3/ros2_nodes/install/jiwy_simulator' for CMake module files
[5.376s] Level 1:colcon.colcon_core.environment:checking '/home/rtsd-user/Documents/assignment_3/ros2_nodes/install/jiwy_simulator' for CMake config files
[5.376s] Level 1:colcon.colcon_core.shell:create_environment_hook('jiwy_simulator', 'cmake_prefix_path')
[5.378s] INFO:colcon.colcon_core.shell:Creating environment hook '/home/rtsd-user/Documents/assignment_3/ros2_nodes/install/jiwy_simulator/share/jiwy_simulator/hook/cmake_prefix_path.ps1'
[5.390s] INFO:colcon.colcon_core.shell:Creating environment descriptor '/home/rtsd-user/Documents/assignment_3/ros2_nodes/install/jiwy_simulator/share/jiwy_simulator/hook/cmake_prefix_path.dsv'
[5.394s] INFO:colcon.colcon_core.shell:Creating environment hook '/home/rtsd-user/Documents/assignment_3/ros2_nodes/install/jiwy_simulator/share/jiwy_simulator/hook/cmake_prefix_path.sh'
[5.399s] Level 1:colcon.colcon_core.environment:checking '/home/rtsd-user/Documents/assignment_3/ros2_nodes/install/jiwy_simulator/lib'
[5.400s] Level 1:colcon.colcon_core.environment:checking '/home/rtsd-user/Documents/assignment_3/ros2_nodes/install/jiwy_simulator/bin'
[5.400s] Level 1:colcon.colcon_core.environment:checking '/home/rtsd-user/Documents/assignment_3/ros2_nodes/install/jiwy_simulator/lib/pkgconfig/jiwy_simulator.pc'
[5.400s] Level 1:colcon.colcon_core.environment:checking '/home/rtsd-user/Documents/assignment_3/ros2_nodes/install/jiwy_simulator/lib/python3.8/site-packages'
[5.407s] INFO:colcon.colcon_core.shell:Creating package script '/home/rtsd-user/Documents/assignment_3/ros2_nodes/install/jiwy_simulator/share/jiwy_simulator/package.ps1'
[5.410s] INFO:colcon.colcon_core.shell:Creating package descriptor '/home/rtsd-user/Documents/assignment_3/ros2_nodes/install/jiwy_simulator/share/jiwy_simulator/package.dsv'
[5.426s] INFO:colcon.colcon_core.shell:Creating package script '/home/rtsd-user/Documents/assignment_3/ros2_nodes/install/jiwy_simulator/share/jiwy_simulator/package.sh'
[5.429s] INFO:colcon.colcon_core.shell:Creating package script '/home/rtsd-user/Documents/assignment_3/ros2_nodes/install/jiwy_simulator/share/jiwy_simulator/package.bash'
[5.434s] INFO:colcon.colcon_core.shell:Creating package script '/home/rtsd-user/Documents/assignment_3/ros2_nodes/install/jiwy_simulator/share/jiwy_simulator/package.zsh'
[5.438s] Level 1:colcon.colcon_core.environment:create_file_with_runtime_dependencies(/home/rtsd-user/Documents/assignment_3/ros2_nodes/install/jiwy_simulator/share/colcon-core/packages/jiwy_simulator)
[5.570s] Level 1:colcon.colcon_core.environment:create_environment_scripts_only(jiwy_simulator)
[5.576s] Level 1:colcon.colcon_core.environment:checking '/home/rtsd-user/Documents/assignment_3/ros2_nodes/install/jiwy_simulator' for CMake module files
[5.577s] Level 1:colcon.colcon_core.environment:checking '/home/rtsd-user/Documents/assignment_3/ros2_nodes/install/jiwy_simulator' for CMake config files
[5.587s] Level 1:colcon.colcon_core.shell:create_environment_hook('jiwy_simulator', 'cmake_prefix_path')
[5.589s] INFO:colcon.colcon_core.shell:Creating environment hook '/home/rtsd-user/Documents/assignment_3/ros2_nodes/install/jiwy_simulator/share/jiwy_simulator/hook/cmake_prefix_path.ps1'
[5.592s] INFO:colcon.colcon_core.shell:Creating environment descriptor '/home/rtsd-user/Documents/assignment_3/ros2_nodes/install/jiwy_simulator/share/jiwy_simulator/hook/cmake_prefix_path.dsv'
[5.594s] INFO:colcon.colcon_core.shell:Creating environment hook '/home/rtsd-user/Documents/assignment_3/ros2_nodes/install/jiwy_simulator/share/jiwy_simulator/hook/cmake_prefix_path.sh'
[5.598s] Level 1:colcon.colcon_core.environment:checking '/home/rtsd-user/Documents/assignment_3/ros2_nodes/install/jiwy_simulator/lib'
[5.598s] Level 1:colcon.colcon_core.environment:checking '/home/rtsd-user/Documents/assignment_3/ros2_nodes/install/jiwy_simulator/bin'
[5.598s] Level 1:colcon.colcon_core.environment:checking '/home/rtsd-user/Documents/assignment_3/ros2_nodes/install/jiwy_simulator/lib/pkgconfig/jiwy_simulator.pc'
[5.598s] Level 1:colcon.colcon_core.environment:checking '/home/rtsd-user/Documents/assignment_3/ros2_nodes/install/jiwy_simulator/lib/python3.8/site-packages'
[5.600s] INFO:colcon.colcon_core.shell:Creating package script '/home/rtsd-user/Documents/assignment_3/ros2_nodes/install/jiwy_simulator/share/jiwy_simulator/package.ps1'
[5.604s] INFO:colcon.colcon_core.shell:Creating package descriptor '/home/rtsd-user/Documents/assignment_3/ros2_nodes/install/jiwy_simulator/share/jiwy_simulator/package.dsv'
[5.605s] INFO:colcon.colcon_core.shell:Creating package script '/home/rtsd-user/Documents/assignment_3/ros2_nodes/install/jiwy_simulator/share/jiwy_simulator/package.sh'
[5.608s] INFO:colcon.colcon_core.shell:Creating package script '/home/rtsd-user/Documents/assignment_3/ros2_nodes/install/jiwy_simulator/share/jiwy_simulator/package.bash'
[5.609s] INFO:colcon.colcon_core.shell:Creating package script '/home/rtsd-user/Documents/assignment_3/ros2_nodes/install/jiwy_simulator/share/jiwy_simulator/package.zsh'
[5.613s] Level 1:colcon.colcon_core.environment:create_file_with_runtime_dependencies(/home/rtsd-user/Documents/assignment_3/ros2_nodes/install/jiwy_simulator/share/colcon-core/packages/jiwy_simulator)
[5.618s] INFO:colcon.colcon_ros.task.ament_cmake.build:Building ROS package in '/home/rtsd-user/Documents/assignment_3/ros2_nodes/src/light_detection_3' with build type 'ament_cmake'
[5.619s] INFO:colcon.colcon_cmake.task.cmake.build:Building CMake package in '/home/rtsd-user/Documents/assignment_3/ros2_nodes/src/light_detection_3'
[5.620s] INFO:colcon.colcon_core.shell:Skip shell extension 'powershell' for command environment: Not usable outside of PowerShell
[5.621s] DEBUG:colcon.colcon_core.shell:Skip shell extension 'dsv' for command environment
[5.643s] DEBUG:colcon.colcon_core.shell:Ignoring prefix path '/opt/ros/galactic'
[5.716s] DEBUG:colcon.colcon_core.event_handler.log_command:Invoking command in '/home/rtsd-user/Documents/assignment_3/ros2_nodes/build/light_detection_3': AMENT_PREFIX_PATH=/home/rtsd-user/Documents/assignment_3/ros2_nodes/install/rtsd_interfaces:${AMENT_PREFIX_PATH} CMAKE_PREFIX_PATH=/home/rtsd-user/Documents/assignment_3/ros2_nodes/install/rtsd_interfaces:/opt/ros/galactic LD_LIBRARY_PATH=/home/rtsd-user/Documents/assignment_3/ros2_nodes/install/rtsd_interfaces/lib:${LD_LIBRARY_PATH} PYTHONPATH=/home/rtsd-user/Documents/assignment_3/ros2_nodes/install/rtsd_interfaces/lib/python3.8/site-packages:${PYTHONPATH} /usr/bin/cmake --build /home/rtsd-user/Documents/assignment_3/ros2_nodes/build/light_detection_3 -- -j1 -l1
[39.124s] DEBUG:colcon.colcon_core.event_handler.log_command:Invoked command in '/home/rtsd-user/Documents/assignment_3/ros2_nodes/build/light_detection_3' returned '0': AMENT_PREFIX_PATH=/home/rtsd-user/Documents/assignment_3/ros2_nodes/install/rtsd_interfaces:${AMENT_PREFIX_PATH} CMAKE_PREFIX_PATH=/home/rtsd-user/Documents/assignment_3/ros2_nodes/install/rtsd_interfaces:/opt/ros/galactic LD_LIBRARY_PATH=/home/rtsd-user/Documents/assignment_3/ros2_nodes/install/rtsd_interfaces/lib:${LD_LIBRARY_PATH} PYTHONPATH=/home/rtsd-user/Documents/assignment_3/ros2_nodes/install/rtsd_interfaces/lib/python3.8/site-packages:${PYTHONPATH} /usr/bin/cmake --build /home/rtsd-user/Documents/assignment_3/ros2_nodes/build/light_detection_3 -- -j1 -l1
[39.303s] DEBUG:colcon.colcon_core.event_handler.log_command:Invoking command in '/home/rtsd-user/Documents/assignment_3/ros2_nodes/build/light_detection_3': AMENT_PREFIX_PATH=/home/rtsd-user/Documents/assignment_3/ros2_nodes/install/rtsd_interfaces:${AMENT_PREFIX_PATH} CMAKE_PREFIX_PATH=/home/rtsd-user/Documents/assignment_3/ros2_nodes/install/rtsd_interfaces:/opt/ros/galactic LD_LIBRARY_PATH=/home/rtsd-user/Documents/assignment_3/ros2_nodes/install/rtsd_interfaces/lib:${LD_LIBRARY_PATH} PYTHONPATH=/home/rtsd-user/Documents/assignment_3/ros2_nodes/install/rtsd_interfaces/lib/python3.8/site-packages:${PYTHONPATH} /usr/bin/cmake --install /home/rtsd-user/Documents/assignment_3/ros2_nodes/build/light_detection_3
[39.429s] Level 1:colcon.colcon_core.environment:create_environment_scripts_only(light_detection_3)
[39.430s] DEBUG:colcon.colcon_core.event_handler.log_command:Invoked command in '/home/rtsd-user/Documents/assignment_3/ros2_nodes/build/light_detection_3' returned '0': AMENT_PREFIX_PATH=/home/rtsd-user/Documents/assignment_3/ros2_nodes/install/rtsd_interfaces:${AMENT_PREFIX_PATH} CMAKE_PREFIX_PATH=/home/rtsd-user/Documents/assignment_3/ros2_nodes/install/rtsd_interfaces:/opt/ros/galactic LD_LIBRARY_PATH=/home/rtsd-user/Documents/assignment_3/ros2_nodes/install/rtsd_interfaces/lib:${LD_LIBRARY_PATH} PYTHONPATH=/home/rtsd-user/Documents/assignment_3/ros2_nodes/install/rtsd_interfaces/lib/python3.8/site-packages:${PYTHONPATH} /usr/bin/cmake --install /home/rtsd-user/Documents/assignment_3/ros2_nodes/build/light_detection_3
[39.510s] Level 1:colcon.colcon_core.environment:checking '/home/rtsd-user/Documents/assignment_3/ros2_nodes/install/light_detection_3' for CMake module files
[39.512s] Level 1:colcon.colcon_core.environment:checking '/home/rtsd-user/Documents/assignment_3/ros2_nodes/install/light_detection_3' for CMake config files
[39.512s] Level 1:colcon.colcon_core.shell:create_environment_hook('light_detection_3', 'cmake_prefix_path')
[39.514s] INFO:colcon.colcon_core.shell:Creating environment hook '/home/rtsd-user/Documents/assignment_3/ros2_nodes/install/light_detection_3/share/light_detection_3/hook/cmake_prefix_path.ps1'
[39.532s] INFO:colcon.colcon_core.shell:Creating environment descriptor '/home/rtsd-user/Documents/assignment_3/ros2_nodes/install/light_detection_3/share/light_detection_3/hook/cmake_prefix_path.dsv'
[39.532s] INFO:colcon.colcon_core.shell:Creating environment hook '/home/rtsd-user/Documents/assignment_3/ros2_nodes/install/light_detection_3/share/light_detection_3/hook/cmake_prefix_path.sh'
[39.533s] Level 1:colcon.colcon_core.environment:checking '/home/rtsd-user/Documents/assignment_3/ros2_nodes/install/light_detection_3/lib'
[39.533s] Level 1:colcon.colcon_core.environment:checking '/home/rtsd-user/Documents/assignment_3/ros2_nodes/install/light_detection_3/bin'
[39.533s] Level 1:colcon.colcon_core.environment:checking '/home/rtsd-user/Documents/assignment_3/ros2_nodes/install/light_detection_3/lib/pkgconfig/light_detection_3.pc'
[39.533s] Level 1:colcon.colcon_core.environment:checking '/home/rtsd-user/Documents/assignment_3/ros2_nodes/install/light_detection_3/lib/python3.8/site-packages'
[39.543s] INFO:colcon.colcon_core.shell:Creating package script '/home/rtsd-user/Documents/assignment_3/ros2_nodes/install/light_detection_3/share/light_detection_3/package.ps1'
[39.549s] INFO:colcon.colcon_core.shell:Creating package descriptor '/home/rtsd-user/Documents/assignment_3/ros2_nodes/install/light_detection_3/share/light_detection_3/package.dsv'
[39.561s] INFO:colcon.colcon_core.shell:Creating package script '/home/rtsd-user/Documents/assignment_3/ros2_nodes/install/light_detection_3/share/light_detection_3/package.sh'
[39.566s] INFO:colcon.colcon_core.shell:Creating package script '/home/rtsd-user/Documents/assignment_3/ros2_nodes/install/light_detection_3/share/light_detection_3/package.bash'
[39.570s] INFO:colcon.colcon_core.shell:Creating package script '/home/rtsd-user/Documents/assignment_3/ros2_nodes/install/light_detection_3/share/light_detection_3/package.zsh'
[39.574s] Level 1:colcon.colcon_core.environment:create_file_with_runtime_dependencies(/home/rtsd-user/Documents/assignment_3/ros2_nodes/install/light_detection_3/share/colcon-core/packages/light_detection_3)
[39.736s] Level 1:colcon.colcon_core.environment:create_environment_scripts_only(light_detection_3)
[39.742s] Level 1:colcon.colcon_core.environment:checking '/home/rtsd-user/Documents/assignment_3/ros2_nodes/install/light_detection_3' for CMake module files
[39.744s] Level 1:colcon.colcon_core.environment:checking '/home/rtsd-user/Documents/assignment_3/ros2_nodes/install/light_detection_3' for CMake config files
[39.744s] Level 1:colcon.colcon_core.shell:create_environment_hook('light_detection_3', 'cmake_prefix_path')
[39.746s] INFO:colcon.colcon_core.shell:Creating environment hook '/home/rtsd-user/Documents/assignment_3/ros2_nodes/install/light_detection_3/share/light_detection_3/hook/cmake_prefix_path.ps1'
[39.755s] INFO:colcon.colcon_core.shell:Creating environment descriptor '/home/rtsd-user/Documents/assignment_3/ros2_nodes/install/light_detection_3/share/light_detection_3/hook/cmake_prefix_path.dsv'
[39.758s] INFO:colcon.colcon_core.shell:Creating environment hook '/home/rtsd-user/Documents/assignment_3/ros2_nodes/install/light_detection_3/share/light_detection_3/hook/cmake_prefix_path.sh'
[39.766s] Level 1:colcon.colcon_core.environment:checking '/home/rtsd-user/Documents/assignment_3/ros2_nodes/install/light_detection_3/lib'
[39.766s] Level 1:colcon.colcon_core.environment:checking '/home/rtsd-user/Documents/assignment_3/ros2_nodes/install/light_detection_3/bin'
[39.767s] Level 1:colcon.colcon_core.environment:checking '/home/rtsd-user/Documents/assignment_3/ros2_nodes/install/light_detection_3/lib/pkgconfig/light_detection_3.pc'
[39.767s] Level 1:colcon.colcon_core.environment:checking '/home/rtsd-user/Documents/assignment_3/ros2_nodes/install/light_detection_3/lib/python3.8/site-packages'
[39.768s] INFO:colcon.colcon_core.shell:Creating package script '/home/rtsd-user/Documents/assignment_3/ros2_nodes/install/light_detection_3/share/light_detection_3/package.ps1'
[39.778s] INFO:colcon.colcon_core.shell:Creating package descriptor '/home/rtsd-user/Documents/assignment_3/ros2_nodes/install/light_detection_3/share/light_detection_3/package.dsv'
[39.782s] INFO:colcon.colcon_core.shell:Creating package script '/home/rtsd-user/Documents/assignment_3/ros2_nodes/install/light_detection_3/share/light_detection_3/package.sh'
[39.786s] INFO:colcon.colcon_core.shell:Creating package script '/home/rtsd-user/Documents/assignment_3/ros2_nodes/install/light_detection_3/share/light_detection_3/package.bash'
[39.789s] INFO:colcon.colcon_core.shell:Creating package script '/home/rtsd-user/Documents/assignment_3/ros2_nodes/install/light_detection_3/share/light_detection_3/package.zsh'
[39.793s] Level 1:colcon.colcon_core.environment:create_file_with_runtime_dependencies(/home/rtsd-user/Documents/assignment_3/ros2_nodes/install/light_detection_3/share/colcon-core/packages/light_detection_3)
[39.803s] DEBUG:colcon.colcon_parallel_executor.executor.parallel:closing loop
[39.805s] DEBUG:colcon.colcon_parallel_executor.executor.parallel:loop closed
[39.806s] DEBUG:colcon.colcon_parallel_executor.executor.parallel:run_until_complete finished with '0'
[39.806s] DEBUG:colcon.colcon_core.event_reactor:joining thread
[39.874s] INFO:colcon.colcon_core.plugin_system:Skipping extension 'colcon_notification.desktop_notification.terminal_notifier': Not used on non-Darwin systems
[39.875s] INFO:colcon.colcon_core.plugin_system:Skipping extension 'colcon_notification.desktop_notification.win32': Not used on non-Windows systems
[39.875s] INFO:colcon.colcon_notification.desktop_notification:Sending desktop notification using 'notify2'
[39.994s] DEBUG:colcon.colcon_core.event_reactor:joined thread
[39.996s] INFO:colcon.colcon_core.shell:Creating prefix script '/home/rtsd-user/Documents/assignment_3/ros2_nodes/install/local_setup.ps1'
[40.002s] INFO:colcon.colcon_core.shell:Creating prefix util module '/home/rtsd-user/Documents/assignment_3/ros2_nodes/install/_local_setup_util_ps1.py'
[40.005s] INFO:colcon.colcon_core.shell:Creating prefix chain script '/home/rtsd-user/Documents/assignment_3/ros2_nodes/install/setup.ps1'
[40.058s] INFO:colcon.colcon_core.shell:Creating prefix script '/home/rtsd-user/Documents/assignment_3/ros2_nodes/install/local_setup.sh'
[40.062s] INFO:colcon.colcon_core.shell:Creating prefix util module '/home/rtsd-user/Documents/assignment_3/ros2_nodes/install/_local_setup_util_sh.py'
[40.066s] INFO:colcon.colcon_core.shell:Creating prefix chain script '/home/rtsd-user/Documents/assignment_3/ros2_nodes/install/setup.sh'
[40.098s] INFO:colcon.colcon_core.shell:Creating prefix script '/home/rtsd-user/Documents/assignment_3/ros2_nodes/install/local_setup.bash'
[40.100s] INFO:colcon.colcon_core.shell:Creating prefix chain script '/home/rtsd-user/Documents/assignment_3/ros2_nodes/install/setup.bash'
[40.137s] INFO:colcon.colcon_core.shell:Creating prefix script '/home/rtsd-user/Documents/assignment_3/ros2_nodes/install/local_setup.zsh'
[40.141s] INFO:colcon.colcon_core.shell:Creating prefix chain script '/home/rtsd-user/Documents/assignment_3/ros2_nodes/install/setup.zsh'
